<?xml version="1.0" encoding="UTF-8"?>
<coverage generated="1741851651518" clover="3.2.0">
  <project timestamp="1741851651519" name="All files">
    <metrics statements="2171" coveredstatements="52" conditionals="1021" coveredconditionals="18" methods="247" coveredmethods="8" elements="3439" coveredelements="78" complexity="0" loc="2171" ncloc="2171" packages="1" files="14" classes="14"/>
    <file name="cli.js" path="C:\Users\Chris\cFish.io\ucfish-scraper\src\cli.js">
      <metrics statements="166" coveredstatements="0" conditionals="26" coveredconditionals="0" methods="8" coveredmethods="0"/>
      <line num="13" count="0" type="stmt"/>
      <line num="14" count="0" type="stmt"/>
      <line num="15" count="0" type="stmt"/>
      <line num="16" count="0" type="stmt"/>
      <line num="17" count="0" type="stmt"/>
      <line num="18" count="0" type="stmt"/>
      <line num="19" count="0" type="stmt"/>
      <line num="22" count="0" type="stmt"/>
      <line num="25" count="0" type="stmt"/>
      <line num="28" count="0" type="stmt"/>
      <line num="34" count="0" type="stmt"/>
      <line num="46" count="0" type="stmt"/>
      <line num="47" count="0" type="stmt"/>
      <line num="48" count="0" type="stmt"/>
      <line num="49" count="0" type="stmt"/>
      <line num="50" count="0" type="stmt"/>
      <line num="51" count="0" type="stmt"/>
      <line num="52" count="0" type="stmt"/>
      <line num="53" count="0" type="stmt"/>
      <line num="54" count="0" type="stmt"/>
      <line num="55" count="0" type="stmt"/>
      <line num="56" count="0" type="stmt"/>
      <line num="57" count="0" type="stmt"/>
      <line num="60" count="0" type="stmt"/>
      <line num="72" count="0" type="stmt"/>
      <line num="77" count="0" type="stmt"/>
      <line num="78" count="0" type="stmt"/>
      <line num="79" count="0" type="stmt"/>
      <line num="80" count="0" type="stmt"/>
      <line num="81" count="0" type="stmt"/>
      <line num="82" count="0" type="stmt"/>
      <line num="83" count="0" type="stmt"/>
      <line num="84" count="0" type="stmt"/>
      <line num="85" count="0" type="stmt"/>
      <line num="86" count="0" type="stmt"/>
      <line num="89" count="0" type="stmt"/>
      <line num="90" count="0" type="stmt"/>
      <line num="95" count="0" type="stmt"/>
      <line num="101" count="0" type="stmt"/>
      <line num="102" count="0" type="stmt"/>
      <line num="103" count="0" type="stmt"/>
      <line num="104" count="0" type="stmt"/>
      <line num="105" count="0" type="stmt"/>
      <line num="106" count="0" type="stmt"/>
      <line num="109" count="0" type="stmt"/>
      <line num="115" count="0" type="stmt"/>
      <line num="117" count="0" type="stmt"/>
      <line num="118" count="0" type="stmt"/>
      <line num="119" count="0" type="stmt"/>
      <line num="120" count="0" type="stmt"/>
      <line num="121" count="0" type="stmt"/>
      <line num="122" count="0" type="stmt"/>
      <line num="123" count="0" type="stmt"/>
      <line num="124" count="0" type="stmt"/>
      <line num="125" count="0" type="stmt"/>
      <line num="128" count="0" type="stmt"/>
      <line num="129" count="0" type="stmt"/>
      <line num="134" count="0" type="stmt"/>
      <line num="140" count="0" type="stmt"/>
      <line num="141" count="0" type="stmt"/>
      <line num="142" count="0" type="stmt"/>
      <line num="143" count="0" type="stmt"/>
      <line num="144" count="0" type="stmt"/>
      <line num="145" count="0" type="stmt"/>
      <line num="148" count="0" type="stmt"/>
      <line num="149" count="0" type="stmt"/>
      <line num="152" count="0" type="stmt"/>
      <line num="155" count="0" type="stmt"/>
      <line num="157" count="0" type="stmt"/>
      <line num="158" count="0" type="stmt"/>
      <line num="159" count="0" type="stmt"/>
      <line num="160" count="0" type="stmt"/>
      <line num="163" count="0" type="stmt"/>
      <line num="164" count="0" type="stmt"/>
      <line num="169" count="0" type="stmt"/>
      <line num="176" count="0" type="stmt"/>
      <line num="177" count="0" type="stmt"/>
      <line num="178" count="0" type="stmt"/>
      <line num="179" count="0" type="stmt"/>
      <line num="180" count="0" type="stmt"/>
      <line num="181" count="0" type="stmt"/>
      <line num="182" count="0" type="stmt"/>
      <line num="185" count="0" type="stmt"/>
      <line num="192" count="0" type="stmt"/>
      <line num="194" count="0" type="stmt"/>
      <line num="195" count="0" type="stmt"/>
      <line num="196" count="0" type="stmt"/>
      <line num="197" count="0" type="stmt"/>
      <line num="198" count="0" type="stmt"/>
      <line num="201" count="0" type="stmt"/>
      <line num="202" count="0" type="stmt"/>
      <line num="207" count="0" type="stmt"/>
      <line num="212" count="0" type="stmt"/>
      <line num="213" count="0" type="stmt"/>
      <line num="214" count="0" type="stmt"/>
      <line num="215" count="0" type="stmt"/>
      <line num="218" count="0" type="stmt"/>
      <line num="219" count="0" type="cond" truecount="0" falsecount="2"/>
      <line num="220" count="0" type="stmt"/>
      <line num="221" count="0" type="stmt"/>
      <line num="225" count="0" type="stmt"/>
      <line num="226" count="0" type="stmt"/>
      <line num="227" count="0" type="stmt"/>
      <line num="228" count="0" type="stmt"/>
      <line num="229" count="0" type="stmt"/>
      <line num="230" count="0" type="stmt"/>
      <line num="231" count="0" type="stmt"/>
      <line num="234" count="0" type="stmt"/>
      <line num="240" count="0" type="stmt"/>
      <line num="244" count="0" type="stmt"/>
      <line num="245" count="0" type="stmt"/>
      <line num="246" count="0" type="stmt"/>
      <line num="247" count="0" type="stmt"/>
      <line num="248" count="0" type="stmt"/>
      <line num="249" count="0" type="stmt"/>
      <line num="250" count="0" type="stmt"/>
      <line num="251" count="0" type="stmt"/>
      <line num="252" count="0" type="stmt"/>
      <line num="253" count="0" type="stmt"/>
      <line num="256" count="0" type="stmt"/>
      <line num="257" count="0" type="stmt"/>
      <line num="268" count="0" type="stmt"/>
      <line num="271" count="0" type="stmt"/>
      <line num="273" count="0" type="stmt"/>
      <line num="274" count="0" type="stmt"/>
      <line num="276" count="0" type="cond" truecount="0" falsecount="2"/>
      <line num="277" count="0" type="stmt"/>
      <line num="278" count="0" type="cond" truecount="0" falsecount="4"/>
      <line num="279" count="0" type="stmt"/>
      <line num="284" count="0" type="stmt"/>
      <line num="285" count="0" type="stmt"/>
      <line num="296" count="0" type="stmt"/>
      <line num="297" count="0" type="stmt"/>
      <line num="298" count="0" type="stmt"/>
      <line num="301" count="0" type="stmt"/>
      <line num="304" count="0" type="stmt"/>
      <line num="306" count="0" type="stmt"/>
      <line num="307" count="0" type="stmt"/>
      <line num="308" count="0" type="stmt"/>
      <line num="310" count="0" type="cond" truecount="0" falsecount="2"/>
      <line num="311" count="0" type="stmt"/>
      <line num="314" count="0" type="stmt"/>
      <line num="321" count="0" type="stmt"/>
      <line num="323" count="0" type="stmt"/>
      <line num="324" count="0" type="cond" truecount="0" falsecount="2"/>
      <line num="325" count="0" type="stmt"/>
      <line num="326" count="0" type="stmt"/>
      <line num="329" count="0" type="stmt"/>
      <line num="332" count="0" type="stmt"/>
      <line num="333" count="0" type="cond" truecount="0" falsecount="2"/>
      <line num="334" count="0" type="stmt"/>
      <line num="336" count="0" type="stmt"/>
      <line num="339" count="0" type="stmt"/>
      <line num="340" count="0" type="stmt"/>
      <line num="342" count="0" type="stmt"/>
      <line num="343" count="0" type="stmt"/>
      <line num="345" count="0" type="stmt"/>
      <line num="346" count="0" type="cond" truecount="0" falsecount="2"/>
      <line num="347" count="0" type="cond" truecount="0" falsecount="2"/>
      <line num="349" count="0" type="stmt"/>
      <line num="351" count="0" type="stmt"/>
      <line num="355" count="0" type="stmt"/>
      <line num="358" count="0" type="stmt"/>
      <line num="362" count="0" type="stmt"/>
      <line num="365" count="0" type="cond" truecount="0" falsecount="2"/>
      <line num="366" count="0" type="stmt"/>
    </file>
    <file name="contentExtractor.js" path="C:\Users\Chris\cFish.io\ucfish-scraper\src\contentExtractor.js">
      <metrics statements="236" coveredstatements="0" conditionals="135" coveredconditionals="0" methods="19" coveredmethods="0"/>
      <line num="11" count="0" type="stmt"/>
      <line num="12" count="0" type="stmt"/>
      <line num="13" count="0" type="stmt"/>
      <line num="14" count="0" type="stmt"/>
      <line num="15" count="0" type="stmt"/>
      <line num="16" count="0" type="stmt"/>
      <line num="17" count="0" type="stmt"/>
      <line num="18" count="0" type="stmt"/>
      <line num="19" count="0" type="stmt"/>
      <line num="20" count="0" type="stmt"/>
      <line num="23" count="0" type="stmt"/>
      <line num="27" count="0" type="cond" truecount="0" falsecount="2"/>
      <line num="28" count="0" type="cond" truecount="0" falsecount="2"/>
      <line num="29" count="0" type="cond" truecount="0" falsecount="2"/>
      <line num="30" count="0" type="cond" truecount="0" falsecount="2"/>
      <line num="31" count="0" type="stmt"/>
      <line num="32" count="0" type="stmt"/>
      <line num="33" count="0" type="stmt"/>
      <line num="34" count="0" type="stmt"/>
      <line num="35" count="0" type="stmt"/>
      <line num="36" count="0" type="stmt"/>
      <line num="37" count="0" type="stmt"/>
      <line num="40" count="0" type="stmt"/>
      <line num="52" count="0" type="cond" truecount="0" falsecount="2"/>
      <line num="53" count="0" type="stmt"/>
      <line num="56" count="0" type="stmt"/>
      <line num="57" count="0" type="stmt"/>
      <line num="58" count="0" type="stmt"/>
      <line num="65" count="0" type="stmt"/>
      <line num="66" count="0" type="cond" truecount="0" falsecount="2"/>
      <line num="67" count="0" type="stmt"/>
      <line num="68" count="0" type="stmt"/>
      <line num="69" count="0" type="stmt"/>
      <line num="71" count="0" type="stmt"/>
      <line num="74" count="0" type="stmt"/>
      <line num="75" count="0" type="stmt"/>
      <line num="86" count="0" type="stmt"/>
      <line num="88" count="0" type="stmt"/>
      <line num="89" count="0" type="cond" truecount="0" falsecount="2"/>
      <line num="90" count="0" type="stmt"/>
      <line num="93" count="0" type="stmt"/>
      <line num="94" count="0" type="stmt"/>
      <line num="95" count="0" type="stmt"/>
      <line num="98" count="0" type="cond" truecount="0" falsecount="4"/>
      <line num="99" count="0" type="stmt"/>
      <line num="103" count="0" type="cond" truecount="0" falsecount="2"/>
      <line num="104" count="0" type="stmt"/>
      <line num="105" count="0" type="cond" truecount="0" falsecount="2"/>
      <line num="106" count="0" type="stmt"/>
      <line num="107" count="0" type="stmt"/>
      <line num="112" count="0" type="stmt"/>
      <line num="114" count="0" type="stmt"/>
      <line num="115" count="0" type="stmt"/>
      <line num="127" count="0" type="cond" truecount="0" falsecount="4"/>
      <line num="128" count="0" type="stmt"/>
      <line num="131" count="0" type="stmt"/>
      <line num="132" count="0" type="cond" truecount="0" falsecount="2"/>
      <line num="133" count="0" type="stmt"/>
      <line num="140" count="0" type="stmt"/>
      <line num="147" count="0" type="stmt"/>
      <line num="150" count="0" type="stmt"/>
      <line num="160" count="0" type="cond" truecount="0" falsecount="2"/>
      <line num="161" count="0" type="stmt"/>
      <line num="173" count="0" type="stmt"/>
      <line num="176" count="0" type="stmt"/>
      <line num="177" count="0" type="stmt"/>
      <line num="180" count="0" type="stmt"/>
      <line num="181" count="0" type="stmt"/>
      <line num="182" count="0" type="stmt"/>
      <line num="184" count="0" type="stmt"/>
      <line num="185" count="0" type="stmt"/>
      <line num="187" count="0" type="stmt"/>
      <line num="188" count="0" type="cond" truecount="0" falsecount="2"/>
      <line num="191" count="0" type="cond" truecount="0" falsecount="4"/>
      <line num="193" count="0" type="cond" truecount="0" falsecount="2"/>
      <line num="196" count="0" type="stmt"/>
      <line num="199" count="0" type="cond" truecount="0" falsecount="2"/>
      <line num="200" count="0" type="stmt"/>
      <line num="201" count="0" type="stmt"/>
      <line num="204" count="0" type="stmt"/>
      <line num="205" count="0" type="cond" truecount="0" falsecount="2"/>
      <line num="206" count="0" type="stmt"/>
      <line num="207" count="0" type="stmt"/>
      <line num="210" count="0" type="stmt"/>
      <line num="211" count="0" type="stmt"/>
      <line num="216" count="0" type="stmt"/>
      <line num="219" count="0" type="stmt"/>
      <line num="223" count="0" type="stmt"/>
      <line num="233" count="0" type="stmt"/>
      <line num="235" count="0" type="stmt"/>
      <line num="237" count="0" type="stmt"/>
      <line num="238" count="0" type="stmt"/>
      <line num="239" count="0" type="stmt"/>
      <line num="242" count="0" type="stmt"/>
      <line num="243" count="0" type="stmt"/>
      <line num="244" count="0" type="stmt"/>
      <line num="245" count="0" type="stmt"/>
      <line num="246" count="0" type="stmt"/>
      <line num="248" count="0" type="stmt"/>
      <line num="253" count="0" type="stmt"/>
      <line num="254" count="0" type="cond" truecount="0" falsecount="2"/>
      <line num="255" count="0" type="stmt"/>
      <line num="256" count="0" type="cond" truecount="0" falsecount="2"/>
      <line num="257" count="0" type="stmt"/>
      <line num="258" count="0" type="cond" truecount="0" falsecount="2"/>
      <line num="259" count="0" type="stmt"/>
      <line num="260" count="0" type="cond" truecount="0" falsecount="2"/>
      <line num="261" count="0" type="stmt"/>
      <line num="262" count="0" type="cond" truecount="0" falsecount="2"/>
      <line num="263" count="0" type="stmt"/>
      <line num="264" count="0" type="cond" truecount="0" falsecount="2"/>
      <line num="265" count="0" type="stmt"/>
      <line num="266" count="0" type="cond" truecount="0" falsecount="2"/>
      <line num="267" count="0" type="stmt"/>
      <line num="272" count="0" type="stmt"/>
      <line num="273" count="0" type="stmt"/>
      <line num="274" count="0" type="stmt"/>
      <line num="275" count="0" type="stmt"/>
      <line num="277" count="0" type="stmt"/>
      <line num="279" count="0" type="stmt"/>
      <line num="282" count="0" type="cond" truecount="0" falsecount="2"/>
      <line num="283" count="0" type="stmt"/>
      <line num="287" count="0" type="stmt"/>
      <line num="290" count="0" type="stmt"/>
      <line num="300" count="0" type="cond" truecount="0" falsecount="2"/>
      <line num="301" count="0" type="stmt"/>
      <line num="304" count="0" type="stmt"/>
      <line num="306" count="0" type="stmt"/>
      <line num="307" count="0" type="stmt"/>
      <line num="309" count="0" type="stmt"/>
      <line num="311" count="0" type="stmt"/>
      <line num="314" count="0" type="stmt"/>
      <line num="317" count="0" type="stmt"/>
      <line num="320" count="0" type="stmt"/>
      <line num="323" count="0" type="stmt"/>
      <line num="326" count="0" type="stmt"/>
      <line num="329" count="0" type="stmt"/>
      <line num="330" count="0" type="stmt"/>
      <line num="331" count="0" type="stmt"/>
      <line num="333" count="0" type="cond" truecount="0" falsecount="2"/>
      <line num="335" count="0" type="stmt"/>
      <line num="350" count="0" type="cond" truecount="0" falsecount="2"/>
      <line num="351" count="0" type="stmt"/>
      <line num="352" count="0" type="stmt"/>
      <line num="355" count="0" type="stmt"/>
      <line num="356" count="0" type="stmt"/>
      <line num="358" count="0" type="stmt"/>
      <line num="360" count="0" type="stmt"/>
      <line num="363" count="0" type="stmt"/>
      <line num="365" count="0" type="stmt"/>
      <line num="368" count="0" type="stmt"/>
      <line num="377" count="0" type="stmt"/>
      <line num="379" count="0" type="stmt"/>
      <line num="388" count="0" type="stmt"/>
      <line num="389" count="0" type="stmt"/>
      <line num="390" count="0" type="stmt"/>
      <line num="391" count="0" type="cond" truecount="0" falsecount="2"/>
      <line num="392" count="0" type="stmt"/>
      <line num="393" count="0" type="stmt"/>
      <line num="395" count="0" type="stmt"/>
      <line num="402" count="0" type="stmt"/>
      <line num="414" count="0" type="cond" truecount="0" falsecount="2"/>
      <line num="415" count="0" type="stmt"/>
      <line num="418" count="0" type="stmt"/>
      <line num="419" count="0" type="stmt"/>
      <line num="420" count="0" type="stmt"/>
      <line num="423" count="0" type="cond" truecount="0" falsecount="4"/>
      <line num="424" count="0" type="stmt"/>
      <line num="435" count="0" type="cond" truecount="0" falsecount="4"/>
      <line num="436" count="0" type="stmt"/>
      <line num="441" count="0" type="cond" truecount="0" falsecount="2"/>
      <line num="442" count="0" type="stmt"/>
      <line num="443" count="0" type="cond" truecount="0" falsecount="2"/>
      <line num="445" count="0" type="stmt"/>
      <line num="448" count="0" type="stmt"/>
      <line num="452" count="0" type="stmt"/>
      <line num="453" count="0" type="stmt"/>
      <line num="456" count="0" type="cond" truecount="0" falsecount="4"/>
      <line num="457" count="0" type="stmt"/>
      <line num="458" count="0" type="cond" truecount="0" falsecount="2"/>
      <line num="459" count="0" type="stmt"/>
      <line num="461" count="0" type="stmt"/>
      <line num="466" count="0" type="cond" truecount="0" falsecount="4"/>
      <line num="467" count="0" type="stmt"/>
      <line num="468" count="0" type="cond" truecount="0" falsecount="2"/>
      <line num="470" count="0" type="cond" truecount="0" falsecount="2"/>
      <line num="471" count="0" type="cond" truecount="0" falsecount="2"/>
      <line num="472" count="0" type="stmt"/>
      <line num="474" count="0" type="stmt"/>
      <line num="480" count="0" type="cond" truecount="0" falsecount="4"/>
      <line num="481" count="0" type="stmt"/>
      <line num="482" count="0" type="cond" truecount="0" falsecount="2"/>
      <line num="483" count="0" type="stmt"/>
      <line num="484" count="0" type="cond" truecount="0" falsecount="2"/>
      <line num="485" count="0" type="stmt"/>
      <line num="487" count="0" type="stmt"/>
      <line num="493" count="0" type="cond" truecount="0" falsecount="4"/>
      <line num="494" count="0" type="stmt"/>
      <line num="495" count="0" type="stmt"/>
      <line num="496" count="0" type="stmt"/>
      <line num="497" count="0" type="cond" truecount="0" falsecount="4"/>
      <line num="498" count="0" type="stmt"/>
      <line num="501" count="0" type="cond" truecount="0" falsecount="2"/>
      <line num="502" count="0" type="stmt"/>
      <line num="507" count="0" type="cond" truecount="0" falsecount="2"/>
      <line num="508" count="0" type="stmt"/>
      <line num="509" count="0" type="cond" truecount="0" falsecount="2"/>
      <line num="510" count="0" type="stmt"/>
      <line num="511" count="0" type="cond" truecount="0" falsecount="2"/>
      <line num="512" count="0" type="stmt"/>
      <line num="518" count="0" type="cond" truecount="0" falsecount="2"/>
      <line num="519" count="0" type="stmt"/>
      <line num="520" count="0" type="stmt"/>
      <line num="521" count="0" type="stmt"/>
      <line num="523" count="0" type="cond" truecount="0" falsecount="2"/>
      <line num="524" count="0" type="stmt"/>
      <line num="529" count="0" type="cond" truecount="0" falsecount="2"/>
      <line num="530" count="0" type="stmt"/>
      <line num="531" count="0" type="cond" truecount="0" falsecount="2"/>
      <line num="532" count="0" type="stmt"/>
      <line num="536" count="0" type="stmt"/>
      <line num="549" count="0" type="cond" truecount="0" falsecount="4"/>
      <line num="550" count="0" type="stmt"/>
      <line num="554" count="0" type="stmt"/>
      <line num="555" count="0" type="stmt"/>
      <line num="556" count="0" type="stmt"/>
      <line num="559" count="0" type="stmt"/>
      <line num="560" count="0" type="stmt"/>
      <line num="561" count="0" type="stmt"/>
      <line num="564" count="0" type="stmt"/>
      <line num="565" count="0" type="stmt"/>
      <line num="567" count="0" type="cond" truecount="0" falsecount="2"/>
      <line num="568" count="0" type="stmt"/>
      <line num="570" count="0" type="stmt"/>
      <line num="573" count="0" type="stmt"/>
      <line num="580" count="0" type="stmt"/>
    </file>
    <file name="contentMerger.js" path="C:\Users\Chris\cFish.io\ucfish-scraper\src\contentMerger.js">
      <metrics statements="159" coveredstatements="0" conditionals="63" coveredconditionals="0" methods="20" coveredmethods="0"/>
      <line num="11" count="0" type="stmt"/>
      <line num="12" count="0" type="stmt"/>
      <line num="13" count="0" type="stmt"/>
      <line num="17" count="0" type="cond" truecount="0" falsecount="2"/>
      <line num="18" count="0" type="cond" truecount="0" falsecount="2"/>
      <line num="19" count="0" type="cond" truecount="0" falsecount="2"/>
      <line num="20" count="0" type="cond" truecount="0" falsecount="2"/>
      <line num="21" count="0" type="cond" truecount="0" falsecount="2"/>
      <line num="24" count="0" type="stmt"/>
      <line num="25" count="0" type="stmt"/>
      <line num="26" count="0" type="stmt"/>
      <line num="36" count="0" type="stmt"/>
      <line num="38" count="0" type="stmt"/>
      <line num="40" count="0" type="stmt"/>
      <line num="43" count="0" type="stmt"/>
      <line num="44" count="0" type="stmt"/>
      <line num="46" count="0" type="cond" truecount="0" falsecount="2"/>
      <line num="48" count="0" type="stmt"/>
      <line num="49" count="0" type="stmt"/>
      <line num="50" count="0" type="cond" truecount="0" falsecount="4"/>
      <line num="52" count="0" type="stmt"/>
      <line num="55" count="0" type="stmt"/>
      <line num="58" count="0" type="stmt"/>
      <line num="67" count="0" type="stmt"/>
      <line num="70" count="0" type="stmt"/>
      <line num="80" count="0" type="stmt"/>
      <line num="83" count="0" type="cond" truecount="0" falsecount="2"/>
      <line num="84" count="0" type="stmt"/>
      <line num="87" count="0" type="stmt"/>
      <line num="89" count="0" type="stmt"/>
      <line num="90" count="0" type="cond" truecount="0" falsecount="2"/>
      <line num="91" count="0" type="stmt"/>
      <line num="95" count="0" type="stmt"/>
      <line num="98" count="0" type="stmt"/>
      <line num="99" count="0" type="stmt"/>
      <line num="100" count="0" type="cond" truecount="0" falsecount="2"/>
      <line num="102" count="0" type="stmt"/>
      <line num="103" count="0" type="stmt"/>
      <line num="106" count="0" type="stmt"/>
      <line num="107" count="0" type="cond" truecount="0" falsecount="4"/>
      <line num="108" count="0" type="stmt"/>
      <line num="109" count="0" type="cond" truecount="0" falsecount="4"/>
      <line num="110" count="0" type="stmt"/>
      <line num="111" count="0" type="cond" truecount="0" falsecount="2"/>
      <line num="112" count="0" type="stmt"/>
      <line num="113" count="0" type="cond" truecount="0" falsecount="2"/>
      <line num="114" count="0" type="stmt"/>
      <line num="115" count="0" type="cond" truecount="0" falsecount="2"/>
      <line num="116" count="0" type="stmt"/>
      <line num="122" count="0" type="stmt"/>
      <line num="125" count="0" type="stmt"/>
      <line num="128" count="0" type="stmt"/>
      <line num="139" count="0" type="cond" truecount="0" falsecount="2"/>
      <line num="140" count="0" type="stmt"/>
      <line num="144" count="0" type="stmt"/>
      <line num="145" count="0" type="cond" truecount="0" falsecount="2"/>
      <line num="146" count="0" type="stmt"/>
      <line num="150" count="0" type="stmt"/>
      <line num="162" count="0" type="stmt"/>
      <line num="163" count="0" type="stmt"/>
      <line num="166" count="0" type="stmt"/>
      <line num="169" count="0" type="stmt"/>
      <line num="172" count="0" type="cond" truecount="0" falsecount="2"/>
      <line num="183" count="0" type="stmt"/>
      <line num="186" count="0" type="stmt"/>
      <line num="187" count="0" type="stmt"/>
      <line num="188" count="0" type="stmt"/>
      <line num="191" count="0" type="stmt"/>
      <line num="192" count="0" type="cond" truecount="0" falsecount="2"/>
      <line num="194" count="0" type="stmt"/>
      <line num="196" count="0" type="stmt"/>
      <line num="197" count="0" type="stmt"/>
      <line num="199" count="0" type="stmt"/>
      <line num="200" count="0" type="stmt"/>
      <line num="201" count="0" type="stmt"/>
      <line num="202" count="0" type="stmt"/>
      <line num="203" count="0" type="stmt"/>
      <line num="204" count="0" type="stmt"/>
      <line num="205" count="0" type="stmt"/>
      <line num="210" count="0" type="stmt"/>
      <line num="213" count="0" type="cond" truecount="0" falsecount="2"/>
      <line num="214" count="0" type="stmt"/>
      <line num="215" count="0" type="stmt"/>
      <line num="216" count="0" type="stmt"/>
      <line num="217" count="0" type="stmt"/>
      <line num="224" count="0" type="stmt"/>
      <line num="235" count="0" type="stmt"/>
      <line num="236" count="0" type="cond" truecount="0" falsecount="2"/>
      <line num="237" count="0" type="cond" truecount="0" falsecount="2"/>
      <line num="238" count="0" type="stmt"/>
      <line num="242" count="0" type="cond" truecount="0" falsecount="2"/>
      <line num="245" count="0" type="stmt"/>
      <line num="248" count="0" type="stmt"/>
      <line num="253" count="0" type="stmt"/>
      <line num="257" count="0" type="stmt"/>
      <line num="260" count="0" type="stmt"/>
      <line num="263" count="0" type="stmt"/>
      <line num="266" count="0" type="stmt"/>
      <line num="267" count="0" type="stmt"/>
      <line num="269" count="0" type="stmt"/>
      <line num="271" count="0" type="stmt"/>
      <line num="274" count="0" type="cond" truecount="0" falsecount="2"/>
      <line num="275" count="0" type="stmt"/>
      <line num="278" count="0" type="stmt"/>
      <line num="281" count="0" type="stmt"/>
      <line num="282" count="0" type="stmt"/>
      <line num="284" count="0" type="stmt"/>
      <line num="288" count="0" type="stmt"/>
      <line num="291" count="0" type="stmt"/>
      <line num="293" count="0" type="stmt"/>
      <line num="309" count="0" type="stmt"/>
      <line num="312" count="0" type="stmt"/>
      <line num="313" count="0" type="stmt"/>
      <line num="316" count="0" type="stmt"/>
      <line num="317" count="0" type="stmt"/>
      <line num="326" count="0" type="cond" truecount="0" falsecount="2"/>
      <line num="327" count="0" type="stmt"/>
      <line num="331" count="0" type="stmt"/>
      <line num="334" count="0" type="stmt"/>
      <line num="337" count="0" type="cond" truecount="0" falsecount="2"/>
      <line num="338" count="0" type="stmt"/>
      <line num="342" count="0" type="stmt"/>
      <line num="345" count="0" type="stmt"/>
      <line num="347" count="0" type="stmt"/>
      <line num="348" count="0" type="stmt"/>
      <line num="349" count="0" type="stmt"/>
      <line num="351" count="0" type="stmt"/>
      <line num="356" count="0" type="stmt"/>
      <line num="365" count="0" type="stmt"/>
      <line num="367" count="0" type="stmt"/>
      <line num="368" count="0" type="stmt"/>
      <line num="369" count="0" type="stmt"/>
      <line num="371" count="0" type="cond" truecount="0" falsecount="2"/>
      <line num="372" count="0" type="stmt"/>
      <line num="373" count="0" type="stmt"/>
      <line num="377" count="0" type="stmt"/>
      <line num="378" count="0" type="stmt"/>
      <line num="379" count="0" type="stmt"/>
      <line num="382" count="0" type="stmt"/>
      <line num="384" count="0" type="stmt"/>
      <line num="385" count="0" type="stmt"/>
      <line num="386" count="0" type="stmt"/>
      <line num="389" count="0" type="stmt"/>
      <line num="392" count="0" type="stmt"/>
      <line num="393" count="0" type="stmt"/>
      <line num="396" count="0" type="stmt"/>
      <line num="397" count="0" type="stmt"/>
      <line num="398" count="0" type="cond" truecount="0" falsecount="2"/>
      <line num="399" count="0" type="stmt"/>
      <line num="401" count="0" type="stmt"/>
      <line num="404" count="0" type="stmt"/>
      <line num="407" count="0" type="stmt"/>
      <line num="408" count="0" type="stmt"/>
      <line num="411" count="0" type="stmt"/>
      <line num="415" count="0" type="stmt"/>
      <line num="419" count="0" type="stmt"/>
      <line num="421" count="0" type="stmt"/>
      <line num="422" count="0" type="stmt"/>
      <line num="427" count="0" type="stmt"/>
    </file>
    <file name="contentProcessor.js" path="C:\Users\Chris\cFish.io\ucfish-scraper\src\contentProcessor.js">
      <metrics statements="99" coveredstatements="0" conditionals="40" coveredconditionals="0" methods="13" coveredmethods="0"/>
      <line num="11" count="0" type="stmt"/>
      <line num="12" count="0" type="stmt"/>
      <line num="13" count="0" type="stmt"/>
      <line num="17" count="0" type="cond" truecount="0" falsecount="2"/>
      <line num="18" count="0" type="cond" truecount="0" falsecount="2"/>
      <line num="19" count="0" type="cond" truecount="0" falsecount="2"/>
      <line num="30" count="0" type="stmt"/>
      <line num="33" count="0" type="stmt"/>
      <line num="34" count="0" type="stmt"/>
      <line num="35" count="0" type="stmt"/>
      <line num="36" count="0" type="stmt"/>
      <line num="37" count="0" type="stmt"/>
      <line num="39" count="0" type="stmt"/>
      <line num="49" count="0" type="stmt"/>
      <line num="52" count="0" type="stmt"/>
      <line num="55" count="0" type="stmt"/>
      <line num="58" count="0" type="stmt"/>
      <line num="61" count="0" type="stmt"/>
      <line num="62" count="0" type="stmt"/>
      <line num="65" count="0" type="stmt"/>
      <line num="68" count="0" type="stmt"/>
      <line num="70" count="0" type="stmt"/>
      <line num="73" count="0" type="stmt"/>
      <line num="84" count="0" type="stmt"/>
      <line num="85" count="0" type="stmt"/>
      <line num="88" count="0" type="stmt"/>
      <line num="89" count="0" type="stmt"/>
      <line num="98" count="0" type="cond" truecount="0" falsecount="2"/>
      <line num="99" count="0" type="stmt"/>
      <line num="103" count="0" type="stmt"/>
      <line num="106" count="0" type="cond" truecount="0" falsecount="2"/>
      <line num="107" count="0" type="stmt"/>
      <line num="111" count="0" type="stmt"/>
      <line num="112" count="0" type="stmt"/>
      <line num="115" count="0" type="stmt"/>
      <line num="117" count="0" type="stmt"/>
      <line num="118" count="0" type="stmt"/>
      <line num="119" count="0" type="stmt"/>
      <line num="120" count="0" type="stmt"/>
      <line num="125" count="0" type="stmt"/>
      <line num="137" count="0" type="cond" truecount="0" falsecount="4"/>
      <line num="138" count="0" type="stmt"/>
      <line num="141" count="0" type="cond" truecount="0" falsecount="2"/>
      <line num="144" count="0" type="stmt"/>
      <line num="145" count="0" type="stmt"/>
      <line num="147" count="0" type="cond" truecount="0" falsecount="2"/>
      <line num="148" count="0" type="stmt"/>
      <line num="152" count="0" type="cond" truecount="0" falsecount="4"/>
      <line num="153" count="0" type="stmt"/>
      <line num="157" count="0" type="stmt"/>
      <line num="160" count="0" type="cond" truecount="0" falsecount="2"/>
      <line num="161" count="0" type="stmt"/>
      <line num="163" count="0" type="stmt"/>
      <line num="168" count="0" type="stmt"/>
      <line num="171" count="0" type="stmt"/>
      <line num="175" count="0" type="stmt"/>
      <line num="186" count="0" type="stmt"/>
      <line num="189" count="0" type="stmt"/>
      <line num="190" count="0" type="stmt"/>
      <line num="192" count="0" type="stmt"/>
      <line num="193" count="0" type="cond" truecount="0" falsecount="2"/>
      <line num="194" count="0" type="stmt"/>
      <line num="196" count="0" type="stmt"/>
      <line num="197" count="0" type="stmt"/>
      <line num="201" count="0" type="stmt"/>
      <line num="204" count="0" type="stmt"/>
      <line num="213" count="0" type="stmt"/>
      <line num="214" count="0" type="stmt"/>
      <line num="215" count="0" type="stmt"/>
      <line num="218" count="0" type="stmt"/>
      <line num="229" count="0" type="stmt"/>
      <line num="230" count="0" type="stmt"/>
      <line num="233" count="0" type="stmt"/>
      <line num="234" count="0" type="stmt"/>
      <line num="235" count="0" type="stmt"/>
      <line num="238" count="0" type="cond" truecount="0" falsecount="4"/>
      <line num="239" count="0" type="stmt"/>
      <line num="243" count="0" type="stmt"/>
      <line num="247" count="0" type="stmt"/>
      <line num="255" count="0" type="cond" truecount="0" falsecount="2"/>
      <line num="256" count="0" type="stmt"/>
      <line num="260" count="0" type="stmt"/>
      <line num="262" count="0" type="stmt"/>
      <line num="264" count="0" type="stmt"/>
      <line num="265" count="0" type="stmt"/>
      <line num="269" count="0" type="stmt"/>
      <line num="271" count="0" type="cond" truecount="0" falsecount="2"/>
      <line num="272" count="0" type="stmt"/>
      <line num="275" count="0" type="stmt"/>
      <line num="279" count="0" type="stmt"/>
      <line num="290" count="0" type="stmt"/>
      <line num="292" count="0" type="stmt"/>
      <line num="295" count="0" type="stmt"/>
      <line num="301" count="0" type="stmt"/>
      <line num="303" count="0" type="stmt"/>
      <line num="305" count="0" type="stmt"/>
      <line num="307" count="0" type="stmt"/>
      <line num="308" count="0" type="stmt"/>
      <line num="313" count="0" type="stmt"/>
    </file>
    <file name="contentVerifier.js" path="C:\Users\Chris\cFish.io\ucfish-scraper\src\contentVerifier.js">
      <metrics statements="527" coveredstatements="0" conditionals="285" coveredconditionals="0" methods="39" coveredmethods="0"/>
      <line num="11" count="0" type="stmt"/>
      <line num="12" count="0" type="stmt"/>
      <line num="13" count="0" type="stmt"/>
      <line num="14" count="0" type="stmt"/>
      <line num="15" count="0" type="stmt"/>
      <line num="16" count="0" type="stmt"/>
      <line num="20" count="0" type="cond" truecount="0" falsecount="2"/>
      <line num="21" count="0" type="cond" truecount="0" falsecount="2"/>
      <line num="22" count="0" type="stmt"/>
      <line num="24" count="0" type="cond" truecount="0" falsecount="2"/>
      <line num="25" count="0" type="cond" truecount="0" falsecount="2"/>
      <line num="26" count="0" type="cond" truecount="0" falsecount="2"/>
      <line num="27" count="0" type="cond" truecount="0" falsecount="2"/>
      <line num="28" count="0" type="cond" truecount="0" falsecount="2"/>
      <line num="29" count="0" type="cond" truecount="0" falsecount="2"/>
      <line num="30" count="0" type="cond" truecount="0" falsecount="2"/>
      <line num="34" count="0" type="cond" truecount="0" falsecount="2"/>
      <line num="35" count="0" type="cond" truecount="0" falsecount="2"/>
      <line num="36" count="0" type="cond" truecount="0" falsecount="2"/>
      <line num="39" count="0" type="stmt"/>
      <line num="40" count="0" type="stmt"/>
      <line num="41" count="0" type="stmt"/>
      <line num="42" count="0" type="stmt"/>
      <line num="43" count="0" type="stmt"/>
      <line num="44" count="0" type="cond" truecount="0" falsecount="2"/>
      <line num="45" count="0" type="cond" truecount="0" falsecount="2"/>
      <line num="46" count="0" type="cond" truecount="0" falsecount="2"/>
      <line num="52" count="0" type="stmt"/>
      <line num="53" count="0" type="stmt"/>
      <line num="54" count="0" type="stmt"/>
      <line num="57" count="0" type="cond" truecount="0" falsecount="2"/>
      <line num="58" count="0" type="stmt"/>
      <line num="62" count="0" type="stmt"/>
      <line num="74" count="0" type="stmt"/>
      <line num="88" count="0" type="stmt"/>
      <line num="90" count="0" type="stmt"/>
      <line num="91" count="0" type="stmt"/>
      <line num="94" count="0" type="stmt"/>
      <line num="95" count="0" type="stmt"/>
      <line num="97" count="0" type="cond" truecount="0" falsecount="2"/>
      <line num="100" count="0" type="cond" truecount="0" falsecount="2"/>
      <line num="101" count="0" type="stmt"/>
      <line num="102" count="0" type="cond" truecount="0" falsecount="2"/>
      <line num="103" count="0" type="stmt"/>
      <line num="107" count="0" type="stmt"/>
      <line num="108" count="0" type="stmt"/>
      <line num="109" count="0" type="stmt"/>
      <line num="110" count="0" type="stmt"/>
      <line num="111" count="0" type="stmt"/>
      <line num="112" count="0" type="stmt"/>
      <line num="115" count="0" type="cond" truecount="0" falsecount="2"/>
      <line num="116" count="0" type="cond" truecount="0" falsecount="2"/>
      <line num="117" count="0" type="cond" truecount="0" falsecount="2"/>
      <line num="118" count="0" type="cond" truecount="0" falsecount="4"/>
      <line num="120" count="0" type="cond" truecount="0" falsecount="2"/>
      <line num="121" count="0" type="cond" truecount="0" falsecount="2"/>
      <line num="124" count="0" type="cond" truecount="0" falsecount="4"/>
      <line num="125" count="0" type="stmt"/>
      <line num="128" count="0" type="cond" truecount="0" falsecount="4"/>
      <line num="129" count="0" type="stmt"/>
      <line num="132" count="0" type="cond" truecount="0" falsecount="4"/>
      <line num="133" count="0" type="stmt"/>
      <line num="136" count="0" type="cond" truecount="0" falsecount="4"/>
      <line num="137" count="0" type="stmt"/>
      <line num="141" count="0" type="stmt"/>
      <line num="150" count="0" type="stmt"/>
      <line num="151" count="0" type="cond" truecount="0" falsecount="2"/>
      <line num="152" count="0" type="stmt"/>
      <line num="157" count="0" type="cond" truecount="0" falsecount="2"/>
      <line num="158" count="0" type="stmt"/>
      <line num="159" count="0" type="stmt"/>
      <line num="160" count="0" type="cond" truecount="0" falsecount="4"/>
      <line num="161" count="0" type="stmt"/>
      <line num="164" count="0" type="cond" truecount="0" falsecount="2"/>
      <line num="165" count="0" type="stmt"/>
      <line num="166" count="0" type="cond" truecount="0" falsecount="2"/>
      <line num="169" count="0" type="cond" truecount="0" falsecount="2"/>
      <line num="170" count="0" type="stmt"/>
      <line num="177" count="0" type="cond" truecount="0" falsecount="2"/>
      <line num="178" count="0" type="stmt"/>
      <line num="179" count="0" type="cond" truecount="0" falsecount="2"/>
      <line num="180" count="0" type="stmt"/>
      <line num="182" count="0" type="stmt"/>
      <line num="186" count="0" type="stmt"/>
      <line num="187" count="0" type="stmt"/>
      <line num="190" count="0" type="stmt"/>
      <line num="202" count="0" type="stmt"/>
      <line num="204" count="0" type="stmt"/>
      <line num="205" count="0" type="stmt"/>
      <line num="208" count="0" type="stmt"/>
      <line num="211" count="0" type="stmt"/>
      <line num="212" count="0" type="stmt"/>
      <line num="214" count="0" type="stmt"/>
      <line num="216" count="0" type="stmt"/>
      <line num="217" count="0" type="stmt"/>
      <line num="233" count="0" type="stmt"/>
      <line num="234" count="0" type="stmt"/>
      <line num="235" count="0" type="stmt"/>
      <line num="236" count="0" type="stmt"/>
      <line num="238" count="0" type="stmt"/>
      <line num="239" count="0" type="stmt"/>
      <line num="240" count="0" type="stmt"/>
      <line num="242" count="0" type="cond" truecount="0" falsecount="2"/>
      <line num="243" count="0" type="cond" truecount="0" falsecount="2"/>
      <line num="244" count="0" type="cond" truecount="0" falsecount="2"/>
      <line num="248" count="0" type="stmt"/>
      <line num="259" count="0" type="stmt"/>
      <line num="260" count="0" type="stmt"/>
      <line num="262" count="0" type="stmt"/>
      <line num="271" count="0" type="stmt"/>
      <line num="273" count="0" type="stmt"/>
      <line num="274" count="0" type="stmt"/>
      <line num="276" count="0" type="stmt"/>
      <line num="277" count="0" type="cond" truecount="0" falsecount="2"/>
      <line num="278" count="0" type="stmt"/>
      <line num="279" count="0" type="stmt"/>
      <line num="280" count="0" type="stmt"/>
      <line num="283" count="0" type="cond" truecount="0" falsecount="2"/>
      <line num="284" count="0" type="stmt"/>
      <line num="287" count="0" type="cond" truecount="0" falsecount="2"/>
      <line num="288" count="0" type="stmt"/>
      <line num="289" count="0" type="stmt"/>
      <line num="291" count="0" type="stmt"/>
      <line num="295" count="0" type="stmt"/>
      <line num="304" count="0" type="stmt"/>
      <line num="305" count="0" type="stmt"/>
      <line num="307" count="0" type="stmt"/>
      <line num="308" count="0" type="stmt"/>
      <line num="319" count="0" type="cond" truecount="0" falsecount="4"/>
      <line num="320" count="0" type="stmt"/>
      <line num="328" count="0" type="stmt"/>
      <line num="329" count="0" type="stmt"/>
      <line num="330" count="0" type="stmt"/>
      <line num="331" count="0" type="stmt"/>
      <line num="334" count="0" type="stmt"/>
      <line num="335" count="0" type="stmt"/>
      <line num="336" count="0" type="stmt"/>
      <line num="337" count="0" type="stmt"/>
      <line num="338" count="0" type="stmt"/>
      <line num="339" count="0" type="cond" truecount="0" falsecount="2"/>
      <line num="342" count="0" type="stmt"/>
      <line num="343" count="0" type="stmt"/>
      <line num="344" count="0" type="stmt"/>
      <line num="345" count="0" type="stmt"/>
      <line num="346" count="0" type="stmt"/>
      <line num="347" count="0" type="cond" truecount="0" falsecount="2"/>
      <line num="350" count="0" type="stmt"/>
      <line num="351" count="0" type="stmt"/>
      <line num="352" count="0" type="stmt"/>
      <line num="353" count="0" type="stmt"/>
      <line num="354" count="0" type="stmt"/>
      <line num="355" count="0" type="stmt"/>
      <line num="356" count="0" type="stmt"/>
      <line num="357" count="0" type="stmt"/>
      <line num="358" count="0" type="cond" truecount="0" falsecount="2"/>
      <line num="361" count="0" type="stmt"/>
      <line num="362" count="0" type="stmt"/>
      <line num="363" count="0" type="stmt"/>
      <line num="364" count="0" type="stmt"/>
      <line num="365" count="0" type="stmt"/>
      <line num="366" count="0" type="stmt"/>
      <line num="367" count="0" type="stmt"/>
      <line num="368" count="0" type="stmt"/>
      <line num="369" count="0" type="cond" truecount="0" falsecount="2"/>
      <line num="372" count="0" type="stmt"/>
      <line num="373" count="0" type="stmt"/>
      <line num="374" count="0" type="stmt"/>
      <line num="375" count="0" type="stmt"/>
      <line num="376" count="0" type="stmt"/>
      <line num="377" count="0" type="cond" truecount="0" falsecount="2"/>
      <line num="380" count="0" type="stmt"/>
      <line num="381" count="0" type="stmt"/>
      <line num="382" count="0" type="stmt"/>
      <line num="383" count="0" type="stmt"/>
      <line num="384" count="0" type="stmt"/>
      <line num="385" count="0" type="stmt"/>
      <line num="386" count="0" type="cond" truecount="0" falsecount="2"/>
      <line num="389" count="0" type="stmt"/>
      <line num="390" count="0" type="stmt"/>
      <line num="391" count="0" type="stmt"/>
      <line num="392" count="0" type="stmt"/>
      <line num="393" count="0" type="stmt"/>
      <line num="394" count="0" type="stmt"/>
      <line num="395" count="0" type="cond" truecount="0" falsecount="2"/>
      <line num="398" count="0" type="stmt"/>
      <line num="399" count="0" type="stmt"/>
      <line num="400" count="0" type="stmt"/>
      <line num="401" count="0" type="stmt"/>
      <line num="402" count="0" type="stmt"/>
      <line num="403" count="0" type="stmt"/>
      <line num="404" count="0" type="cond" truecount="0" falsecount="2"/>
      <line num="407" count="0" type="stmt"/>
      <line num="408" count="0" type="stmt"/>
      <line num="409" count="0" type="stmt"/>
      <line num="410" count="0" type="stmt"/>
      <line num="411" count="0" type="stmt"/>
      <line num="412" count="0" type="cond" truecount="0" falsecount="2"/>
      <line num="415" count="0" type="cond" truecount="0" falsecount="2"/>
      <line num="416" count="0" type="stmt"/>
      <line num="417" count="0" type="stmt"/>
      <line num="418" count="0" type="stmt"/>
      <line num="419" count="0" type="stmt"/>
      <line num="420" count="0" type="stmt"/>
      <line num="421" count="0" type="cond" truecount="0" falsecount="2"/>
      <line num="425" count="0" type="stmt"/>
      <line num="426" count="0" type="stmt"/>
      <line num="427" count="0" type="stmt"/>
      <line num="428" count="0" type="stmt"/>
      <line num="429" count="0" type="stmt"/>
      <line num="430" count="0" type="stmt"/>
      <line num="431" count="0" type="cond" truecount="0" falsecount="2"/>
      <line num="434" count="0" type="cond" truecount="0" falsecount="2"/>
      <line num="435" count="0" type="stmt"/>
      <line num="436" count="0" type="stmt"/>
      <line num="437" count="0" type="stmt"/>
      <line num="438" count="0" type="stmt"/>
      <line num="439" count="0" type="stmt"/>
      <line num="440" count="0" type="cond" truecount="0" falsecount="2"/>
      <line num="444" count="0" type="cond" truecount="0" falsecount="2"/>
      <line num="448" count="0" type="cond" truecount="0" falsecount="2"/>
      <line num="450" count="0" type="stmt"/>
      <line num="464" count="0" type="stmt"/>
      <line num="470" count="0" type="cond" truecount="0" falsecount="2"/>
      <line num="471" count="0" type="stmt"/>
      <line num="472" count="0" type="stmt"/>
      <line num="473" count="0" type="cond" truecount="0" falsecount="2"/>
      <line num="474" count="0" type="stmt"/>
      <line num="475" count="0" type="cond" truecount="0" falsecount="2"/>
      <line num="476" count="0" type="stmt"/>
      <line num="478" count="0" type="stmt"/>
      <line num="481" count="0" type="stmt"/>
      <line num="488" count="0" type="stmt"/>
      <line num="495" count="0" type="stmt"/>
      <line num="497" count="0" type="stmt"/>
      <line num="498" count="0" type="cond" truecount="0" falsecount="2"/>
      <line num="499" count="0" type="stmt"/>
      <line num="503" count="0" type="stmt"/>
      <line num="505" count="0" type="cond" truecount="0" falsecount="2"/>
      <line num="506" count="0" type="stmt"/>
      <line num="507" count="0" type="stmt"/>
      <line num="508" count="0" type="cond" truecount="0" falsecount="2"/>
      <line num="509" count="0" type="stmt"/>
      <line num="512" count="0" type="stmt"/>
      <line num="519" count="0" type="stmt"/>
      <line num="529" count="0" type="stmt"/>
      <line num="530" count="0" type="stmt"/>
      <line num="533" count="0" type="stmt"/>
      <line num="536" count="0" type="stmt"/>
      <line num="539" count="0" type="stmt"/>
      <line num="542" count="0" type="stmt"/>
      <line num="545" count="0" type="stmt"/>
      <line num="548" count="0" type="cond" truecount="0" falsecount="2"/>
      <line num="549" count="0" type="stmt"/>
      <line num="551" count="0" type="stmt"/>
      <line num="555" count="0" type="cond" truecount="0" falsecount="2"/>
      <line num="556" count="0" type="stmt"/>
      <line num="557" count="0" type="cond" truecount="0" falsecount="2"/>
      <line num="558" count="0" type="stmt"/>
      <line num="562" count="0" type="stmt"/>
      <line num="565" count="0" type="stmt"/>
      <line num="566" count="0" type="cond" truecount="0" falsecount="2"/>
      <line num="567" count="0" type="stmt"/>
      <line num="568" count="0" type="cond" truecount="0" falsecount="4"/>
      <line num="569" count="0" type="stmt"/>
      <line num="572" count="0" type="stmt"/>
      <line num="574" count="0" type="stmt"/>
      <line num="575" count="0" type="stmt"/>
      <line num="578" count="0" type="stmt"/>
      <line num="585" count="0" type="stmt"/>
      <line num="595" count="0" type="stmt"/>
      <line num="597" count="0" type="stmt"/>
      <line num="598" count="0" type="cond" truecount="0" falsecount="2"/>
      <line num="601" count="0" type="stmt"/>
      <line num="603" count="0" type="cond" truecount="0" falsecount="2"/>
      <line num="604" count="0" type="stmt"/>
      <line num="605" count="0" type="stmt"/>
      <line num="609" count="0" type="stmt"/>
      <line num="610" count="0" type="stmt"/>
      <line num="613" count="0" type="stmt"/>
      <line num="614" count="0" type="stmt"/>
      <line num="617" count="0" type="stmt"/>
      <line num="618" count="0" type="stmt"/>
      <line num="619" count="0" type="stmt"/>
      <line num="622" count="0" type="stmt"/>
      <line num="623" count="0" type="stmt"/>
      <line num="624" count="0" type="stmt"/>
      <line num="627" count="0" type="cond" truecount="0" falsecount="2"/>
      <line num="628" count="0" type="stmt"/>
      <line num="629" count="0" type="cond" truecount="0" falsecount="2"/>
      <line num="630" count="0" type="stmt"/>
      <line num="631" count="0" type="stmt"/>
      <line num="632" count="0" type="cond" truecount="0" falsecount="2"/>
      <line num="633" count="0" type="stmt"/>
      <line num="634" count="0" type="stmt"/>
      <line num="636" count="0" type="stmt"/>
      <line num="637" count="0" type="stmt"/>
      <line num="640" count="0" type="stmt"/>
      <line num="641" count="0" type="stmt"/>
      <line num="644" count="0" type="stmt"/>
      <line num="651" count="0" type="stmt"/>
      <line num="658" count="0" type="stmt"/>
      <line num="660" count="0" type="stmt"/>
      <line num="661" count="0" type="cond" truecount="0" falsecount="2"/>
      <line num="664" count="0" type="stmt"/>
      <line num="666" count="0" type="cond" truecount="0" falsecount="2"/>
      <line num="667" count="0" type="stmt"/>
      <line num="668" count="0" type="stmt"/>
      <line num="669" count="0" type="stmt"/>
      <line num="673" count="0" type="stmt"/>
      <line num="674" count="0" type="stmt"/>
      <line num="675" count="0" type="stmt"/>
      <line num="678" count="0" type="cond" truecount="0" falsecount="2"/>
      <line num="679" count="0" type="stmt"/>
      <line num="680" count="0" type="stmt"/>
      <line num="681" count="0" type="cond" truecount="0" falsecount="2"/>
      <line num="682" count="0" type="stmt"/>
      <line num="683" count="0" type="stmt"/>
      <line num="684" count="0" type="cond" truecount="0" falsecount="2"/>
      <line num="685" count="0" type="stmt"/>
      <line num="688" count="0" type="stmt"/>
      <line num="689" count="0" type="stmt"/>
      <line num="692" count="0" type="stmt"/>
      <line num="699" count="0" type="stmt"/>
      <line num="707" count="0" type="stmt"/>
      <line num="709" count="0" type="stmt"/>
      <line num="710" count="0" type="cond" truecount="0" falsecount="2"/>
      <line num="713" count="0" type="stmt"/>
      <line num="715" count="0" type="stmt"/>
      <line num="716" count="0" type="cond" truecount="0" falsecount="2"/>
      <line num="719" count="0" type="stmt"/>
      <line num="722" count="0" type="stmt"/>
      <line num="725" count="0" type="cond" truecount="0" falsecount="2"/>
      <line num="726" count="0" type="stmt"/>
      <line num="727" count="0" type="cond" truecount="0" falsecount="2"/>
      <line num="728" count="0" type="stmt"/>
      <line num="729" count="0" type="cond" truecount="0" falsecount="2"/>
      <line num="730" count="0" type="stmt"/>
      <line num="731" count="0" type="stmt"/>
      <line num="733" count="0" type="stmt"/>
      <line num="734" count="0" type="stmt"/>
      <line num="737" count="0" type="stmt"/>
      <line num="738" count="0" type="stmt"/>
      <line num="741" count="0" type="stmt"/>
      <line num="748" count="0" type="stmt"/>
      <line num="756" count="0" type="stmt"/>
      <line num="758" count="0" type="stmt"/>
      <line num="759" count="0" type="cond" truecount="0" falsecount="2"/>
      <line num="762" count="0" type="stmt"/>
      <line num="764" count="0" type="cond" truecount="0" falsecount="2"/>
      <line num="765" count="0" type="stmt"/>
      <line num="766" count="0" type="stmt"/>
      <line num="770" count="0" type="stmt"/>
      <line num="772" count="0" type="stmt"/>
      <line num="773" count="0" type="cond" truecount="0" falsecount="2"/>
      <line num="777" count="0" type="stmt"/>
      <line num="778" count="0" type="stmt"/>
      <line num="779" count="0" type="stmt"/>
      <line num="780" count="0" type="cond" truecount="0" falsecount="2"/>
      <line num="784" count="0" type="stmt"/>
      <line num="785" count="0" type="stmt"/>
      <line num="788" count="0" type="stmt"/>
      <line num="795" count="0" type="stmt"/>
      <line num="798" count="0" type="stmt"/>
      <line num="801" count="0" type="cond" truecount="0" falsecount="2"/>
      <line num="802" count="0" type="stmt"/>
      <line num="803" count="0" type="cond" truecount="0" falsecount="2"/>
      <line num="804" count="0" type="stmt"/>
      <line num="805" count="0" type="cond" truecount="0" falsecount="2"/>
      <line num="806" count="0" type="stmt"/>
      <line num="807" count="0" type="stmt"/>
      <line num="809" count="0" type="stmt"/>
      <line num="810" count="0" type="stmt"/>
      <line num="813" count="0" type="stmt"/>
      <line num="814" count="0" type="stmt"/>
      <line num="817" count="0" type="stmt"/>
      <line num="824" count="0" type="stmt"/>
      <line num="832" count="0" type="stmt"/>
      <line num="833" count="0" type="stmt"/>
      <line num="836" count="0" type="stmt"/>
      <line num="839" count="0" type="stmt"/>
      <line num="842" count="0" type="cond" truecount="0" falsecount="2"/>
      <line num="846" count="0" type="cond" truecount="0" falsecount="2"/>
      <line num="847" count="0" type="stmt"/>
      <line num="848" count="0" type="stmt"/>
      <line num="849" count="0" type="cond" truecount="0" falsecount="2"/>
      <line num="850" count="0" type="stmt"/>
      <line num="851" count="0" type="stmt"/>
      <line num="852" count="0" type="cond" truecount="0" falsecount="2"/>
      <line num="853" count="0" type="stmt"/>
      <line num="856" count="0" type="stmt"/>
      <line num="857" count="0" type="stmt"/>
      <line num="860" count="0" type="stmt"/>
      <line num="867" count="0" type="stmt"/>
      <line num="874" count="0" type="stmt"/>
      <line num="876" count="0" type="stmt"/>
      <line num="877" count="0" type="cond" truecount="0" falsecount="2"/>
      <line num="878" count="0" type="stmt"/>
      <line num="881" count="0" type="stmt"/>
      <line num="882" count="0" type="cond" truecount="0" falsecount="2"/>
      <line num="883" count="0" type="stmt"/>
      <line num="888" count="0" type="cond" truecount="0" falsecount="2"/>
      <line num="889" count="0" type="stmt"/>
      <line num="890" count="0" type="stmt"/>
      <line num="891" count="0" type="cond" truecount="0" falsecount="2"/>
      <line num="892" count="0" type="stmt"/>
      <line num="893" count="0" type="stmt"/>
      <line num="894" count="0" type="cond" truecount="0" falsecount="2"/>
      <line num="895" count="0" type="stmt"/>
      <line num="898" count="0" type="stmt"/>
      <line num="899" count="0" type="stmt"/>
      <line num="902" count="0" type="stmt"/>
      <line num="909" count="0" type="stmt"/>
      <line num="916" count="0" type="stmt"/>
      <line num="917" count="0" type="stmt"/>
      <line num="920" count="0" type="stmt"/>
      <line num="921" count="0" type="stmt"/>
      <line num="923" count="0" type="cond" truecount="0" falsecount="2"/>
      <line num="925" count="0" type="stmt"/>
      <line num="926" count="0" type="stmt"/>
      <line num="930" count="0" type="stmt"/>
      <line num="931" count="0" type="stmt"/>
      <line num="932" count="0" type="stmt"/>
      <line num="935" count="0" type="cond" truecount="0" falsecount="2"/>
      <line num="936" count="0" type="stmt"/>
      <line num="940" count="0" type="stmt"/>
      <line num="943" count="0" type="stmt"/>
      <line num="945" count="0" type="cond" truecount="0" falsecount="4"/>
      <line num="946" count="0" type="stmt"/>
      <line num="951" count="0" type="stmt"/>
      <line num="953" count="0" type="cond" truecount="0" falsecount="2"/>
      <line num="954" count="0" type="stmt"/>
      <line num="955" count="0" type="cond" truecount="0" falsecount="2"/>
      <line num="956" count="0" type="stmt"/>
      <line num="957" count="0" type="cond" truecount="0" falsecount="2"/>
      <line num="958" count="0" type="stmt"/>
      <line num="959" count="0" type="stmt"/>
      <line num="961" count="0" type="stmt"/>
      <line num="962" count="0" type="stmt"/>
      <line num="965" count="0" type="stmt"/>
      <line num="966" count="0" type="stmt"/>
      <line num="969" count="0" type="stmt"/>
      <line num="976" count="0" type="stmt"/>
      <line num="978" count="0" type="cond" truecount="0" falsecount="2"/>
      <line num="979" count="0" type="stmt"/>
      <line num="983" count="0" type="cond" truecount="0" falsecount="2"/>
      <line num="986" count="0" type="stmt"/>
      <line num="987" count="0" type="stmt"/>
      <line num="988" count="0" type="stmt"/>
      <line num="989" count="0" type="stmt"/>
      <line num="991" count="0" type="stmt"/>
      <line num="995" count="0" type="stmt"/>
      <line num="996" count="0" type="stmt"/>
      <line num="999" count="0" type="stmt"/>
      <line num="1000" count="0" type="stmt"/>
      <line num="1002" count="0" type="cond" truecount="0" falsecount="2"/>
      <line num="1009" count="0" type="stmt"/>
      <line num="1017" count="0" type="stmt"/>
      <line num="1018" count="0" type="stmt"/>
      <line num="1021" count="0" type="stmt"/>
      <line num="1022" count="0" type="stmt"/>
      <line num="1025" count="0" type="stmt"/>
      <line num="1026" count="0" type="stmt"/>
      <line num="1029" count="0" type="stmt"/>
      <line num="1030" count="0" type="stmt"/>
      <line num="1032" count="0" type="stmt"/>
      <line num="1033" count="0" type="cond" truecount="0" falsecount="2"/>
      <line num="1034" count="0" type="stmt"/>
      <line num="1036" count="0" type="stmt"/>
      <line num="1037" count="0" type="stmt"/>
      <line num="1042" count="0" type="stmt"/>
      <line num="1045" count="0" type="stmt"/>
      <line num="1046" count="0" type="stmt"/>
      <line num="1048" count="0" type="stmt"/>
      <line num="1049" count="0" type="stmt"/>
      <line num="1050" count="0" type="stmt"/>
      <line num="1052" count="0" type="cond" truecount="0" falsecount="4"/>
      <line num="1053" count="0" type="stmt"/>
      <line num="1058" count="0" type="cond" truecount="0" falsecount="2"/>
      <line num="1059" count="0" type="stmt"/>
      <line num="1062" count="0" type="cond" truecount="0" falsecount="2"/>
      <line num="1063" count="0" type="stmt"/>
      <line num="1066" count="0" type="cond" truecount="0" falsecount="2"/>
      <line num="1067" count="0" type="stmt"/>
      <line num="1071" count="0" type="cond" truecount="0" falsecount="2"/>
      <line num="1072" count="0" type="stmt"/>
      <line num="1073" count="0" type="stmt"/>
      <line num="1074" count="0" type="cond" truecount="0" falsecount="2"/>
      <line num="1075" count="0" type="stmt"/>
      <line num="1076" count="0" type="stmt"/>
      <line num="1077" count="0" type="cond" truecount="0" falsecount="2"/>
      <line num="1078" count="0" type="stmt"/>
      <line num="1079" count="0" type="stmt"/>
      <line num="1082" count="0" type="stmt"/>
      <line num="1083" count="0" type="stmt"/>
      <line num="1086" count="0" type="stmt"/>
      <line num="1093" count="0" type="stmt"/>
      <line num="1100" count="0" type="cond" truecount="0" falsecount="2"/>
      <line num="1101" count="0" type="stmt"/>
      <line num="1102" count="0" type="stmt"/>
      <line num="1105" count="0" type="stmt"/>
      <line num="1107" count="0" type="stmt"/>
      <line num="1108" count="0" type="cond" truecount="0" falsecount="2"/>
      <line num="1111" count="0" type="stmt"/>
      <line num="1112" count="0" type="stmt"/>
      <line num="1113" count="0" type="stmt"/>
      <line num="1114" count="0" type="stmt"/>
      <line num="1115" count="0" type="stmt"/>
      <line num="1118" count="0" type="cond" truecount="0" falsecount="2"/>
      <line num="1119" count="0" type="stmt"/>
      <line num="1120" count="0" type="stmt"/>
      <line num="1124" count="0" type="stmt"/>
      <line num="1126" count="0" type="stmt"/>
      <line num="1127" count="0" type="cond" truecount="0" falsecount="2"/>
      <line num="1128" count="0" type="stmt"/>
      <line num="1133" count="0" type="stmt"/>
      <line num="1136" count="0" type="cond" truecount="0" falsecount="2"/>
      <line num="1137" count="0" type="stmt"/>
      <line num="1138" count="0" type="stmt"/>
      <line num="1139" count="0" type="cond" truecount="0" falsecount="2"/>
      <line num="1140" count="0" type="stmt"/>
      <line num="1141" count="0" type="stmt"/>
      <line num="1142" count="0" type="cond" truecount="0" falsecount="2"/>
      <line num="1143" count="0" type="stmt"/>
      <line num="1146" count="0" type="stmt"/>
      <line num="1147" count="0" type="stmt"/>
      <line num="1150" count="0" type="stmt"/>
      <line num="1154" count="0" type="stmt"/>
    </file>
    <file name="index.js" path="C:\Users\Chris\cFish.io\ucfish-scraper\src\index.js">
      <metrics statements="19" coveredstatements="0" conditionals="0" coveredconditionals="0" methods="4" coveredmethods="0"/>
      <line num="10" count="0" type="stmt"/>
      <line num="11" count="0" type="stmt"/>
      <line num="12" count="0" type="stmt"/>
      <line num="13" count="0" type="stmt"/>
      <line num="14" count="0" type="stmt"/>
      <line num="15" count="0" type="stmt"/>
      <line num="16" count="0" type="stmt"/>
      <line num="17" count="0" type="stmt"/>
      <line num="18" count="0" type="stmt"/>
      <line num="19" count="0" type="stmt"/>
      <line num="20" count="0" type="stmt"/>
      <line num="25" count="0" type="stmt"/>
      <line num="53" count="0" type="stmt"/>
      <line num="62" count="0" type="stmt"/>
      <line num="63" count="0" type="stmt"/>
      <line num="73" count="0" type="stmt"/>
      <line num="74" count="0" type="stmt"/>
      <line num="84" count="0" type="stmt"/>
      <line num="85" count="0" type="stmt"/>
    </file>
    <file name="markdownConverter.js" path="C:\Users\Chris\cFish.io\ucfish-scraper\src\markdownConverter.js">
      <metrics statements="108" coveredstatements="52" conditionals="76" coveredconditionals="18" methods="18" coveredmethods="8"/>
      <line num="11" count="1" type="stmt"/>
      <line num="12" count="1" type="stmt"/>
      <line num="13" count="1" type="stmt"/>
      <line num="14" count="1" type="stmt"/>
      <line num="15" count="1" type="stmt"/>
      <line num="16" count="1" type="stmt"/>
      <line num="20" count="11" type="cond" truecount="2" falsecount="0"/>
      <line num="21" count="11" type="stmt"/>
      <line num="22" count="11" type="cond" truecount="2" falsecount="0"/>
      <line num="23" count="11" type="cond" truecount="2" falsecount="0"/>
      <line num="26" count="11" type="stmt"/>
      <line num="29" count="11" type="stmt"/>
      <line num="37" count="12" type="stmt"/>
      <line num="48" count="12" type="cond" truecount="1" falsecount="1"/>
      <line num="49" count="12" type="stmt"/>
      <line num="58" count="12" type="stmt"/>
      <line num="61" count="0" type="stmt"/>
      <line num="66" count="12" type="stmt"/>
      <line num="69" count="0" type="stmt"/>
      <line num="70" count="0" type="stmt"/>
      <line num="71" count="0" type="stmt"/>
      <line num="76" count="12" type="stmt"/>
      <line num="78" count="0" type="stmt"/>
      <line num="85" count="0" type="cond" truecount="0" falsecount="2"/>
      <line num="86" count="0" type="stmt"/>
      <line num="87" count="0" type="cond" truecount="0" falsecount="2"/>
      <line num="90" count="0" type="stmt"/>
      <line num="92" count="0" type="stmt"/>
      <line num="97" count="12" type="stmt"/>
      <line num="100" count="12" type="stmt"/>
      <line num="110" count="4" type="cond" truecount="2" falsecount="0"/>
      <line num="111" count="2" type="stmt"/>
      <line num="115" count="2" type="stmt"/>
      <line num="118" count="2" type="stmt"/>
      <line num="121" count="2" type="stmt"/>
      <line num="124" count="2" type="stmt"/>
      <line num="126" count="2" type="stmt"/>
      <line num="136" count="3" type="cond" truecount="1" falsecount="1"/>
      <line num="137" count="0" type="stmt"/>
      <line num="140" count="3" type="stmt"/>
      <line num="141" count="3" type="stmt"/>
      <line num="144" count="3" type="stmt"/>
      <line num="149" count="3" type="cond" truecount="1" falsecount="1"/>
      <line num="151" count="0" type="stmt"/>
      <line num="152" count="0" type="stmt"/>
      <line num="163" count="3" type="cond" truecount="1" falsecount="1"/>
      <line num="164" count="0" type="stmt"/>
      <line num="167" count="3" type="stmt"/>
      <line num="168" count="3" type="stmt"/>
      <line num="169" count="3" type="stmt"/>
      <line num="174" count="3" type="cond" truecount="1" falsecount="1"/>
      <line num="176" count="0" type="stmt"/>
      <line num="177" count="0" type="stmt"/>
      <line num="188" count="3" type="cond" truecount="1" falsecount="1"/>
      <line num="189" count="0" type="stmt"/>
      <line num="193" count="3" type="stmt"/>
      <line num="196" count="3" type="stmt"/>
      <line num="199" count="3" type="stmt"/>
      <line num="200" count="3" type="stmt"/>
      <line num="203" count="3" type="stmt"/>
      <line num="206" count="3" type="stmt"/>
      <line num="209" count="3" type="stmt"/>
      <line num="211" count="3" type="stmt"/>
      <line num="222" count="1" type="cond" truecount="1" falsecount="1"/>
      <line num="223" count="0" type="stmt"/>
      <line num="227" count="1" type="stmt"/>
      <line num="228" count="1" type="stmt"/>
      <line num="236" count="1" type="stmt"/>
      <line num="238" count="1" type="stmt"/>
      <line num="252" count="0" type="cond" truecount="0" falsecount="4"/>
      <line num="253" count="0" type="stmt"/>
      <line num="256" count="0" type="stmt"/>
      <line num="258" count="0" type="stmt"/>
      <line num="259" count="0" type="stmt"/>
      <line num="260" count="0" type="cond" truecount="0" falsecount="4"/>
      <line num="261" count="0" type="stmt"/>
      <line num="264" count="0" type="cond" truecount="0" falsecount="4"/>
      <line num="265" count="0" type="stmt"/>
      <line num="270" count="0" type="stmt"/>
      <line num="281" count="0" type="cond" truecount="0" falsecount="4"/>
      <line num="282" count="0" type="stmt"/>
      <line num="285" count="0" type="stmt"/>
      <line num="288" count="0" type="stmt"/>
      <line num="289" count="0" type="stmt"/>
      <line num="290" count="0" type="cond" truecount="0" falsecount="2"/>
      <line num="293" count="0" type="stmt"/>
      <line num="304" count="0" type="cond" truecount="0" falsecount="2"/>
      <line num="305" count="0" type="stmt"/>
      <line num="308" count="0" type="stmt"/>
      <line num="314" count="0" type="cond" truecount="0" falsecount="2"/>
      <line num="319" count="0" type="stmt"/>
      <line num="329" count="0" type="cond" truecount="0" falsecount="4"/>
      <line num="330" count="0" type="stmt"/>
      <line num="333" count="0" type="stmt"/>
      <line num="335" count="0" type="stmt"/>
      <line num="336" count="0" type="cond" truecount="0" falsecount="2"/>
      <line num="337" count="0" type="stmt"/>
      <line num="341" count="0" type="stmt"/>
      <line num="344" count="0" type="cond" truecount="0" falsecount="2"/>
      <line num="345" count="0" type="stmt"/>
      <line num="349" count="0" type="cond" truecount="0" falsecount="2"/>
      <line num="350" count="0" type="stmt"/>
      <line num="354" count="0" type="cond" truecount="0" falsecount="2"/>
      <line num="358" count="0" type="stmt"/>
      <line num="361" count="0" type="stmt"/>
      <line num="363" count="0" type="stmt"/>
      <line num="369" count="0" type="stmt"/>
      <line num="377" count="1" type="stmt"/>
    </file>
    <file name="metadataExtractor.js" path="C:\Users\Chris\cFish.io\ucfish-scraper\src\metadataExtractor.js">
      <metrics statements="172" coveredstatements="0" conditionals="72" coveredconditionals="0" methods="34" coveredmethods="0"/>
      <line num="11" count="0" type="stmt"/>
      <line num="12" count="0" type="stmt"/>
      <line num="13" count="0" type="stmt"/>
      <line num="14" count="0" type="stmt"/>
      <line num="17" count="0" type="stmt"/>
      <line num="21" count="0" type="cond" truecount="0" falsecount="2"/>
      <line num="22" count="0" type="cond" truecount="0" falsecount="2"/>
      <line num="23" count="0" type="cond" truecount="0" falsecount="2"/>
      <line num="24" count="0" type="stmt"/>
      <line num="27" count="0" type="stmt"/>
      <line num="28" count="0" type="stmt"/>
      <line num="35" count="0" type="stmt"/>
      <line num="38" count="0" type="stmt"/>
      <line num="48" count="0" type="cond" truecount="0" falsecount="2"/>
      <line num="49" count="0" type="stmt"/>
      <line num="60" count="0" type="cond" truecount="0" falsecount="2"/>
      <line num="61" count="0" type="stmt"/>
      <line num="64" count="0" type="stmt"/>
      <line num="66" count="0" type="stmt"/>
      <line num="67" count="0" type="stmt"/>
      <line num="78" count="0" type="stmt"/>
      <line num="80" count="0" type="stmt"/>
      <line num="83" count="0" type="stmt"/>
      <line num="86" count="0" type="stmt"/>
      <line num="89" count="0" type="stmt"/>
      <line num="92" count="0" type="stmt"/>
      <line num="95" count="0" type="stmt"/>
      <line num="98" count="0" type="stmt"/>
      <line num="101" count="0" type="stmt"/>
      <line num="104" count="0" type="stmt"/>
      <line num="109" count="0" type="stmt"/>
      <line num="111" count="0" type="stmt"/>
      <line num="113" count="0" type="stmt"/>
      <line num="116" count="0" type="stmt"/>
      <line num="126" count="0" type="stmt"/>
      <line num="128" count="0" type="stmt"/>
      <line num="129" count="0" type="stmt"/>
      <line num="130" count="0" type="stmt"/>
      <line num="136" count="0" type="stmt"/>
      <line num="137" count="0" type="cond" truecount="0" falsecount="4"/>
      <line num="138" count="0" type="stmt"/>
      <line num="139" count="0" type="stmt"/>
      <line num="143" count="0" type="stmt"/>
      <line num="146" count="0" type="stmt"/>
      <line num="156" count="0" type="stmt"/>
      <line num="158" count="0" type="stmt"/>
      <line num="159" count="0" type="stmt"/>
      <line num="160" count="0" type="stmt"/>
      <line num="166" count="0" type="stmt"/>
      <line num="167" count="0" type="cond" truecount="0" falsecount="4"/>
      <line num="168" count="0" type="stmt"/>
      <line num="169" count="0" type="stmt"/>
      <line num="173" count="0" type="stmt"/>
      <line num="176" count="0" type="stmt"/>
      <line num="186" count="0" type="stmt"/>
      <line num="188" count="0" type="stmt"/>
      <line num="189" count="0" type="stmt"/>
      <line num="190" count="0" type="stmt"/>
      <line num="191" count="0" type="stmt"/>
      <line num="192" count="0" type="stmt"/>
      <line num="194" count="0" type="stmt"/>
      <line num="196" count="0" type="stmt"/>
      <line num="199" count="0" type="stmt"/>
      <line num="201" count="0" type="stmt"/>
      <line num="204" count="0" type="stmt"/>
      <line num="214" count="0" type="stmt"/>
      <line num="216" count="0" type="stmt"/>
      <line num="218" count="0" type="stmt"/>
      <line num="220" count="0" type="stmt"/>
      <line num="226" count="0" type="stmt"/>
      <line num="227" count="0" type="stmt"/>
      <line num="228" count="0" type="stmt"/>
      <line num="232" count="0" type="cond" truecount="0" falsecount="2"/>
      <line num="233" count="0" type="stmt"/>
      <line num="234" count="0" type="cond" truecount="0" falsecount="2"/>
      <line num="235" count="0" type="stmt"/>
      <line num="236" count="0" type="cond" truecount="0" falsecount="2"/>
      <line num="237" count="0" type="stmt"/>
      <line num="238" count="0" type="cond" truecount="0" falsecount="2"/>
      <line num="239" count="0" type="cond" truecount="0" falsecount="2"/>
      <line num="241" count="0" type="stmt"/>
      <line num="245" count="0" type="cond" truecount="0" falsecount="2"/>
      <line num="246" count="0" type="stmt"/>
      <line num="249" count="0" type="stmt"/>
      <line num="252" count="0" type="stmt"/>
      <line num="255" count="0" type="stmt"/>
      <line num="258" count="0" type="stmt"/>
      <line num="260" count="0" type="stmt"/>
      <line num="263" count="0" type="stmt"/>
      <line num="273" count="0" type="stmt"/>
      <line num="275" count="0" type="stmt"/>
      <line num="276" count="0" type="stmt"/>
      <line num="277" count="0" type="stmt"/>
      <line num="278" count="0" type="stmt"/>
      <line num="279" count="0" type="stmt"/>
      <line num="280" count="0" type="stmt"/>
      <line num="282" count="0" type="stmt"/>
      <line num="286" count="0" type="stmt"/>
      <line num="288" count="0" type="cond" truecount="0" falsecount="4"/>
      <line num="289" count="0" type="stmt"/>
      <line num="290" count="0" type="cond" truecount="0" falsecount="5"/>
      <line num="291" count="0" type="stmt"/>
      <line num="295" count="0" type="stmt"/>
      <line num="298" count="0" type="stmt"/>
      <line num="308" count="0" type="stmt"/>
      <line num="310" count="0" type="stmt"/>
      <line num="311" count="0" type="stmt"/>
      <line num="312" count="0" type="stmt"/>
      <line num="319" count="0" type="stmt"/>
      <line num="320" count="0" type="cond" truecount="0" falsecount="4"/>
      <line num="322" count="0" type="cond" truecount="0" falsecount="2"/>
      <line num="323" count="0" type="stmt"/>
      <line num="326" count="0" type="stmt"/>
      <line num="333" count="0" type="stmt"/>
      <line num="336" count="0" type="stmt"/>
      <line num="347" count="0" type="stmt"/>
      <line num="357" count="0" type="stmt"/>
      <line num="359" count="0" type="stmt"/>
      <line num="362" count="0" type="stmt"/>
      <line num="363" count="0" type="stmt"/>
      <line num="366" count="0" type="stmt"/>
      <line num="367" count="0" type="stmt"/>
      <line num="369" count="0" type="cond" truecount="0" falsecount="2"/>
      <line num="371" count="0" type="stmt"/>
      <line num="378" count="0" type="stmt"/>
      <line num="379" count="0" type="stmt"/>
      <line num="380" count="0" type="stmt"/>
      <line num="381" count="0" type="cond" truecount="0" falsecount="2"/>
      <line num="382" count="0" type="cond" truecount="0" falsecount="2"/>
      <line num="383" count="0" type="stmt"/>
      <line num="385" count="0" type="stmt"/>
      <line num="387" count="0" type="stmt"/>
      <line num="388" count="0" type="cond" truecount="0" falsecount="2"/>
      <line num="397" count="0" type="stmt"/>
      <line num="406" count="0" type="stmt"/>
      <line num="407" count="0" type="stmt"/>
      <line num="408" count="0" type="stmt"/>
      <line num="409" count="0" type="cond" truecount="0" falsecount="2"/>
      <line num="410" count="0" type="cond" truecount="0" falsecount="2"/>
      <line num="411" count="0" type="stmt"/>
      <line num="412" count="0" type="cond" truecount="0" falsecount="2"/>
      <line num="413" count="0" type="stmt"/>
      <line num="415" count="0" type="stmt"/>
      <line num="417" count="0" type="stmt"/>
      <line num="418" count="0" type="cond" truecount="0" falsecount="2"/>
      <line num="426" count="0" type="stmt"/>
      <line num="433" count="0" type="stmt"/>
      <line num="434" count="0" type="stmt"/>
      <line num="435" count="0" type="stmt"/>
      <line num="436" count="0" type="cond" truecount="0" falsecount="2"/>
      <line num="437" count="0" type="cond" truecount="0" falsecount="2"/>
      <line num="438" count="0" type="stmt"/>
      <line num="440" count="0" type="stmt"/>
      <line num="442" count="0" type="stmt"/>
      <line num="443" count="0" type="cond" truecount="0" falsecount="2"/>
      <line num="451" count="0" type="stmt"/>
      <line num="452" count="0" type="stmt"/>
      <line num="453" count="0" type="cond" truecount="0" falsecount="2"/>
      <line num="454" count="0" type="stmt"/>
      <line num="461" count="0" type="stmt"/>
      <line num="462" count="0" type="stmt"/>
      <line num="464" count="0" type="stmt"/>
      <line num="467" count="0" type="stmt"/>
      <line num="478" count="0" type="stmt"/>
      <line num="480" count="0" type="stmt"/>
      <line num="481" count="0" type="stmt"/>
      <line num="484" count="0" type="stmt"/>
      <line num="485" count="0" type="stmt"/>
      <line num="487" count="0" type="stmt"/>
      <line num="489" count="0" type="stmt"/>
      <line num="490" count="0" type="stmt"/>
      <line num="495" count="0" type="stmt"/>
    </file>
    <file name="metadataStore.js" path="C:\Users\Chris\cFish.io\ucfish-scraper\src\metadataStore.js">
      <metrics statements="134" coveredstatements="0" conditionals="67" coveredconditionals="0" methods="23" coveredmethods="0"/>
      <line num="11" count="0" type="stmt"/>
      <line num="12" count="0" type="stmt"/>
      <line num="13" count="0" type="stmt"/>
      <line num="17" count="0" type="cond" truecount="0" falsecount="2"/>
      <line num="18" count="0" type="cond" truecount="0" falsecount="2"/>
      <line num="19" count="0" type="cond" truecount="0" falsecount="2"/>
      <line num="20" count="0" type="cond" truecount="0" falsecount="2"/>
      <line num="21" count="0" type="cond" truecount="0" falsecount="2"/>
      <line num="22" count="0" type="cond" truecount="0" falsecount="2"/>
      <line num="25" count="0" type="stmt"/>
      <line num="26" count="0" type="stmt"/>
      <line num="27" count="0" type="stmt"/>
      <line num="33" count="0" type="stmt"/>
      <line num="34" count="0" type="stmt"/>
      <line num="46" count="0" type="stmt"/>
      <line num="48" count="0" type="stmt"/>
[...]
      <line num="155" count="0" type="cond" truecount="0" falsecount="2"/>
      <line num="156" count="0" type="stmt"/>
      <line num="160" count="0" type="stmt"/>
      <line num="163" count="0" type="stmt"/>
      <line num="170" count="0" type="cond" truecount="0" falsecount="2"/>
      <line num="171" count="0" type="stmt"/>
      <line num="172" count="0" type="stmt"/>
      <line num="175" count="0" type="stmt"/>
      <line num="176" count="0" type="stmt"/>
      <line num="183" count="0" type="cond" truecount="0" falsecount="4"/>
      <line num="184" count="0" type="stmt"/>
      <line num="185" count="0" type="stmt"/>
      <line num="188" count="0" type="stmt"/>
      <line num="189" count="0" type="cond" truecount="0" falsecount="2"/>
      <line num="190" count="0" type="stmt"/>
      <line num="191" count="0" type="stmt"/>
      <line num="195" count="0" type="stmt"/>
      <line num="198" count="0" type="stmt"/>
      <line num="208" count="0" type="cond" truecount="0" falsecount="2"/>
      <line num="209" count="0" type="stmt"/>
      <line num="212" count="0" type="cond" truecount="0" falsecount="2"/>
      <line num="214" count="0" type="stmt"/>
      <line num="215" count="0" type="cond" truecount="0" falsecount="2"/>
      <line num="216" count="0" type="stmt"/>
      <line num="221" count="0" type="stmt"/>
      <line num="224" count="0" type="stmt"/>
      <line num="227" count="0" type="stmt"/>
      <line num="234" count="0" type="stmt"/>
      <line num="236" count="0" type="stmt"/>
      <line num="239" count="0" type="stmt"/>
      <line num="240" count="0" type="stmt"/>
      <line num="242" count="0" type="cond" truecount="0" falsecount="2"/>
      <line num="246" count="0" type="cond" truecount="0" falsecount="2"/>
      <line num="247" count="0" type="stmt"/>
      <line num="248" count="0" type="stmt"/>
      <line num="252" count="0" type="stmt"/>
      <line num="258" count="0" type="stmt"/>
      <line num="269" count="0" type="stmt"/>
      <line num="270" count="0" type="stmt"/>
      <line num="271" count="0" type="stmt"/>
      <line num="272" count="0" type="stmt"/>
      <line num="273" count="0" type="cond" truecount="0" falsecount="2"/>
      <line num="275" count="0" type="stmt"/>
      <line num="299" count="0" type="stmt"/>
      <line num="300" count="0" type="stmt"/>
      <line num="302" count="0" type="stmt"/>
      <line num="311" count="0" type="stmt"/>
      <line num="319" count="0" type="stmt"/>
    </file>
    <file name="requestManager.js" path="C:\Users\Chris\cFish.io\ucfish-scraper\src\requestManager.js">
      <metrics statements="66" coveredstatements="0" conditionals="34" coveredconditionals="0" methods="14" coveredmethods="0"/>
      <line num="10" count="0" type="stmt"/>
      <line num="11" count="0" type="stmt"/>
      <line num="12" count="0" type="stmt"/>
      <line num="13" count="0" type="stmt"/>
      <line num="14" count="0" type="stmt"/>
      <line num="17" count="0" type="stmt"/>
      <line num="21" count="0" type="stmt"/>
      <line num="30" count="0" type="cond" truecount="0" falsecount="2"/>
      <line num="31" count="0" type="stmt"/>
      <line num="35" count="0" type="cond" truecount="0" falsecount="4"/>
      <line num="36" count="0" type="cond" truecount="0" falsecount="2"/>
      <line num="37" count="0" type="cond" truecount="0" falsecount="2"/>
      <line num="38" count="0" type="cond" truecount="0" falsecount="2"/>
      <line num="39" count="0" type="cond" truecount="0" falsecount="2"/>
      <line num="42" count="0" type="cond" truecount="0" falsecount="4"/>
      <line num="43" count="0" type="stmt"/>
      <line num="46" count="0" type="stmt"/>
      <line num="58" count="0" type="stmt"/>
      <line num="59" count="0" type="stmt"/>
      <line num="62" count="0" type="cond" truecount="0" falsecount="2"/>
      <line num="63" count="0" type="stmt"/>
      <line num="72" count="0" type="stmt"/>
      <line num="73" count="0" type="stmt"/>
      <line num="84" count="0" type="stmt"/>
      <line num="87" count="0" type="stmt"/>
      <line num="90" count="0" type="cond" truecount="0" falsecount="2"/>
      <line num="92" count="0" type="stmt"/>
      <line num="93" count="0" type="stmt"/>
      <line num="96" count="0" type="stmt"/>
      <line num="106" count="0" type="stmt"/>
      <line num="107" count="0" type="stmt"/>
      <line num="109" count="0" type="stmt"/>
      <line num="110" count="0" type="stmt"/>
      <line num="112" count="0" type="cond" truecount="0" falsecount="2"/>
      <line num="113" count="0" type="cond" truecount="0" falsecount="2"/>
      <line num="114" count="0" type="stmt"/>
      <line num="118" count="0" type="stmt"/>
      <line num="121" count="0" type="stmt"/>
      <line num="123" count="0" type="stmt"/>
      <line num="125" count="0" type="stmt"/>
      <line num="126" count="0" type="stmt"/>
      <line num="129" count="0" type="stmt"/>
      <line num="137" count="0" type="stmt"/>
      <line num="140" count="0" type="cond" truecount="0" falsecount="2"/>
      <line num="141" count="0" type="stmt"/>
      <line num="145" count="0" type="stmt"/>
      <line num="146" count="0" type="stmt"/>
      <line num="149" count="0" type="stmt"/>
      <line num="154" count="0" type="stmt"/>
      <line num="157" count="0" type="stmt"/>
      <line num="168" count="0" type="cond" truecount="0" falsecount="2"/>
      <line num="169" count="0" type="cond" truecount="0" falsecount="2"/>
      <line num="170" count="0" type="stmt"/>
      <line num="174" count="0" type="stmt"/>
      <line num="185" count="0" type="stmt"/>
      <line num="198" count="0" type="stmt"/>
      <line num="209" count="0" type="stmt"/>
      <line num="210" count="0" type="stmt"/>
      <line num="213" count="0" type="stmt"/>
      <line num="215" count="0" type="stmt"/>
      <line num="221" count="0" type="stmt"/>
      <line num="229" count="0" type="stmt"/>
      <line num="236" count="0" type="stmt"/>
      <line num="243" count="0" type="stmt"/>
      <line num="250" count="0" type="stmt"/>
      <line num="254" count="0" type="stmt"/>
    </file>
    <file name="scraper.js" path="C:\Users\Chris\cFish.io\ucfish-scraper\src\scraper.js">
      <metrics statements="176" coveredstatements="0" conditionals="50" coveredconditionals="0" methods="13" coveredmethods="0"/>
      <line num="11" count="0" type="stmt"/>
      <line num="12" count="0" type="stmt"/>
      <line num="13" count="0" type="stmt"/>
      <line num="14" count="0" type="stmt"/>
      <line num="15" count="0" type="stmt"/>
      <line num="16" count="0" type="stmt"/>
      <line num="17" count="0" type="stmt"/>
      <line num="18" count="0" type="stmt"/>
      <line num="19" count="0" type="stmt"/>
      <line num="20" count="0" type="stmt"/>
      <line num="21" count="0" type="stmt"/>
      <line num="22" count="0" type="stmt"/>
      <line num="23" count="0" type="stmt"/>
      <line num="26" count="0" type="stmt"/>
      <line num="30" count="0" type="cond" truecount="0" falsecount="2"/>
      <line num="31" count="0" type="cond" truecount="0" falsecount="4"/>
      <line num="32" count="0" type="cond" truecount="0" falsecount="2"/>
      <line num="33" count="0" type="cond" truecount="0" falsecount="4"/>
      <line num="34" count="0" type="cond" truecount="0" falsecount="4"/>
      <line num="35" count="0" type="cond" truecount="0" falsecount="2"/>
      <line num="36" count="0" type="stmt"/>
      <line num="37" count="0" type="stmt"/>
      <line num="38" count="0" type="stmt"/>
      <line num="41" count="0" type="stmt"/>
      <line num="47" count="0" type="stmt"/>
      <line num="51" count="0" type="stmt"/>
      <line num="55" count="0" type="stmt"/>
      <line num="60" count="0" type="stmt"/>
      <line num="64" count="0" type="stmt"/>
      <line num="68" count="0" type="stmt"/>
      <line num="72" count="0" type="stmt"/>
      <line num="76" count="0" type="stmt"/>
      <line num="81" count="0" type="stmt"/>
      <line num="86" count="0" type="stmt"/>
      <line num="97" count="0" type="stmt"/>
      <line num="108" count="0" type="stmt"/>
      <line num="114" count="0" type="stmt"/>
      <line num="116" count="0" type="stmt"/>
      <line num="117" count="0" type="stmt"/>
      <line num="118" count="0" type="stmt"/>
      <line num="121" count="0" type="stmt"/>
      <line num="124" count="0" type="cond" truecount="0" falsecount="2"/>
      <line num="125" count="0" type="stmt"/>
      <line num="129" count="0" type="stmt"/>
      <line num="132" count="0" type="cond" truecount="0" falsecount="2"/>
      <line num="133" count="0" type="stmt"/>
      <line num="136" count="0" type="stmt"/>
      <line num="137" count="0" type="stmt"/>
      <line num="140" count="0" type="stmt"/>
      <line num="143" count="0" type="stmt"/>
      <line num="146" count="0" type="stmt"/>
      <line num="149" count="0" type="stmt"/>
      <line num="152" count="0" type="cond" truecount="0" falsecount="2"/>
      <line num="153" count="0" type="stmt"/>
      <line num="157" count="0" type="stmt"/>
      <line num="158" count="0" type="stmt"/>
      <line num="161" count="0" type="stmt"/>
      <line num="163" count="0" type="stmt"/>
      <line num="166" count="0" type="stmt"/>
      <line num="167" count="0" type="stmt"/>
      <line num="170" count="0" type="stmt"/>
      <line num="173" count="0" type="cond" truecount="0" falsecount="2"/>
      <line num="174" count="0" type="stmt"/>
      <line num="177" count="0" type="stmt"/>
      <line num="180" count="0" type="stmt"/>
      <line num="183" count="0" type="stmt"/>
      <line num="193" count="0" type="stmt"/>
      <line num="195" count="0" type="stmt"/>
      <line num="196" count="0" type="stmt"/>
      <line num="197" count="0" type="stmt"/>
      <line num="200" count="0" type="stmt"/>
      <line num="202" count="0" type="stmt"/>
      <line num="204" count="0" type="stmt"/>
      <line num="205" count="0" type="stmt"/>
      <line num="215" count="0" type="stmt"/>
      <line num="217" count="0" type="stmt"/>
      <line num="218" count="0" type="stmt"/>
      <line num="219" count="0" type="stmt"/>
      <line num="221" count="0" type="stmt"/>
      <line num="223" count="0" type="stmt"/>
      <line num="233" count="0" type="stmt"/>
      <line num="235" count="0" type="stmt"/>
      <line num="237" count="0" type="cond" truecount="0" falsecount="2"/>
      <line num="238" count="0" type="stmt"/>
      <line num="241" count="0" type="stmt"/>
      <line num="244" count="0" type="stmt"/>
      <line num="250" count="0" type="cond" truecount="0" falsecount="2"/>
      <line num="251" count="0" type="stmt"/>
      <line num="254" count="0" type="cond" truecount="0" falsecount="2"/>
      <line num="255" count="0" type="stmt"/>
      <line num="258" count="0" type="cond" truecount="0" falsecount="2"/>
      <line num="259" count="0" type="stmt"/>
      <line num="263" count="0" type="stmt"/>
      <line num="264" count="0" type="stmt"/>
      <line num="267" count="0" type="stmt"/>
      <line num="269" count="0" type="stmt"/>
      <line num="271" count="0" type="stmt"/>
      <line num="274" count="0" type="stmt"/>
      <line num="275" count="0" type="stmt"/>
      <line num="277" count="0" type="stmt"/>
      <line num="278" count="0" type="stmt"/>
      <line num="279" count="0" type="stmt"/>
      <line num="289" count="0" type="stmt"/>
      <line num="291" count="0" type="stmt"/>
      <line num="294" count="0" type="stmt"/>
      <line num="306" count="0" type="stmt"/>
      <line num="307" count="0" type="stmt"/>
      <line num="309" count="0" type="stmt"/>
      <line num="311" count="0" type="stmt"/>
      <line num="322" count="0" type="stmt"/>
      <line num="323" count="0" type="stmt"/>
      <line num="326" count="0" type="stmt"/>
      <line num="329" count="0" type="stmt"/>
      <line num="332" count="0" type="stmt"/>
      <line num="335" count="0" type="stmt"/>
      <line num="337" count="0" type="stmt"/>
      <line num="340" count="0" type="stmt"/>
      <line num="342" count="0" type="stmt"/>
      <line num="344" count="0" type="stmt"/>
      <line num="345" count="0" type="stmt"/>
      <line num="355" count="0" type="stmt"/>
      <line num="356" count="0" type="stmt"/>
      <line num="357" count="0" type="stmt"/>
      <line num="360" count="0" type="stmt"/>
      <line num="362" count="0" type="stmt"/>
      <line num="363" count="0" type="stmt"/>
      <line num="366" count="0" type="stmt"/>
      <line num="368" count="0" type="stmt"/>
      <line num="371" count="0" type="stmt"/>
      <line num="374" count="0" type="stmt"/>
      <line num="377" count="0" type="stmt"/>
      <line num="379" count="0" type="stmt"/>
      <line num="380" count="0" type="stmt"/>
      <line num="391" count="0" type="stmt"/>
      <line num="393" count="0" type="cond" truecount="0" falsecount="2"/>
      <line num="394" count="0" type="stmt"/>
      <line num="397" count="0" type="stmt"/>
      <line num="400" count="0" type="stmt"/>
      <line num="402" count="0" type="cond" truecount="0" falsecount="2"/>
      <line num="403" count="0" type="stmt"/>
      <line num="407" count="0" type="stmt"/>
      <line num="410" count="0" type="stmt"/>
      <line num="419" count="0" type="stmt"/>
      <line num="422" count="0" type="stmt"/>
      <line num="428" count="0" type="stmt"/>
      <line num="438" count="0" type="stmt"/>
      <line num="441" count="0" type="stmt"/>
      <line num="448" count="0" type="stmt"/>
      <line num="451" count="0" type="stmt"/>
      <line num="453" count="0" type="stmt"/>
      <line num="455" count="0" type="stmt"/>
      <line num="457" count="0" type="stmt"/>
      <line num="460" count="0" type="stmt"/>
      <line num="467" count="0" type="stmt"/>
      <line num="469" count="0" type="stmt"/>
      <line num="483" count="0" type="stmt"/>
      <line num="484" count="0" type="stmt"/>
      <line num="487" count="0" type="stmt"/>
      <line num="490" count="0" type="stmt"/>
      <line num="493" count="0" type="stmt"/>
      <line num="496" count="0" type="cond" truecount="0" falsecount="2"/>
      <line num="497" count="0" type="stmt"/>
      <line num="501" count="0" type="cond" truecount="0" falsecount="2"/>
      <line num="502" count="0" type="stmt"/>
      <line num="505" count="0" type="stmt"/>
      <line num="507" count="0" type="stmt"/>
      <line num="508" count="0" type="stmt"/>
      <line num="519" count="0" type="stmt"/>
      <line num="520" count="0" type="stmt"/>
      <line num="523" count="0" type="stmt"/>
      <line num="540" count="0" type="stmt"/>
      <line num="541" count="0" type="stmt"/>
      <line num="543" count="0" type="stmt"/>
      <line num="544" count="0" type="stmt"/>
      <line num="546" count="0" type="stmt"/>
      <line num="550" count="0" type="stmt"/>
    </file>
    <file name="urlDiscovery.js" path="C:\Users\Chris\cFish.io\ucfish-scraper\src\urlDiscovery.js">
      <metrics statements="93" coveredstatements="0" conditionals="35" coveredconditionals="0" methods="13" coveredmethods="0"/>
      <line num="11" count="0" type="stmt"/>
      <line num="12" count="0" type="stmt"/>
      <line num="13" count="0" type="stmt"/>
      <line num="14" count="0" type="stmt"/>
      <line num="15" count="0" type="stmt"/>
      <line num="18" count="0" type="stmt"/>
      <line num="22" count="0" type="cond" truecount="0" falsecount="2"/>
      <line num="23" count="0" type="cond" truecount="0" falsecount="2"/>
      <line num="24" count="0" type="cond" truecount="0" falsecount="2"/>
      <line num="25" count="0" type="cond" truecount="0" falsecount="2"/>
      <line num="26" count="0" type="cond" truecount="0" falsecount="2"/>
      <line num="27" count="0" type="cond" truecount="0" falsecount="2"/>
      <line num="28" count="0" type="stmt"/>
      <line num="29" count="0" type="cond" truecount="0" falsecount="2"/>
      <line num="32" count="0" type="stmt"/>
      <line num="33" count="0" type="stmt"/>
      <line num="34" count="0" type="stmt"/>
      <line num="37" count="0" type="stmt"/>
      <line num="38" count="0" type="stmt"/>
      <line num="45" count="0" type="stmt"/>
      <line num="48" count="0" type="stmt"/>
      <line num="58" count="0" type="cond" truecount="0" falsecount="2"/>
      <line num="59" count="0" type="stmt"/>
      <line num="70" count="0" type="stmt"/>
      <line num="71" count="0" type="stmt"/>
      <line num="72" count="0" type="stmt"/>
      <line num="74" count="0" type="stmt"/>
      <line num="76" count="0" type="stmt"/>
      <line num="87" count="0" type="stmt"/>
      <line num="88" count="0" type="stmt"/>
      <line num="91" count="0" type="stmt"/>
      <line num="92" count="0" type="cond" truecount="0" falsecount="4"/>
      <line num="93" count="0" type="stmt"/>
      <line num="97" count="0" type="stmt"/>
      <line num="98" count="0" type="stmt"/>
      <line num="101" count="0" type="stmt"/>
      <line num="102" count="0" type="cond" truecount="0" falsecount="2"/>
      <line num="103" count="0" type="stmt"/>
      <line num="108" count="0" type="stmt"/>
      <line num="109" count="0" type="stmt"/>
      <line num="110" count="0" type="stmt"/>
      <line num="112" count="0" type="stmt"/>
      <line num="124" count="0" type="stmt"/>
      <line num="126" count="0" type="stmt"/>
      <line num="127" count="0" type="stmt"/>
      <line num="129" count="0" type="stmt"/>
      <line num="131" count="0" type="stmt"/>
      <line num="134" count="0" type="stmt"/>
      <line num="137" count="0" type="stmt"/>
      <line num="138" count="0" type="stmt"/>
      <line num="139" count="0" type="stmt"/>
      <line num="143" count="0" type="stmt"/>
      <line num="144" count="0" type="cond" truecount="0" falsecount="2"/>
      <line num="145" count="0" type="stmt"/>
      <line num="146" count="0" type="stmt"/>
      <line num="150" count="0" type="stmt"/>
      <line num="152" count="0" type="stmt"/>
      <line num="153" count="0" type="stmt"/>
      <line num="155" count="0" type="stmt"/>
      <line num="165" count="0" type="cond" truecount="0" falsecount="2"/>
      <line num="166" count="0" type="stmt"/>
      <line num="170" count="0" type="stmt"/>
      <line num="171" count="0" type="stmt"/>
      <line num="172" count="0" type="stmt"/>
      <line num="180" count="0" type="stmt"/>
      <line num="181" count="0" type="stmt"/>
      <line num="182" count="0" type="stmt"/>
      <line num="185" count="0" type="stmt"/>
      <line num="187" count="0" type="stmt"/>
      <line num="189" count="0" type="cond" truecount="0" falsecount="2"/>
      <line num="190" count="0" type="stmt"/>
      <line num="194" count="0" type="stmt"/>
      <line num="195" count="0" type="stmt"/>
      <line num="196" count="0" type="stmt"/>
      <line num="199" count="0" type="stmt"/>
      <line num="202" count="0" type="cond" truecount="0" falsecount="2"/>
      <line num="203" count="0" type="stmt"/>
      <line num="204" count="0" type="cond" truecount="0" falsecount="2"/>
      <line num="205" count="0" type="stmt"/>
      <line num="206" count="0" type="stmt"/>
      <line num="217" count="0" type="stmt"/>
      <line num="221" count="0" type="stmt"/>
      <line num="228" count="0" type="stmt"/>
      <line num="229" count="0" type="stmt"/>
      <line num="242" count="0" type="stmt"/>
      <line num="243" count="0" type="cond" truecount="0" falsecount="2"/>
      <line num="244" count="0" type="stmt"/>
      <line num="247" count="0" type="stmt"/>
      <line num="248" count="0" type="stmt"/>
      <line num="249" count="0" type="stmt"/>
      <line num="252" count="0" type="stmt"/>
      <line num="255" count="0" type="stmt"/>
      <line num="260" count="0" type="stmt"/>
    </file>
  </project>
</coverage>
