{"C:\\Users\\Chris\\cFish.io\\ucfish-scraper\\src\\cli.js": {"path":"C:\\Users\\Chris\\cFish.io\\ucfish-scraper\\src\\cli.js","statementMap":{"0":{"start":{"line":13,"column":20},"end":{"line":13,"column":40}},"1":{"start":{"line":14,"column":11},"end":{"line":14,"column":30}},"2":{"start":{"line":15,"column":13},"end":{"line":15,"column":28}},"3":{"start":{"line":16,"column":16},"end":{"line":16,"column":36}},"4":{"start":{"line":17,"column":24},"end":{"line":17,"column":52}},"5":{"start":{"line":18,"column":22},"end":{"line":18,"column":48}},"6":{"start":{"line":19,"column":15},"end":{"line":19,"column":32}},"7":{"start":{"line":22,"column":0},"end":{"line":22,"column":64}},"8":{"start":{"line":25,"column":20},"end":{"line":25,"column":46}},"9":{"start":{"line":28,"column":0},"end":{"line":31,"column":32}},"10":{"start":{"line":34,"column":0},"end":{"line":92,"column":5}},"11":{"start":{"line":46,"column":4},"end":{"line":91,"column":5}},"12":{"start":{"line":47,"column":6},"end":{"line":47,"column":69}},"13":{"start":{"line":48,"column":6},"end":{"line":48,"column":67}},"14":{"start":{"line":49,"column":6},"end":{"line":49,"column":50}},"15":{"start":{"line":50,"column":6},"end":{"line":50,"column":49}},"16":{"start":{"line":51,"column":6},"end":{"line":51,"column":57}},"17":{"start":{"line":52,"column":6},"end":{"line":52,"column":57}},"18":{"start":{"line":53,"column":6},"end":{"line":53,"column":55}},"19":{"start":{"line":54,"column":6},"end":{"line":54,"column":55}},"20":{"start":{"line":55,"column":6},"end":{"line":55,"column":61}},"21":{"start":{"line":56,"column":6},"end":{"line":56,"column":63}},"22":{"start":{"line":57,"column":6},"end":{"line":57,"column":67}},"23":{"start":{"line":60,"column":22},"end":{"line":69,"column":8}},"24":{"start":{"line":72,"column":21},"end":{"line":75,"column":8}},"25":{"start":{"line":77,"column":6},"end":{"line":77,"column":67}},"26":{"start":{"line":78,"column":6},"end":{"line":78,"column":40}},"27":{"start":{"line":79,"column":6},"end":{"line":79,"column":46}},"28":{"start":{"line":80,"column":6},"end":{"line":80,"column":70}},"29":{"start":{"line":81,"column":6},"end":{"line":81,"column":68}},"30":{"start":{"line":82,"column":6},"end":{"line":82,"column":62}},"31":{"start":{"line":83,"column":6},"end":{"line":83,"column":69}},"32":{"start":{"line":84,"column":6},"end":{"line":84,"column":56}},"33":{"start":{"line":85,"column":6},"end":{"line":85,"column":59}},"34":{"start":{"line":86,"column":6},"end":{"line":86,"column":67}},"35":{"start":{"line":89,"column":6},"end":{"line":89,"column":53}},"36":{"start":{"line":90,"column":6},"end":{"line":90,"column":22}},"37":{"start":{"line":95,"column":0},"end":{"line":131,"column":5}},"38":{"start":{"line":101,"column":4},"end":{"line":130,"column":5}},"39":{"start":{"line":102,"column":6},"end":{"line":102,"column":49}},"40":{"start":{"line":103,"column":6},"end":{"line":103,"column":48}},"41":{"start":{"line":104,"column":6},"end":{"line":104,"column":55}},"42":{"start":{"line":105,"column":6},"end":{"line":105,"column":52}},"43":{"start":{"line":106,"column":6},"end":{"line":106,"column":48}},"44":{"start":{"line":109,"column":23},"end":{"line":112,"column":8}},"45":{"start":{"line":115,"column":21},"end":{"line":115,"column":52}},"46":{"start":{"line":117,"column":6},"end":{"line":117,"column":48}},"47":{"start":{"line":118,"column":6},"end":{"line":118,"column":44}},"48":{"start":{"line":119,"column":6},"end":{"line":119,"column":55}},"49":{"start":{"line":120,"column":6},"end":{"line":120,"column":53}},"50":{"start":{"line":121,"column":6},"end":{"line":121,"column":54}},"51":{"start":{"line":122,"column":6},"end":{"line":122,"column":50}},"52":{"start":{"line":123,"column":6},"end":{"line":123,"column":76}},"53":{"start":{"line":124,"column":6},"end":{"line":124,"column":73}},"54":{"start":{"line":125,"column":6},"end":{"line":125,"column":48}},"55":{"start":{"line":128,"column":6},"end":{"line":128,"column":55}},"56":{"start":{"line":129,"column":6},"end":{"line":129,"column":22}},"57":{"start":{"line":134,"column":0},"end":{"line":166,"column":5}},"58":{"start":{"line":140,"column":4},"end":{"line":165,"column":5}},"59":{"start":{"line":141,"column":6},"end":{"line":141,"column":50}},"60":{"start":{"line":142,"column":6},"end":{"line":142,"column":49}},"61":{"start":{"line":143,"column":6},"end":{"line":143,"column":55}},"62":{"start":{"line":144,"column":6},"end":{"line":144,"column":52}},"63":{"start":{"line":145,"column":6},"end":{"line":145,"column":49}},"64":{"start":{"line":148,"column":20},"end":{"line":148,"column":60}},"65":{"start":{"line":149,"column":6},"end":{"line":149,"column":58}},"66":{"start":{"line":152,"column":22},"end":{"line":152,"column":65}},"67":{"start":{"line":155,"column":6},"end":{"line":155,"column":50}},"68":{"start":{"line":157,"column":6},"end":{"line":157,"column":49}},"69":{"start":{"line":158,"column":6},"end":{"line":158,"column":50}},"70":{"start":{"line":159,"column":6},"end":{"line":159,"column":57}},"71":{"start":{"line":160,"column":6},"end":{"line":160,"column":49}},"72":{"start":{"line":163,"column":6},"end":{"line":163,"column":56}},"73":{"start":{"line":164,"column":6},"end":{"line":164,"column":22}},"74":{"start":{"line":169,"column":0},"end":{"line":204,"column":5}},"75":{"start":{"line":176,"column":4},"end":{"line":203,"column":5}},"76":{"start":{"line":177,"column":6},"end":{"line":177,"column":43}},"77":{"start":{"line":178,"column":6},"end":{"line":178,"column":42}},"78":{"start":{"line":179,"column":6},"end":{"line":179,"column":55}},"79":{"start":{"line":180,"column":6},"end":{"line":180,"column":57}},"80":{"start":{"line":181,"column":6},"end":{"line":181,"column":64}},"81":{"start":{"line":182,"column":6},"end":{"line":182,"column":42}},"82":{"start":{"line":185,"column":21},"end":{"line":189,"column":8}},"83":{"start":{"line":192,"column":26},"end":{"line":192,"column":60}},"84":{"start":{"line":194,"column":6},"end":{"line":194,"column":42}},"85":{"start":{"line":195,"column":6},"end":{"line":195,"column":47}},"86":{"start":{"line":196,"column":6},"end":{"line":196,"column":92}},"87":{"start":{"line":197,"column":6},"end":{"line":197,"column":57}},"88":{"start":{"line":198,"column":6},"end":{"line":198,"column":42}},"89":{"start":{"line":201,"column":6},"end":{"line":201,"column":53}},"90":{"start":{"line":202,"column":6},"end":{"line":202,"column":22}},"91":{"start":{"line":207,"column":0},"end":{"line":259,"column":5}},"92":{"start":{"line":212,"column":4},"end":{"line":258,"column":5}},"93":{"start":{"line":213,"column":6},"end":{"line":213,"column":42}},"94":{"start":{"line":214,"column":6},"end":{"line":214,"column":41}},"95":{"start":{"line":215,"column":6},"end":{"line":215,"column":57}},"96":{"start":{"line":218,"column":29},"end":{"line":218,"column":73}},"97":{"start":{"line":219,"column":6},"end":{"line":222,"column":7}},"98":{"start":{"line":220,"column":8},"end":{"line":220,"column":61}},"99":{"start":{"line":221,"column":8},"end":{"line":221,"column":24}},"100":{"start":{"line":225,"column":25},"end":{"line":225,"column":58}},"101":{"start":{"line":226,"column":6},"end":{"line":226,"column":68}},"102":{"start":{"line":227,"column":6},"end":{"line":227,"column":56}},"103":{"start":{"line":228,"column":6},"end":{"line":228,"column":80}},"104":{"start":{"line":229,"column":6},"end":{"line":229,"column":78}},"105":{"start":{"line":230,"column":6},"end":{"line":230,"column":72}},"106":{"start":{"line":231,"column":6},"end":{"line":231,"column":41}},"107":{"start":{"line":234,"column":22},"end":{"line":237,"column":8}},"108":{"start":{"line":240,"column":21},"end":{"line":242,"column":8}},"109":{"start":{"line":244,"column":6},"end":{"line":244,"column":41}},"110":{"start":{"line":245,"column":6},"end":{"line":245,"column":42}},"111":{"start":{"line":246,"column":6},"end":{"line":246,"column":46}},"112":{"start":{"line":247,"column":6},"end":{"line":247,"column":70}},"113":{"start":{"line":248,"column":6},"end":{"line":248,"column":68}},"114":{"start":{"line":249,"column":6},"end":{"line":249,"column":62}},"115":{"start":{"line":250,"column":6},"end":{"line":250,"column":69}},"116":{"start":{"line":251,"column":6},"end":{"line":251,"column":56}},"117":{"start":{"line":252,"column":6},"end":{"line":252,"column":59}},"118":{"start":{"line":253,"column":6},"end":{"line":253,"column":41}},"119":{"start":{"line":256,"column":6},"end":{"line":256,"column":53}},"120":{"start":{"line":257,"column":6},"end":{"line":257,"column":22}},"121":{"start":{"line":268,"column":16},"end":{"line":268,"column":18}},"122":{"start":{"line":271,"column":20},"end":{"line":271,"column":66}},"123":{"start":{"line":273,"column":4},"end":{"line":281,"column":5}},"124":{"start":{"line":274,"column":23},"end":{"line":274,"column":49}},"125":{"start":{"line":276,"column":6},"end":{"line":280,"column":7}},"126":{"start":{"line":277,"column":8},"end":{"line":277,"column":29}},"127":{"start":{"line":278,"column":13},"end":{"line":280,"column":7}},"128":{"start":{"line":279,"column":8},"end":{"line":279,"column":29}},"129":{"start":{"line":284,"column":2},"end":{"line":284,"column":24}},"130":{"start":{"line":285,"column":2},"end":{"line":285,"column":15}},"131":{"start":{"line":296,"column":16},"end":{"line":296,"column":39}},"132":{"start":{"line":297,"column":2},"end":{"line":297,"column":62}},"133":{"start":{"line":298,"column":2},"end":{"line":298,"column":91}},"134":{"start":{"line":301,"column":2},"end":{"line":301,"column":15}},"135":{"start":{"line":304,"column":27},"end":{"line":304,"column":29}},"136":{"start":{"line":306,"column":2},"end":{"line":318,"column":3}},"137":{"start":{"line":307,"column":25},"end":{"line":307,"column":53}},"138":{"start":{"line":308,"column":22},"end":{"line":308,"column":48}},"139":{"start":{"line":310,"column":4},"end":{"line":312,"column":5}},"140":{"start":{"line":311,"column":6},"end":{"line":311,"column":39}},"141":{"start":{"line":314,"column":4},"end":{"line":317,"column":7}},"142":{"start":{"line":321,"column":2},"end":{"line":321,"column":40}},"143":{"start":{"line":323,"column":2},"end":{"line":327,"column":3}},"144":{"start":{"line":324,"column":20},"end":{"line":324,"column":68}},"145":{"start":{"line":325,"column":19},"end":{"line":325,"column":64}},"146":{"start":{"line":326,"column":4},"end":{"line":326,"column":46}},"147":{"start":{"line":329,"column":2},"end":{"line":329,"column":18}},"148":{"start":{"line":332,"column":2},"end":{"line":356,"column":3}},"149":{"start":{"line":333,"column":20},"end":{"line":333,"column":68}},"150":{"start":{"line":334,"column":4},"end":{"line":334,"column":35}},"151":{"start":{"line":336,"column":21},"end":{"line":336,"column":48}},"152":{"start":{"line":339,"column":4},"end":{"line":339,"column":36}},"153":{"start":{"line":340,"column":4},"end":{"line":340,"column":36}},"154":{"start":{"line":342,"column":4},"end":{"line":353,"column":5}},"155":{"start":{"line":343,"column":6},"end":{"line":352,"column":7}},"156":{"start":{"line":345,"column":24},"end":{"line":345,"column":80}},"157":{"start":{"line":346,"column":27},"end":{"line":346,"column":95}},"158":{"start":{"line":347,"column":22},"end":{"line":347,"column":60}},"159":{"start":{"line":349,"column":8},"end":{"line":349,"column":87}},"160":{"start":{"line":351,"column":8},"end":{"line":351,"column":97}},"161":{"start":{"line":355,"column":4},"end":{"line":355,"column":20}},"162":{"start":{"line":358,"column":2},"end":{"line":358,"column":17}},"163":{"start":{"line":362,"column":0},"end":{"line":362,"column":28}},"164":{"start":{"line":365,"column":0},"end":{"line":367,"column":1}},"165":{"start":{"line":366,"column":2},"end":{"line":366,"column":23}}},"fnMap":{"0":{"name":"(anonymous_0)","decl":{"start":{"line":45,"column":10},"end":{"line":45,"column":11}},"loc":{"start":{"line":45,"column":29},"end":{"line":92,"column":3}},"line":45},"1":{"name":"(anonymous_1)","decl":{"start":{"line":100,"column":10},"end":{"line":100,"column":11}},"loc":{"start":{"line":100,"column":29},"end":{"line":131,"column":3}},"line":100},"2":{"name":"(anonymous_2)","decl":{"start":{"line":139,"column":10},"end":{"line":139,"column":11}},"loc":{"start":{"line":139,"column":29},"end":{"line":166,"column":3}},"line":139},"3":{"name":"(anonymous_3)","decl":{"start":{"line":175,"column":10},"end":{"line":175,"column":11}},"loc":{"start":{"line":175,"column":29},"end":{"line":204,"column":3}},"line":175},"4":{"name":"(anonymous_4)","decl":{"start":{"line":211,"column":10},"end":{"line":211,"column":11}},"loc":{"start":{"line":211,"column":29},"end":{"line":259,"column":3}},"line":211},"5":{"name":"getAllMarkdownFiles","decl":{"start":{"line":267,"column":15},"end":{"line":267,"column":34}},"loc":{"start":{"line":267,"column":46},"end":{"line":286,"column":1}},"line":267},"6":{"name":"walk","decl":{"start":{"line":270,"column":17},"end":{"line":270,"column":21}},"loc":{"start":{"line":270,"column":27},"end":{"line":282,"column":3}},"line":270},"7":{"name":"generateSummary","decl":{"start":{"line":295,"column":15},"end":{"line":295,"column":30}},"loc":{"start":{"line":295,"column":47},"end":{"line":359,"column":1}},"line":295}},"branchMap":{"0":{"loc":{"start":{"line":38,"column":74},"end":{"line":38,"column":102}},"type":"binary-expr","locations":[{"start":{"line":38,"column":74},"end":{"line":38,"column":95}},{"start":{"line":38,"column":99},"end":{"line":38,"column":102}}],"line":38},"1":{"loc":{"start":{"line":40,"column":81},"end":{"line":40,"column":122}},"type":"binary-expr","locations":[{"start":{"line":40,"column":81},"end":{"line":40,"column":115}},{"start":{"line":40,"column":119},"end":{"line":40,"column":122}}],"line":40},"2":{"loc":{"start":{"line":41,"column":87},"end":{"line":41,"column":122}},"type":"binary-expr","locations":[{"start":{"line":41,"column":87},"end":{"line":41,"column":112}},{"start":{"line":41,"column":116},"end":{"line":41,"column":122}}],"line":41},"3":{"loc":{"start":{"line":219,"column":6},"end":{"line":222,"column":7}},"type":"if","locations":[{"start":{"line":219,"column":6},"end":{"line":222,"column":7}},{"start":{},"end":{}}],"line":219},"4":{"loc":{"start":{"line":276,"column":6},"end":{"line":280,"column":7}},"type":"if","locations":[{"start":{"line":276,"column":6},"end":{"line":280,"column":7}},{"start":{"line":278,"column":13},"end":{"line":280,"column":7}}],"line":276},"5":{"loc":{"start":{"line":278,"column":13},"end":{"line":280,"column":7}},"type":"if","locations":[{"start":{"line":278,"column":13},"end":{"line":280,"column":7}},{"start":{},"end":{}}],"line":278},"6":{"loc":{"start":{"line":278,"column":17},"end":{"line":278,"column":61}},"type":"binary-expr","locations":[{"start":{"line":278,"column":17},"end":{"line":278,"column":31}},{"start":{"line":278,"column":35},"end":{"line":278,"column":61}}],"line":278},"7":{"loc":{"start":{"line":310,"column":4},"end":{"line":312,"column":5}},"type":"if","locations":[{"start":{"line":310,"column":4},"end":{"line":312,"column":5}},{"start":{},"end":{}}],"line":310},"8":{"loc":{"start":{"line":324,"column":20},"end":{"line":324,"column":68}},"type":"cond-expr","locations":[{"start":{"line":324,"column":40},"end":{"line":324,"column":56}},{"start":{"line":324,"column":59},"end":{"line":324,"column":68}}],"line":324},"9":{"loc":{"start":{"line":333,"column":20},"end":{"line":333,"column":68}},"type":"cond-expr","locations":[{"start":{"line":333,"column":40},"end":{"line":333,"column":56}},{"start":{"line":333,"column":59},"end":{"line":333,"column":68}}],"line":333},"10":{"loc":{"start":{"line":346,"column":27},"end":{"line":346,"column":95}},"type":"binary-expr","locations":[{"start":{"line":346,"column":27},"end":{"line":346,"column":53}},{"start":{"line":346,"column":57},"end":{"line":346,"column":95}}],"line":346},"11":{"loc":{"start":{"line":347,"column":22},"end":{"line":347,"column":60}},"type":"cond-expr","locations":[{"start":{"line":347,"column":35},"end":{"line":347,"column":48}},{"start":{"line":347,"column":51},"end":{"line":347,"column":60}}],"line":347},"12":{"loc":{"start":{"line":365,"column":0},"end":{"line":367,"column":1}},"type":"if","locations":[{"start":{"line":365,"column":0},"end":{"line":367,"column":1}},{"start":{},"end":{}}],"line":365}},"s":{"0":0,"1":0,"2":0,"3":0,"4":0,"5":0,"6":0,"7":0,"8":0,"9":0,"10":0,"11":0,"12":0,"13":0,"14":0,"15":0,"16":0,"17":0,"18":0,"19":0,"20":0,"21":0,"22":0,"23":0,"24":0,"25":0,"26":0,"27":0,"28":0,"29":0,"30":0,"31":0,"32":0,"33":0,"34":0,"35":0,"36":0,"37":0,"38":0,"39":0,"40":0,"41":0,"42":0,"43":0,"44":0,"45":0,"46":0,"47":0,"48":0,"49":0,"50":0,"51":0,"52":0,"53":0,"54":0,"55":0,"56":0,"57":0,"58":0,"59":0,"60":0,"61":0,"62":0,"63":0,"64":0,"65":0,"66":0,"67":0,"68":0,"69":0,"70":0,"71":0,"72":0,"73":0,"74":0,"75":0,"76":0,"77":0,"78":0,"79":0,"80":0,"81":0,"82":0,"83":0,"84":0,"85":0,"86":0,"87":0,"88":0,"89":0,"90":0,"91":0,"92":0,"93":0,"94":0,"95":0,"96":0,"97":0,"98":0,"99":0,"100":0,"101":0,"102":0,"103":0,"104":0,"105":0,"106":0,"107":0,"108":0,"109":0,"110":0,"111":0,"112":0,"113":0,"114":0,"115":0,"116":0,"117":0,"118":0,"119":0,"120":0,"121":0,"122":0,"123":0,"124":0,"125":0,"126":0,"127":0,"128":0,"129":0,"130":0,"131":0,"132":0,"133":0,"134":0,"135":0,"136":0,"137":0,"138":0,"139":0,"140":0,"141":0,"142":0,"143":0,"144":0,"145":0,"146":0,"147":0,"148":0,"149":0,"150":0,"151":0,"152":0,"153":0,"154":0,"155":0,"156":0,"157":0,"158":0,"159":0,"160":0,"161":0,"162":0,"163":0,"164":0,"165":0},"f":{"0":0,"1":0,"2":0,"3":0,"4":0,"5":0,"6":0,"7":0},"b":{"0":[0,0],"1":[0,0],"2":[0,0],"3":[0,0],"4":[0,0],"5":[0,0],"6":[0,0],"7":[0,0],"8":[0,0],"9":[0,0],"10":[0,0],"11":[0,0],"12":[0,0]}}
,"C:\\Users\\Chris\\cFish.io\\ucfish-scraper\\src\\contentExtractor.js": {"path":"C:\\Users\\Chris\\cFish.io\\ucfish-scraper\\src\\contentExtractor.js","statementMap":{"0":{"start":{"line":11,"column":21},"end":{"line":11,"column":42}},"1":{"start":{"line":12,"column":24},"end":{"line":12,"column":55}},"2":{"start":{"line":13,"column":18},"end":{"line":13,"column":34}},"3":{"start":{"line":14,"column":11},"end":{"line":14,"column":30}},"4":{"start":{"line":15,"column":13},"end":{"line":15,"column":28}},"5":{"start":{"line":16,"column":15},"end":{"line":16,"column":32}},"6":{"start":{"line":17,"column":17},"end":{"line":17,"column":45}},"7":{"start":{"line":18,"column":16},"end":{"line":18,"column":34}},"8":{"start":{"line":19,"column":12},"end":{"line":19,"column":26}},"9":{"start":{"line":20,"column":14},"end":{"line":20,"column":30}},"10":{"start":{"line":23,"column":0},"end":{"line":23,"column":64}},"11":{"start":{"line":27,"column":4},"end":{"line":27,"column":76}},"12":{"start":{"line":28,"column":4},"end":{"line":28,"column":78}},"13":{"start":{"line":29,"column":4},"end":{"line":29,"column":68}},"14":{"start":{"line":30,"column":4},"end":{"line":30,"column":161}},"15":{"start":{"line":31,"column":4},"end":{"line":31,"column":52}},"16":{"start":{"line":32,"column":4},"end":{"line":32,"column":55}},"17":{"start":{"line":33,"column":4},"end":{"line":33,"column":53}},"18":{"start":{"line":34,"column":4},"end":{"line":34,"column":57}},"19":{"start":{"line":35,"column":4},"end":{"line":35,"column":57}},"20":{"start":{"line":36,"column":4},"end":{"line":36,"column":53}},"21":{"start":{"line":37,"column":4},"end":{"line":37,"column":59}},"22":{"start":{"line":40,"column":4},"end":{"line":49,"column":6}},"23":{"start":{"line":52,"column":4},"end":{"line":52,"column":99}},"24":{"start":{"line":53,"column":4},"end":{"line":53,"column":25}},"25":{"start":{"line":56,"column":4},"end":{"line":56,"column":37}},"26":{"start":{"line":57,"column":4},"end":{"line":57,"column":37}},"27":{"start":{"line":58,"column":4},"end":{"line":58,"column":34}},"28":{"start":{"line":65,"column":4},"end":{"line":76,"column":5}},"29":{"start":{"line":66,"column":6},"end":{"line":72,"column":7}},"30":{"start":{"line":67,"column":32},"end":{"line":67,"column":67}},"31":{"start":{"line":68,"column":8},"end":{"line":68,"column":41}},"32":{"start":{"line":69,"column":8},"end":{"line":69,"column":89}},"33":{"start":{"line":71,"column":8},"end":{"line":71,"column":60}},"34":{"start":{"line":74,"column":6},"end":{"line":74,"column":77}},"35":{"start":{"line":75,"column":6},"end":{"line":75,"column":58}},"36":{"start":{"line":86,"column":20},"end":{"line":86,"column":48}},"37":{"start":{"line":88,"column":4},"end":{"line":116,"column":5}},"38":{"start":{"line":89,"column":6},"end":{"line":91,"column":7}},"39":{"start":{"line":90,"column":8},"end":{"line":90,"column":25}},"40":{"start":{"line":93,"column":24},"end":{"line":93,"column":42}},"41":{"start":{"line":94,"column":23},"end":{"line":94,"column":41}},"42":{"start":{"line":95,"column":23},"end":{"line":95,"column":41}},"43":{"start":{"line":98,"column":6},"end":{"line":100,"column":7}},"44":{"start":{"line":99,"column":8},"end":{"line":99,"column":80}},"45":{"start":{"line":103,"column":6},"end":{"line":110,"column":7}},"46":{"start":{"line":104,"column":8},"end":{"line":109,"column":9}},"47":{"start":{"line":105,"column":10},"end":{"line":108,"column":11}},"48":{"start":{"line":106,"column":12},"end":{"line":106,"column":63}},"49":{"start":{"line":107,"column":12},"end":{"line":107,"column":18}},"50":{"start":{"line":112,"column":6},"end":{"line":112,"column":23}},"51":{"start":{"line":114,"column":6},"end":{"line":114,"column":67}},"52":{"start":{"line":115,"column":6},"end":{"line":115,"column":23}},"53":{"start":{"line":127,"column":4},"end":{"line":129,"column":5}},"54":{"start":{"line":128,"column":6},"end":{"line":128,"column":18}},"55":{"start":{"line":131,"column":4},"end":{"line":138,"column":5}},"56":{"start":{"line":132,"column":6},"end":{"line":137,"column":7}},"57":{"start":{"line":133,"column":8},"end":{"line":136,"column":10}},"58":{"start":{"line":140,"column":4},"end":{"line":140,"column":16}},"59":{"start":{"line":147,"column":4},"end":{"line":149,"column":7}},"60":{"start":{"line":150,"column":4},"end":{"line":153,"column":7}},"61":{"start":{"line":160,"column":4},"end":{"line":162,"column":5}},"62":{"start":{"line":161,"column":6},"end":{"line":161,"column":33}},"63":{"start":{"line":173,"column":21},"end":{"line":173,"column":30}},"64":{"start":{"line":176,"column":19},"end":{"line":176,"column":39}},"65":{"start":{"line":177,"column":4},"end":{"line":177,"column":61}},"66":{"start":{"line":180,"column":24},"end":{"line":180,"column":79}},"67":{"start":{"line":181,"column":25},"end":{"line":181,"column":63}},"68":{"start":{"line":182,"column":4},"end":{"line":182,"column":35}},"69":{"start":{"line":184,"column":4},"end":{"line":221,"column":5}},"70":{"start":{"line":184,"column":17},"end":{"line":184,"column":18}},"71":{"start":{"line":185,"column":6},"end":{"line":220,"column":7}},"72":{"start":{"line":187,"column":20},"end":{"line":187,"column":55}},"73":{"start":{"line":188,"column":8},"end":{"line":188,"column":27}},"74":{"start":{"line":188,"column":18},"end":{"line":188,"column":27}},"75":{"start":{"line":191,"column":8},"end":{"line":191,"column":70}},"76":{"start":{"line":191,"column":61},"end":{"line":191,"column":70}},"77":{"start":{"line":193,"column":20},"end":{"line":193,"column":61}},"78":{"start":{"line":196,"column":28},"end":{"line":196,"column":54}},"79":{"start":{"line":199,"column":26},"end":{"line":199,"column":53}},"80":{"start":{"line":200,"column":25},"end":{"line":200,"column":49}},"81":{"start":{"line":201,"column":26},"end":{"line":201,"column":59}},"82":{"start":{"line":204,"column":30},"end":{"line":204,"column":73}},"83":{"start":{"line":205,"column":8},"end":{"line":217,"column":9}},"84":{"start":{"line":206,"column":30},"end":{"line":206,"column":56}},"85":{"start":{"line":207,"column":10},"end":{"line":207,"column":53}},"86":{"start":{"line":210,"column":31},"end":{"line":210,"column":91}},"87":{"start":{"line":211,"column":10},"end":{"line":214,"column":13}},"88":{"start":{"line":216,"column":10},"end":{"line":216,"column":77}},"89":{"start":{"line":219,"column":8},"end":{"line":219,"column":79}},"90":{"start":{"line":223,"column":4},"end":{"line":223,"column":20}},"91":{"start":{"line":233,"column":21},"end":{"line":233,"column":23}},"92":{"start":{"line":235,"column":4},"end":{"line":288,"column":5}},"93":{"start":{"line":237,"column":6},"end":{"line":237,"column":42}},"94":{"start":{"line":238,"column":6},"end":{"line":238,"column":32}},"95":{"start":{"line":239,"column":6},"end":{"line":239,"column":54}},"96":{"start":{"line":242,"column":23},"end":{"line":250,"column":8}},"97":{"start":{"line":243,"column":8},"end":{"line":249,"column":11}},"98":{"start":{"line":244,"column":29},"end":{"line":244,"column":31}},"99":{"start":{"line":245,"column":10},"end":{"line":247,"column":11}},"100":{"start":{"line":246,"column":12},"end":{"line":246,"column":55}},"101":{"start":{"line":248,"column":10},"end":{"line":248,"column":28}},"102":{"start":{"line":253,"column":6},"end":{"line":269,"column":7}},"103":{"start":{"line":254,"column":8},"end":{"line":268,"column":9}},"104":{"start":{"line":255,"column":10},"end":{"line":255,"column":46}},"105":{"start":{"line":256,"column":15},"end":{"line":268,"column":9}},"106":{"start":{"line":257,"column":10},"end":{"line":257,"column":48}},"107":{"start":{"line":258,"column":15},"end":{"line":268,"column":9}},"108":{"start":{"line":259,"column":10},"end":{"line":259,"column":42}},"109":{"start":{"line":260,"column":15},"end":{"line":268,"column":9}},"110":{"start":{"line":261,"column":10},"end":{"line":261,"column":42}},"111":{"start":{"line":262,"column":15},"end":{"line":268,"column":9}},"112":{"start":{"line":263,"column":10},"end":{"line":263,"column":41}},"113":{"start":{"line":264,"column":15},"end":{"line":268,"column":9}},"114":{"start":{"line":265,"column":10},"end":{"line":265,"column":48}},"115":{"start":{"line":266,"column":15},"end":{"line":268,"column":9}},"116":{"start":{"line":267,"column":10},"end":{"line":267,"column":47}},"117":{"start":{"line":272,"column":28},"end":{"line":280,"column":8}},"118":{"start":{"line":273,"column":8},"end":{"line":279,"column":41}},"119":{"start":{"line":274,"column":10},"end":{"line":278,"column":11}},"120":{"start":{"line":275,"column":12},"end":{"line":275,"column":50}},"121":{"start":{"line":277,"column":12},"end":{"line":277,"column":24}},"122":{"start":{"line":279,"column":26},"end":{"line":279,"column":39}},"123":{"start":{"line":282,"column":6},"end":{"line":284,"column":7}},"124":{"start":{"line":283,"column":8},"end":{"line":283,"column":48}},"125":{"start":{"line":287,"column":6},"end":{"line":287,"column":65}},"126":{"start":{"line":290,"column":4},"end":{"line":290,"column":20}},"127":{"start":{"line":300,"column":4},"end":{"line":302,"column":5}},"128":{"start":{"line":301,"column":6},"end":{"line":301,"column":31}},"129":{"start":{"line":304,"column":4},"end":{"line":304,"column":51}},"130":{"start":{"line":306,"column":17},"end":{"line":306,"column":45}},"131":{"start":{"line":307,"column":27},"end":{"line":307,"column":31}},"132":{"start":{"line":309,"column":4},"end":{"line":366,"column":5}},"133":{"start":{"line":311,"column":6},"end":{"line":311,"column":57}},"134":{"start":{"line":314,"column":6},"end":{"line":314,"column":61}},"135":{"start":{"line":317,"column":6},"end":{"line":317,"column":37}},"136":{"start":{"line":320,"column":23},"end":{"line":320,"column":59}},"137":{"start":{"line":323,"column":23},"end":{"line":323,"column":55}},"138":{"start":{"line":326,"column":22},"end":{"line":326,"column":42}},"139":{"start":{"line":329,"column":18},"end":{"line":329,"column":45}},"140":{"start":{"line":330,"column":21},"end":{"line":330,"column":57}},"141":{"start":{"line":331,"column":22},"end":{"line":331,"column":36}},"142":{"start":{"line":333,"column":6},"end":{"line":361,"column":7}},"143":{"start":{"line":335,"column":8},"end":{"line":347,"column":10}},"144":{"start":{"line":350,"column":31},"end":{"line":350,"column":93}},"145":{"start":{"line":351,"column":31},"end":{"line":351,"column":86}},"146":{"start":{"line":352,"column":8},"end":{"line":352,"column":60}},"147":{"start":{"line":355,"column":31},"end":{"line":355,"column":90}},"148":{"start":{"line":356,"column":8},"end":{"line":356,"column":76}},"149":{"start":{"line":358,"column":8},"end":{"line":358,"column":72}},"150":{"start":{"line":360,"column":8},"end":{"line":360,"column":73}},"151":{"start":{"line":363,"column":6},"end":{"line":363,"column":76}},"152":{"start":{"line":365,"column":6},"end":{"line":365,"column":25}},"153":{"start":{"line":368,"column":4},"end":{"line":368,"column":28}},"154":{"start":{"line":377,"column":4},"end":{"line":403,"column":5}},"155":{"start":{"line":379,"column":24},"end":{"line":386,"column":7}},"156":{"start":{"line":388,"column":6},"end":{"line":400,"column":7}},"157":{"start":{"line":389,"column":8},"end":{"line":399,"column":9}},"158":{"start":{"line":390,"column":26},"end":{"line":390,"column":48}},"159":{"start":{"line":391,"column":10},"end":{"line":396,"column":11}},"160":{"start":{"line":392,"column":12},"end":{"line":392,"column":34}},"161":{"start":{"line":393,"column":12},"end":{"line":393,"column":76}},"162":{"start":{"line":395,"column":12},"end":{"line":395,"column":43}},"163":{"start":{"line":402,"column":6},"end":{"line":402,"column":63}},"164":{"start":{"line":414,"column":4},"end":{"line":416,"column":5}},"165":{"start":{"line":415,"column":6},"end":{"line":415,"column":43}},"166":{"start":{"line":418,"column":14},"end":{"line":418,"column":32}},"167":{"start":{"line":419,"column":22},"end":{"line":419,"column":56}},"168":{"start":{"line":420,"column":24},"end":{"line":420,"column":60}},"169":{"start":{"line":423,"column":4},"end":{"line":432,"column":5}},"170":{"start":{"line":424,"column":6},"end":{"line":431,"column":8}},"171":{"start":{"line":435,"column":4},"end":{"line":437,"column":5}},"172":{"start":{"line":436,"column":6},"end":{"line":436,"column":37}},"173":{"start":{"line":441,"column":4},"end":{"line":449,"column":5}},"174":{"start":{"line":442,"column":6},"end":{"line":442,"column":38}},"175":{"start":{"line":443,"column":6},"end":{"line":446,"column":7}},"176":{"start":{"line":445,"column":8},"end":{"line":445,"column":29}},"177":{"start":{"line":448,"column":6},"end":{"line":448,"column":27}},"178":{"start":{"line":452,"column":21},"end":{"line":452,"column":23}},"179":{"start":{"line":453,"column":4},"end":{"line":453,"column":29}},"180":{"start":{"line":456,"column":4},"end":{"line":463,"column":5}},"181":{"start":{"line":457,"column":21},"end":{"line":457,"column":47}},"182":{"start":{"line":458,"column":6},"end":{"line":462,"column":7}},"183":{"start":{"line":459,"column":8},"end":{"line":459,"column":46}},"184":{"start":{"line":461,"column":8},"end":{"line":461,"column":50}},"185":{"start":{"line":466,"column":4},"end":{"line":477,"column":5}},"186":{"start":{"line":467,"column":20},"end":{"line":467,"column":45}},"187":{"start":{"line":468,"column":6},"end":{"line":476,"column":7}},"188":{"start":{"line":470,"column":25},"end":{"line":470,"column":72}},"189":{"start":{"line":471,"column":8},"end":{"line":475,"column":9}},"190":{"start":{"line":472,"column":10},"end":{"line":472,"column":35}},"191":{"start":{"line":474,"column":10},"end":{"line":474,"column":46}},"192":{"start":{"line":480,"column":4},"end":{"line":490,"column":5}},"193":{"start":{"line":481,"column":22},"end":{"line":481,"column":49}},"194":{"start":{"line":482,"column":6},"end":{"line":489,"column":7}},"195":{"start":{"line":483,"column":27},"end":{"line":483,"column":50}},"196":{"start":{"line":484,"column":8},"end":{"line":488,"column":9}},"197":{"start":{"line":485,"column":10},"end":{"line":485,"column":39}},"198":{"start":{"line":487,"column":10},"end":{"line":487,"column":50}},"199":{"start":{"line":493,"column":4},"end":{"line":504,"column":5}},"200":{"start":{"line":494,"column":19},"end":{"line":494,"column":21}},"201":{"start":{"line":495,"column":6},"end":{"line":500,"column":9}},"202":{"start":{"line":496,"column":24},"end":{"line":496,"column":43}},"203":{"start":{"line":497,"column":8},"end":{"line":499,"column":9}},"204":{"start":{"line":498,"column":10},"end":{"line":498,"column":29}},"205":{"start":{"line":501,"column":6},"end":{"line":503,"column":7}},"206":{"start":{"line":502,"column":8},"end":{"line":502,"column":29}},"207":{"start":{"line":507,"column":4},"end":{"line":515,"column":5}},"208":{"start":{"line":508,"column":24},"end":{"line":508,"column":53}},"209":{"start":{"line":509,"column":6},"end":{"line":514,"column":7}},"210":{"start":{"line":510,"column":29},"end":{"line":510,"column":51}},"211":{"start":{"line":511,"column":8},"end":{"line":513,"column":9}},"212":{"start":{"line":512,"column":10},"end":{"line":512,"column":74}},"213":{"start":{"line":518,"column":4},"end":{"line":526,"column":5}},"214":{"start":{"line":519,"column":23},"end":{"line":519,"column":25}},"215":{"start":{"line":520,"column":6},"end":{"line":522,"column":9}},"216":{"start":{"line":521,"column":8},"end":{"line":521,"column":43}},"217":{"start":{"line":523,"column":6},"end":{"line":525,"column":7}},"218":{"start":{"line":524,"column":8},"end":{"line":524,"column":37}},"219":{"start":{"line":529,"column":4},"end":{"line":534,"column":5}},"220":{"start":{"line":530,"column":21},"end":{"line":530,"column":47}},"221":{"start":{"line":531,"column":6},"end":{"line":533,"column":7}},"222":{"start":{"line":532,"column":8},"end":{"line":532,"column":46}},"223":{"start":{"line":536,"column":4},"end":{"line":539,"column":6}},"224":{"start":{"line":549,"column":4},"end":{"line":551,"column":5}},"225":{"start":{"line":550,"column":6},"end":{"line":550,"column":43}},"226":{"start":{"line":554,"column":28},"end":{"line":554,"column":75}},"227":{"start":{"line":555,"column":26},"end":{"line":555,"column":49}},"228":{"start":{"line":556,"column":21},"end":{"line":556,"column":52}},"229":{"start":{"line":559,"column":4},"end":{"line":571,"column":5}},"230":{"start":{"line":559,"column":17},"end":{"line":559,"column":18}},"231":{"start":{"line":560,"column":25},"end":{"line":560,"column":72}},"232":{"start":{"line":561,"column":6},"end":{"line":561,"column":53}},"233":{"start":{"line":564,"column":6},"end":{"line":564,"column":32}},"234":{"start":{"line":565,"column":6},"end":{"line":565,"column":40}},"235":{"start":{"line":567,"column":6},"end":{"line":569,"column":7}},"236":{"start":{"line":568,"column":8},"end":{"line":568,"column":39}},"237":{"start":{"line":570,"column":6},"end":{"line":570,"column":39}},"238":{"start":{"line":573,"column":4},"end":{"line":576,"column":6}},"239":{"start":{"line":580,"column":0},"end":{"line":580,"column":34}}},"fnMap":{"0":{"name":"(anonymous_0)","decl":{"start":{"line":26,"column":2},"end":{"line":26,"column":3}},"loc":{"start":{"line":26,"column":28},"end":{"line":59,"column":3}},"line":26},"1":{"name":"(anonymous_1)","decl":{"start":{"line":64,"column":2},"end":{"line":64,"column":3}},"loc":{"start":{"line":64,"column":18},"end":{"line":77,"column":3}},"line":64},"2":{"name":"(anonymous_2)","decl":{"start":{"line":85,"column":2},"end":{"line":85,"column":3}},"loc":{"start":{"line":85,"column":32},"end":{"line":117,"column":3}},"line":85},"3":{"name":"(anonymous_3)","decl":{"start":{"line":126,"column":2},"end":{"line":126,"column":3}},"loc":{"start":{"line":126,"column":34},"end":{"line":141,"column":3}},"line":126},"4":{"name":"(anonymous_4)","decl":{"start":{"line":146,"column":2},"end":{"line":146,"column":3}},"loc":{"start":{"line":146,"column":22},"end":{"line":154,"column":3}},"line":146},"5":{"name":"(anonymous_5)","decl":{"start":{"line":159,"column":2},"end":{"line":159,"column":3}},"loc":{"start":{"line":159,"column":16},"end":{"line":163,"column":3}},"line":159},"6":{"name":"(anonymous_6)","decl":{"start":{"line":172,"column":2},"end":{"line":172,"column":3}},"loc":{"start":{"line":172,"column":38},"end":{"line":224,"column":3}},"line":172},"7":{"name":"(anonymous_7)","decl":{"start":{"line":232,"column":2},"end":{"line":232,"column":3}},"loc":{"start":{"line":232,"column":30},"end":{"line":291,"column":3}},"line":232},"8":{"name":"(anonymous_8)","decl":{"start":{"line":242,"column":49},"end":{"line":242,"column":50}},"loc":{"start":{"line":242,"column":58},"end":{"line":250,"column":7}},"line":242},"9":{"name":"(anonymous_9)","decl":{"start":{"line":243,"column":25},"end":{"line":243,"column":26}},"loc":{"start":{"line":243,"column":33},"end":{"line":249,"column":9}},"line":243},"10":{"name":"(anonymous_10)","decl":{"start":{"line":272,"column":84},"end":{"line":272,"column":85}},"loc":{"start":{"line":272,"column":95},"end":{"line":280,"column":7}},"line":272},"11":{"name":"(anonymous_11)","decl":{"start":{"line":273,"column":27},"end":{"line":273,"column":28}},"loc":{"start":{"line":273,"column":37},"end":{"line":279,"column":9}},"line":273},"12":{"name":"(anonymous_12)","decl":{"start":{"line":279,"column":18},"end":{"line":279,"column":19}},"loc":{"start":{"line":279,"column":26},"end":{"line":279,"column":39}},"line":279},"13":{"name":"(anonymous_13)","decl":{"start":{"line":299,"column":2},"end":{"line":299,"column":3}},"loc":{"start":{"line":299,"column":28},"end":{"line":369,"column":3}},"line":299},"14":{"name":"(anonymous_14)","decl":{"start":{"line":376,"column":2},"end":{"line":376,"column":3}},"loc":{"start":{"line":376,"column":28},"end":{"line":404,"column":3}},"line":376},"15":{"name":"(anonymous_15)","decl":{"start":{"line":413,"column":2},"end":{"line":413,"column":3}},"loc":{"start":{"line":413,"column":33},"end":{"line":540,"column":3}},"line":413},"16":{"name":"(anonymous_16)","decl":{"start":{"line":495,"column":29},"end":{"line":495,"column":30}},"loc":{"start":{"line":495,"column":40},"end":{"line":500,"column":7}},"line":495},"17":{"name":"(anonymous_17)","decl":{"start":{"line":520,"column":33},"end":{"line":520,"column":34}},"loc":{"start":{"line":520,"column":44},"end":{"line":522,"column":7}},"line":520},"18":{"name":"(anonymous_18)","decl":{"start":{"line":548,"column":2},"end":{"line":548,"column":3}},"loc":{"start":{"line":548,"column":36},"end":{"line":577,"column":3}},"line":548}},"branchMap":{"0":{"loc":{"start":{"line":26,"column":14},"end":{"line":26,"column":26}},"type":"default-arg","locations":[{"start":{"line":26,"column":24},"end":{"line":26,"column":26}}],"line":26},"1":{"loc":{"start":{"line":27,"column":21},"end":{"line":27,"column":75}},"type":"binary-expr","locations":[{"start":{"line":27,"column":21},"end":{"line":27,"column":38}},{"start":{"line":27,"column":42},"end":{"line":27,"column":75}}],"line":27},"2":{"loc":{"start":{"line":28,"column":21},"end":{"line":28,"column":77}},"type":"binary-expr","locations":[{"start":{"line":28,"column":21},"end":{"line":28,"column":38}},{"start":{"line":28,"column":42},"end":{"line":28,"column":77}}],"line":28},"3":{"loc":{"start":{"line":29,"column":18},"end":{"line":29,"column":67}},"type":"binary-expr","locations":[{"start":{"line":29,"column":18},"end":{"line":29,"column":32}},{"start":{"line":29,"column":36},"end":{"line":29,"column":67}}],"line":29},"4":{"loc":{"start":{"line":30,"column":21},"end":{"line":30,"column":160}},"type":"binary-expr","locations":[{"start":{"line":30,"column":21},"end":{"line":30,"column":43}},{"start":{"line":30,"column":47},"end":{"line":30,"column":160}}],"line":30},"5":{"loc":{"start":{"line":52,"column":25},"end":{"line":52,"column":98}},"type":"binary-expr","locations":[{"start":{"line":52,"column":25},"end":{"line":52,"column":46}},{"start":{"line":52,"column":50},"end":{"line":52,"column":98}}],"line":52},"6":{"loc":{"start":{"line":66,"column":6},"end":{"line":72,"column":7}},"type":"if","locations":[{"start":{"line":66,"column":6},"end":{"line":72,"column":7}},{"start":{"line":70,"column":13},"end":{"line":72,"column":7}}],"line":66},"7":{"loc":{"start":{"line":89,"column":6},"end":{"line":91,"column":7}},"type":"if","locations":[{"start":{"line":89,"column":6},"end":{"line":91,"column":7}},{"start":{},"end":{}}],"line":89},"8":{"loc":{"start":{"line":98,"column":6},"end":{"line":100,"column":7}},"type":"if","locations":[{"start":{"line":98,"column":6},"end":{"line":100,"column":7}},{"start":{},"end":{}}],"line":98},"9":{"loc":{"start":{"line":98,"column":10},"end":{"line":98,"column":80}},"type":"binary-expr","locations":[{"start":{"line":98,"column":10},"end":{"line":98,"column":38}},{"start":{"line":98,"column":42},"end":{"line":98,"column":80}}],"line":98},"10":{"loc":{"start":{"line":103,"column":6},"end":{"line":110,"column":7}},"type":"if","locations":[{"start":{"line":103,"column":6},"end":{"line":110,"column":7}},{"start":{},"end":{}}],"line":103},"11":{"loc":{"start":{"line":105,"column":10},"end":{"line":108,"column":11}},"type":"if","locations":[{"start":{"line":105,"column":10},"end":{"line":108,"column":11}},{"start":{},"end":{}}],"line":105},"12":{"loc":{"start":{"line":127,"column":4},"end":{"line":129,"column":5}},"type":"if","locations":[{"start":{"line":127,"column":4},"end":{"line":129,"column":5}},{"start":{},"end":{}}],"line":127},"13":{"loc":{"start":{"line":127,"column":8},"end":{"line":127,"column":56}},"type":"binary-expr","locations":[{"start":{"line":127,"column":8},"end":{"line":127,"column":23}},{"start":{"line":127,"column":27},"end":{"line":127,"column":56}}],"line":127},"14":{"loc":{"start":{"line":132,"column":6},"end":{"line":137,"column":7}},"type":"if","locations":[{"start":{"line":132,"column":6},"end":{"line":137,"column":7}},{"start":{},"end":{}}],"line":132},"15":{"loc":{"start":{"line":160,"column":4},"end":{"line":162,"column":5}},"type":"if","locations":[{"start":{"line":160,"column":4},"end":{"line":162,"column":5}},{"start":{},"end":{}}],"line":160},"16":{"loc":{"start":{"line":188,"column":8},"end":{"line":188,"column":27}},"type":"if","locations":[{"start":{"line":188,"column":8},"end":{"line":188,"column":27}},{"start":{},"end":{}}],"line":188},"17":{"loc":{"start":{"line":191,"column":8},"end":{"line":191,"column":70}},"type":"if","locations":[{"start":{"line":191,"column":8},"end":{"line":191,"column":70}},{"start":{},"end":{}}],"line":191},"18":{"loc":{"start":{"line":191,"column":12},"end":{"line":191,"column":59}},"type":"binary-expr","locations":[{"start":{"line":191,"column":12},"end":{"line":191,"column":35}},{"start":{"line":191,"column":39},"end":{"line":191,"column":59}}],"line":191},"19":{"loc":{"start":{"line":193,"column":20},"end":{"line":193,"column":61}},"type":"binary-expr","locations":[{"start":{"line":193,"column":20},"end":{"line":193,"column":55}},{"start":{"line":193,"column":59},"end":{"line":193,"column":61}}],"line":193},"20":{"loc":{"start":{"line":199,"column":26},"end":{"line":199,"column":53}},"type":"binary-expr","locations":[{"start":{"line":199,"column":26},"end":{"line":199,"column":43}},{"start":{"line":199,"column":47},"end":{"line":199,"column":53}}],"line":199},"21":{"loc":{"start":{"line":205,"column":8},"end":{"line":217,"column":9}},"type":"if","locations":[{"start":{"line":205,"column":8},"end":{"line":217,"column":9}},{"start":{},"end":{}}],"line":205},"22":{"loc":{"start":{"line":254,"column":8},"end":{"line":268,"column":9}},"type":"if","locations":[{"start":{"line":254,"column":8},"end":{"line":268,"column":9}},{"start":{"line":256,"column":15},"end":{"line":268,"column":9}}],"line":254},"23":{"loc":{"start":{"line":256,"column":15},"end":{"line":268,"column":9}},"type":"if","locations":[{"start":{"line":256,"column":15},"end":{"line":268,"column":9}},{"start":{"line":258,"column":15},"end":{"line":268,"column":9}}],"line":256},"24":{"loc":{"start":{"line":258,"column":15},"end":{"line":268,"column":9}},"type":"if","locations":[{"start":{"line":258,"column":15},"end":{"line":268,"column":9}},{"start":{"line":260,"column":15},"end":{"line":268,"column":9}}],"line":258},"25":{"loc":{"start":{"line":260,"column":15},"end":{"line":268,"column":9}},"type":"if","locations":[{"start":{"line":260,"column":15},"end":{"line":268,"column":9}},{"start":{"line":262,"column":15},"end":{"line":268,"column":9}}],"line":260},"26":{"loc":{"start":{"line":262,"column":15},"end":{"line":268,"column":9}},"type":"if","locations":[{"start":{"line":262,"column":15},"end":{"line":268,"column":9}},{"start":{"line":264,"column":15},"end":{"line":268,"column":9}}],"line":262},"27":{"loc":{"start":{"line":264,"column":15},"end":{"line":268,"column":9}},"type":"if","locations":[{"start":{"line":264,"column":15},"end":{"line":268,"column":9}},{"start":{"line":266,"column":15},"end":{"line":268,"column":9}}],"line":264},"28":{"loc":{"start":{"line":266,"column":15},"end":{"line":268,"column":9}},"type":"if","locations":[{"start":{"line":266,"column":15},"end":{"line":268,"column":9}},{"start":{},"end":{}}],"line":266},"29":{"loc":{"start":{"line":282,"column":6},"end":{"line":284,"column":7}},"type":"if","locations":[{"start":{"line":282,"column":6},"end":{"line":284,"column":7}},{"start":{},"end":{}}],"line":282},"30":{"loc":{"start":{"line":300,"column":4},"end":{"line":302,"column":5}},"type":"if","locations":[{"start":{"line":300,"column":4},"end":{"line":302,"column":5}},{"start":{},"end":{}}],"line":300},"31":{"loc":{"start":{"line":333,"column":6},"end":{"line":361,"column":7}},"type":"if","locations":[{"start":{"line":333,"column":6},"end":{"line":361,"column":7}},{"start":{"line":359,"column":13},"end":{"line":361,"column":7}}],"line":333},"32":{"loc":{"start":{"line":350,"column":40},"end":{"line":350,"column":92}},"type":"binary-expr","locations":[{"start":{"line":350,"column":40},"end":{"line":350,"column":81}},{"start":{"line":350,"column":85},"end":{"line":350,"column":92}}],"line":350},"33":{"loc":{"start":{"line":391,"column":10},"end":{"line":396,"column":11}},"type":"if","locations":[{"start":{"line":391,"column":10},"end":{"line":396,"column":11}},{"start":{},"end":{}}],"line":391},"34":{"loc":{"start":{"line":414,"column":4},"end":{"line":416,"column":5}},"type":"if","locations":[{"start":{"line":414,"column":4},"end":{"line":416,"column":5}},{"start":{},"end":{}}],"line":414},"35":{"loc":{"start":{"line":423,"column":4},"end":{"line":432,"column":5}},"type":"if","locations":[{"start":{"line":423,"column":4},"end":{"line":432,"column":5}},{"start":{},"end":{}}],"line":423},"36":{"loc":{"start":{"line":423,"column":8},"end":{"line":423,"column":52}},"type":"binary-expr","locations":[{"start":{"line":423,"column":8},"end":{"line":423,"column":19}},{"start":{"line":423,"column":23},"end":{"line":423,"column":52}}],"line":423},"37":{"loc":{"start":{"line":435,"column":4},"end":{"line":437,"column":5}},"type":"if","locations":[{"start":{"line":435,"column":4},"end":{"line":437,"column":5}},{"start":{},"end":{}}],"line":435},"38":{"loc":{"start":{"line":435,"column":8},"end":{"line":435,"column":49}},"type":"binary-expr","locations":[{"start":{"line":435,"column":8},"end":{"line":435,"column":27}},{"start":{"line":435,"column":31},"end":{"line":435,"column":49}}],"line":435},"39":{"loc":{"start":{"line":441,"column":4},"end":{"line":449,"column":5}},"type":"if","locations":[{"start":{"line":441,"column":4},"end":{"line":449,"column":5}},{"start":{"line":447,"column":11},"end":{"line":449,"column":5}}],"line":441},"40":{"loc":{"start":{"line":443,"column":6},"end":{"line":446,"column":7}},"type":"if","locations":[{"start":{"line":443,"column":6},"end":{"line":446,"column":7}},{"start":{},"end":{}}],"line":443},"41":{"loc":{"start":{"line":456,"column":4},"end":{"line":463,"column":5}},"type":"if","locations":[{"start":{"line":456,"column":4},"end":{"line":463,"column":5}},{"start":{},"end":{}}],"line":456},"42":{"loc":{"start":{"line":456,"column":8},"end":{"line":456,"column":44}},"type":"binary-expr","locations":[{"start":{"line":456,"column":8},"end":{"line":456,"column":25}},{"start":{"line":456,"column":29},"end":{"line":456,"column":44}}],"line":456},"43":{"loc":{"start":{"line":458,"column":6},"end":{"line":462,"column":7}},"type":"if","locations":[{"start":{"line":458,"column":6},"end":{"line":462,"column":7}},{"start":{"line":460,"column":13},"end":{"line":462,"column":7}}],"line":458},"44":{"loc":{"start":{"line":466,"column":4},"end":{"line":477,"column":5}},"type":"if","locations":[{"start":{"line":466,"column":4},"end":{"line":477,"column":5}},{"start":{},"end":{}}],"line":466},"45":{"loc":{"start":{"line":466,"column":8},"end":{"line":466,"column":42}},"type":"binary-expr","locations":[{"start":{"line":466,"column":8},"end":{"line":466,"column":24}},{"start":{"line":466,"column":28},"end":{"line":466,"column":42}}],"line":466},"46":{"loc":{"start":{"line":468,"column":6},"end":{"line":476,"column":7}},"type":"if","locations":[{"start":{"line":468,"column":6},"end":{"line":476,"column":7}},{"start":{},"end":{}}],"line":468},"47":{"loc":{"start":{"line":470,"column":25},"end":{"line":470,"column":72}},"type":"binary-expr","locations":[{"start":{"line":470,"column":25},"end":{"line":470,"column":47}},{"start":{"line":470,"column":51},"end":{"line":470,"column":72}}],"line":470},"48":{"loc":{"start":{"line":471,"column":8},"end":{"line":475,"column":9}},"type":"if","locations":[{"start":{"line":471,"column":8},"end":{"line":475,"column":9}},{"start":{"line":473,"column":15},"end":{"line":475,"column":9}}],"line":471},"49":{"loc":{"start":{"line":480,"column":4},"end":{"line":490,"column":5}},"type":"if","locations":[{"start":{"line":480,"column":4},"end":{"line":490,"column":5}},{"start":{},"end":{}}],"line":480},"50":{"loc":{"start":{"line":480,"column":8},"end":{"line":480,"column":46}},"type":"binary-expr","locations":[{"start":{"line":480,"column":8},"end":{"line":480,"column":26}},{"start":{"line":480,"column":30},"end":{"line":480,"column":46}}],"line":480},"51":{"loc":{"start":{"line":482,"column":6},"end":{"line":489,"column":7}},"type":"if","locations":[{"start":{"line":482,"column":6},"end":{"line":489,"column":7}},{"start":{},"end":{}}],"line":482},"52":{"loc":{"start":{"line":484,"column":8},"end":{"line":488,"column":9}},"type":"if","locations":[{"start":{"line":484,"column":8},"end":{"line":488,"column":9}},{"start":{"line":486,"column":15},"end":{"line":488,"column":9}}],"line":484},"53":{"loc":{"start":{"line":493,"column":4},"end":{"line":504,"column":5}},"type":"if","locations":[{"start":{"line":493,"column":4},"end":{"line":504,"column":5}},{"start":{},"end":{}}],"line":493},"54":{"loc":{"start":{"line":493,"column":8},"end":{"line":493,"column":42}},"type":"binary-expr","locations":[{"start":{"line":493,"column":8},"end":{"line":493,"column":24}},{"start":{"line":493,"column":28},"end":{"line":493,"column":42}}],"line":493},"55":{"loc":{"start":{"line":497,"column":8},"end":{"line":499,"column":9}},"type":"if","locations":[{"start":{"line":497,"column":8},"end":{"line":499,"column":9}},{"start":{},"end":{}}],"line":497},"56":{"loc":{"start":{"line":497,"column":12},"end":{"line":497,"column":46}},"type":"binary-expr","locations":[{"start":{"line":497,"column":12},"end":{"line":497,"column":19}},{"start":{"line":497,"column":23},"end":{"line":497,"column":46}}],"line":497},"57":{"loc":{"start":{"line":501,"column":6},"end":{"line":503,"column":7}},"type":"if","locations":[{"start":{"line":501,"column":6},"end":{"line":503,"column":7}},{"start":{},"end":{}}],"line":501},"58":{"loc":{"start":{"line":507,"column":4},"end":{"line":515,"column":5}},"type":"if","locations":[{"start":{"line":507,"column":4},"end":{"line":515,"column":5}},{"start":{},"end":{}}],"line":507},"59":{"loc":{"start":{"line":509,"column":6},"end":{"line":514,"column":7}},"type":"if","locations":[{"start":{"line":509,"column":6},"end":{"line":514,"column":7}},{"start":{},"end":{}}],"line":509},"60":{"loc":{"start":{"line":511,"column":8},"end":{"line":513,"column":9}},"type":"if","locations":[{"start":{"line":511,"column":8},"end":{"line":513,"column":9}},{"start":{},"end":{}}],"line":511},"61":{"loc":{"start":{"line":518,"column":4},"end":{"line":526,"column":5}},"type":"if","locations":[{"start":{"line":518,"column":4},"end":{"line":526,"column":5}},{"start":{},"end":{}}],"line":518},"62":{"loc":{"start":{"line":523,"column":6},"end":{"line":525,"column":7}},"type":"if","locations":[{"start":{"line":523,"column":6},"end":{"line":525,"column":7}},{"start":{},"end":{}}],"line":523},"63":{"loc":{"start":{"line":529,"column":4},"end":{"line":534,"column":5}},"type":"if","locations":[{"start":{"line":529,"column":4},"end":{"line":534,"column":5}},{"start":{},"end":{}}],"line":529},"64":{"loc":{"start":{"line":531,"column":6},"end":{"line":533,"column":7}},"type":"if","locations":[{"start":{"line":531,"column":6},"end":{"line":533,"column":7}},{"start":{},"end":{}}],"line":531},"65":{"loc":{"start":{"line":549,"column":4},"end":{"line":551,"column":5}},"type":"if","locations":[{"start":{"line":549,"column":4},"end":{"line":551,"column":5}},{"start":{},"end":{}}],"line":549},"66":{"loc":{"start":{"line":549,"column":8},"end":{"line":549,"column":36}},"type":"binary-expr","locations":[{"start":{"line":549,"column":8},"end":{"line":549,"column":14}},{"start":{"line":549,"column":18},"end":{"line":549,"column":36}}],"line":549},"67":{"loc":{"start":{"line":567,"column":6},"end":{"line":569,"column":7}},"type":"if","locations":[{"start":{"line":567,"column":6},"end":{"line":569,"column":7}},{"start":{},"end":{}}],"line":567}},"s":{"0":0,"1":0,"2":0,"3":0,"4":0,"5":0,"6":0,"7":0,"8":0,"9":0,"10":0,"11":0,"12":0,"13":0,"14":0,"15":0,"16":0,"17":0,"18":0,"19":0,"20":0,"21":0,"22":0,"23":0,"24":0,"25":0,"26":0,"27":0,"28":0,"29":0,"30":0,"31":0,"32":0,"33":0,"34":0,"35":0,"36":0,"37":0,"38":0,"39":0,"40":0,"41":0,"42":0,"43":0,"44":0,"45":0,"46":0,"47":0,"48":0,"49":0,"50":0,"51":0,"52":0,"53":0,"54":0,"55":0,"56":0,"57":0,"58":0,"59":0,"60":0,"61":0,"62":0,"63":0,"64":0,"65":0,"66":0,"67":0,"68":0,"69":0,"70":0,"71":0,"72":0,"73":0,"74":0,"75":0,"76":0,"77":0,"78":0,"79":0,"80":0,"81":0,"82":0,"83":0,"84":0,"85":0,"86":0,"87":0,"88":0,"89":0,"90":0,"91":0,"92":0,"93":0,"94":0,"95":0,"96":0,"97":0,"98":0,"99":0,"100":0,"101":0,"102":0,"103":0,"104":0,"105":0,"106":0,"107":0,"108":0,"109":0,"110":0,"111":0,"112":0,"113":0,"114":0,"115":0,"116":0,"117":0,"118":0,"119":0,"120":0,"121":0,"122":0,"123":0,"124":0,"125":0,"126":0,"127":0,"128":0,"129":0,"130":0,"131":0,"132":0,"133":0,"134":0,"135":0,"136":0,"137":0,"138":0,"139":0,"140":0,"141":0,"142":0,"143":0,"144":0,"145":0,"146":0,"147":0,"148":0,"149":0,"150":0,"151":0,"152":0,"153":0,"154":0,"155":0,"156":0,"157":0,"158":0,"159":0,"160":0,"161":0,"162":0,"163":0,"164":0,"165":0,"166":0,"167":0,"168":0,"169":0,"170":0,"171":0,"172":0,"173":0,"174":0,"175":0,"176":0,"177":0,"178":0,"179":0,"180":0,"181":0,"182":0,"183":0,"184":0,"185":0,"186":0,"187":0,"188":0,"189":0,"190":0,"191":0,"192":0,"193":0,"194":0,"195":0,"196":0,"197":0,"198":0,"199":0,"200":0,"201":0,"202":0,"203":0,"204":0,"205":0,"206":0,"207":0,"208":0,"209":0,"210":0,"211":0,"212":0,"213":0,"214":0,"215":0,"216":0,"217":0,"218":0,"219":0,"220":0,"221":0,"222":0,"223":0,"224":0,"225":0,"226":0,"227":0,"228":0,"229":0,"230":0,"231":0,"232":0,"233":0,"234":0,"235":0,"236":0,"237":0,"238":0,"239":0},"f":{"0":0,"1":0,"2":0,"3":0,"4":0,"5":0,"6":0,"7":0,"8":0,"9":0,"10":0,"11":0,"12":0,"13":0,"14":0,"15":0,"16":0,"17":0,"18":0},"b":{"0":[0],"1":[0,0],"2":[0,0],"3":[0,0],"4":[0,0],"5":[0,0],"6":[0,0],"7":[0,0],"8":[0,0],"9":[0,0],"10":[0,0],"11":[0,0],"12":[0,0],"13":[0,0],"14":[0,0],"15":[0,0],"16":[0,0],"17":[0,0],"18":[0,0],"19":[0,0],"20":[0,0],"21":[0,0],"22":[0,0],"23":[0,0],"24":[0,0],"25":[0,0],"26":[0,0],"27":[0,0],"28":[0,0],"29":[0,0],"30":[0,0],"31":[0,0],"32":[0,0],"33":[0,0],"34":[0,0],"35":[0,0],"36":[0,0],"37":[0,0],"38":[0,0],"39":[0,0],"40":[0,0],"41":[0,0],"42":[0,0],"43":[0,0],"44":[0,0],"45":[0,0],"46":[0,0],"47":[0,0],"48":[0,0],"49":[0,0],"50":[0,0],"51":[0,0],"52":[0,0],"53":[0,0],"54":[0,0],"55":[0,0],"56":[0,0],"57":[0,0],"58":[0,0],"59":[0,0],"60":[0,0],"61":[0,0],"62":[0,0],"63":[0,0],"64":[0,0],"65":[0,0],"66":[0,0],"67":[0,0]}}
,"C:\\Users\\Chris\\cFish.io\\ucfish-scraper\\src\\contentMerger.js": {"path":"C:\\Users\\Chris\\cFish.io\\ucfish-scraper\\src\\contentMerger.js","statementMap":{"0":{"start":{"line":11,"column":11},"end":{"line":11,"column":30}},"1":{"start":{"line":12,"column":13},"end":{"line":12,"column":28}},"2":{"start":{"line":13,"column":17},"end":{"line":13,"column":45}},"3":{"start":{"line":17,"column":4},"end":{"line":17,"column":76}},"4":{"start":{"line":18,"column":4},"end":{"line":18,"column":81}},"5":{"start":{"line":19,"column":4},"end":{"line":19,"column":78}},"6":{"start":{"line":20,"column":4},"end":{"line":20,"column":66}},"7":{"start":{"line":21,"column":4},"end":{"line":21,"column":56}},"8":{"start":{"line":24,"column":4},"end":{"line":24,"column":37}},"9":{"start":{"line":25,"column":4},"end":{"line":25,"column":38}},"10":{"start":{"line":26,"column":4},"end":{"line":26,"column":37}},"11":{"start":{"line":36,"column":18},"end":{"line":36,"column":20}},"12":{"start":{"line":38,"column":4},"end":{"line":68,"column":5}},"13":{"start":{"line":40,"column":26},"end":{"line":40,"column":78}},"14":{"start":{"line":43,"column":6},"end":{"line":65,"column":7}},"15":{"start":{"line":44,"column":25},"end":{"line":44,"column":57}},"16":{"start":{"line":46,"column":8},"end":{"line":64,"column":9}},"17":{"start":{"line":48,"column":27},"end":{"line":48,"column":65}},"18":{"start":{"line":49,"column":10},"end":{"line":49,"column":34}},"19":{"start":{"line":50,"column":15},"end":{"line":64,"column":9}},"20":{"start":{"line":52,"column":26},"end":{"line":52,"column":61}},"21":{"start":{"line":55,"column":27},"end":{"line":55,"column":59}},"22":{"start":{"line":58,"column":10},"end":{"line":63,"column":13}},"23":{"start":{"line":67,"column":6},"end":{"line":67,"column":86}},"24":{"start":{"line":70,"column":4},"end":{"line":70,"column":17}},"25":{"start":{"line":80,"column":21},"end":{"line":80,"column":23}},"26":{"start":{"line":83,"column":4},"end":{"line":85,"column":5}},"27":{"start":{"line":84,"column":6},"end":{"line":84,"column":22}},"28":{"start":{"line":87,"column":4},"end":{"line":126,"column":5}},"29":{"start":{"line":89,"column":23},"end":{"line":89,"column":50}},"30":{"start":{"line":90,"column":6},"end":{"line":92,"column":7}},"31":{"start":{"line":91,"column":8},"end":{"line":91,"column":24}},"32":{"start":{"line":95,"column":26},"end":{"line":95,"column":63}},"33":{"start":{"line":98,"column":6},"end":{"line":123,"column":7}},"34":{"start":{"line":99,"column":27},"end":{"line":99,"column":44}},"35":{"start":{"line":100,"column":8},"end":{"line":100,"column":40}},"36":{"start":{"line":100,"column":31},"end":{"line":100,"column":40}},"37":{"start":{"line":102,"column":20},"end":{"line":102,"column":56}},"38":{"start":{"line":103,"column":20},"end":{"line":103,"column":57}},"39":{"start":{"line":106,"column":8},"end":{"line":120,"column":9}},"40":{"start":{"line":107,"column":10},"end":{"line":117,"column":11}},"41":{"start":{"line":108,"column":12},"end":{"line":108,"column":57}},"42":{"start":{"line":109,"column":17},"end":{"line":117,"column":11}},"43":{"start":{"line":110,"column":12},"end":{"line":110,"column":38}},"44":{"start":{"line":111,"column":17},"end":{"line":117,"column":11}},"45":{"start":{"line":112,"column":12},"end":{"line":112,"column":25}},"46":{"start":{"line":113,"column":17},"end":{"line":117,"column":11}},"47":{"start":{"line":114,"column":12},"end":{"line":114,"column":26}},"48":{"start":{"line":115,"column":17},"end":{"line":117,"column":11}},"49":{"start":{"line":116,"column":12},"end":{"line":116,"column":34}},"50":{"start":{"line":122,"column":8},"end":{"line":122,"column":30}},"51":{"start":{"line":125,"column":6},"end":{"line":125,"column":68}},"52":{"start":{"line":128,"column":4},"end":{"line":128,"column":20}},"53":{"start":{"line":139,"column":4},"end":{"line":141,"column":5}},"54":{"start":{"line":140,"column":6},"end":{"line":140,"column":21}},"55":{"start":{"line":144,"column":21},"end":{"line":144,"column":48}},"56":{"start":{"line":145,"column":4},"end":{"line":147,"column":5}},"57":{"start":{"line":146,"column":6},"end":{"line":146,"column":21}},"58":{"start":{"line":150,"column":4},"end":{"line":150,"column":50}},"59":{"start":{"line":162,"column":19},"end":{"line":162,"column":86}},"60":{"start":{"line":162,"column":72},"end":{"line":162,"column":84}},"61":{"start":{"line":163,"column":19},"end":{"line":163,"column":86}},"62":{"start":{"line":163,"column":72},"end":{"line":163,"column":84}},"63":{"start":{"line":166,"column":25},"end":{"line":166,"column":72}},"64":{"start":{"line":166,"column":57},"end":{"line":166,"column":70}},"65":{"start":{"line":169,"column":18},"end":{"line":169,"column":49}},"66":{"start":{"line":172,"column":4},"end":{"line":172,"column":49}},"67":{"start":{"line":183,"column":21},"end":{"line":183,"column":46}},"68":{"start":{"line":183,"column":39},"end":{"line":183,"column":45}},"69":{"start":{"line":186,"column":21},"end":{"line":186,"column":25}},"70":{"start":{"line":187,"column":4},"end":{"line":221,"column":5}},"71":{"start":{"line":188,"column":6},"end":{"line":188,"column":25}},"72":{"start":{"line":191,"column":6},"end":{"line":220,"column":7}},"73":{"start":{"line":191,"column":19},"end":{"line":191,"column":20}},"74":{"start":{"line":192,"column":8},"end":{"line":192,"column":30}},"75":{"start":{"line":192,"column":24},"end":{"line":192,"column":30}},"76":{"start":{"line":194,"column":8},"end":{"line":219,"column":9}},"77":{"start":{"line":194,"column":21},"end":{"line":194,"column":26}},"78":{"start":{"line":196,"column":32},"end":{"line":196,"column":33}},"79":{"start":{"line":197,"column":32},"end":{"line":197,"column":33}},"80":{"start":{"line":199,"column":10},"end":{"line":207,"column":11}},"81":{"start":{"line":200,"column":12},"end":{"line":206,"column":13}},"82":{"start":{"line":201,"column":31},"end":{"line":201,"column":68}},"83":{"start":{"line":202,"column":31},"end":{"line":202,"column":68}},"84":{"start":{"line":203,"column":33},"end":{"line":203,"column":77}},"85":{"start":{"line":204,"column":14},"end":{"line":204,"column":44}},"86":{"start":{"line":205,"column":14},"end":{"line":205,"column":32}},"87":{"start":{"line":210,"column":32},"end":{"line":210,"column":65}},"88":{"start":{"line":213,"column":10},"end":{"line":218,"column":11}},"89":{"start":{"line":214,"column":12},"end":{"line":214,"column":59}},"90":{"start":{"line":215,"column":12},"end":{"line":215,"column":34}},"91":{"start":{"line":216,"column":12},"end":{"line":216,"column":30}},"92":{"start":{"line":217,"column":12},"end":{"line":217,"column":18}},"93":{"start":{"line":224,"column":4},"end":{"line":224,"column":58}},"94":{"start":{"line":224,"column":38},"end":{"line":224,"column":56}},"95":{"start":{"line":235,"column":4},"end":{"line":239,"column":7}},"96":{"start":{"line":236,"column":20},"end":{"line":236,"column":77}},"97":{"start":{"line":237,"column":20},"end":{"line":237,"column":77}},"98":{"start":{"line":238,"column":6},"end":{"line":238,"column":27}},"99":{"start":{"line":242,"column":18},"end":{"line":242,"column":61}},"100":{"start":{"line":245,"column":21},"end":{"line":254,"column":5}},"101":{"start":{"line":248,"column":38},"end":{"line":252,"column":7}},"102":{"start":{"line":253,"column":37},"end":{"line":253,"column":61}},"103":{"start":{"line":257,"column":26},"end":{"line":257,"column":52}},"104":{"start":{"line":260,"column":24},"end":{"line":260,"column":40}},"105":{"start":{"line":263,"column":4},"end":{"line":263,"column":97}},"106":{"start":{"line":266,"column":21},"end":{"line":266,"column":23}},"107":{"start":{"line":267,"column":18},"end":{"line":267,"column":19}},"108":{"start":{"line":269,"column":4},"end":{"line":285,"column":5}},"109":{"start":{"line":271,"column":22},"end":{"line":271,"column":58}},"110":{"start":{"line":274,"column":27},"end":{"line":274,"column":70}},"111":{"start":{"line":275,"column":28},"end":{"line":275,"column":100}},"112":{"start":{"line":278,"column":6},"end":{"line":278,"column":68}},"113":{"start":{"line":281,"column":30},"end":{"line":281,"column":85}},"114":{"start":{"line":282,"column":6},"end":{"line":282,"column":64}},"115":{"start":{"line":284,"column":6},"end":{"line":284,"column":16}},"116":{"start":{"line":288,"column":4},"end":{"line":288,"column":46}},"117":{"start":{"line":291,"column":4},"end":{"line":291,"column":50}},"118":{"start":{"line":293,"column":4},"end":{"line":297,"column":6}},"119":{"start":{"line":309,"column":4},"end":{"line":309,"column":50}},"120":{"start":{"line":312,"column":25},"end":{"line":312,"column":44}},"121":{"start":{"line":313,"column":21},"end":{"line":313,"column":23}},"122":{"start":{"line":316,"column":4},"end":{"line":323,"column":5}},"123":{"start":{"line":317,"column":6},"end":{"line":322,"column":9}},"124":{"start":{"line":326,"column":4},"end":{"line":328,"column":5}},"125":{"start":{"line":327,"column":6},"end":{"line":327,"column":21}},"126":{"start":{"line":331,"column":28},"end":{"line":331,"column":67}},"127":{"start":{"line":331,"column":58},"end":{"line":331,"column":65}},"128":{"start":{"line":334,"column":23},"end":{"line":334,"column":49}},"129":{"start":{"line":337,"column":4},"end":{"line":339,"column":5}},"130":{"start":{"line":338,"column":6},"end":{"line":338,"column":21}},"131":{"start":{"line":342,"column":26},"end":{"line":342,"column":33}},"132":{"start":{"line":345,"column":4},"end":{"line":345,"column":47}},"133":{"start":{"line":345,"column":28},"end":{"line":345,"column":45}},"134":{"start":{"line":347,"column":4},"end":{"line":354,"column":5}},"135":{"start":{"line":348,"column":23},"end":{"line":348,"column":62}},"136":{"start":{"line":349,"column":25},"end":{"line":349,"column":66}},"137":{"start":{"line":351,"column":6},"end":{"line":353,"column":96}},"138":{"start":{"line":356,"column":4},"end":{"line":356,"column":27}},"139":{"start":{"line":365,"column":4},"end":{"line":423,"column":5}},"140":{"start":{"line":367,"column":6},"end":{"line":367,"column":68}},"141":{"start":{"line":368,"column":20},"end":{"line":368,"column":65}},"142":{"start":{"line":369,"column":6},"end":{"line":369,"column":59}},"143":{"start":{"line":371,"column":6},"end":{"line":374,"column":7}},"144":{"start":{"line":372,"column":8},"end":{"line":372,"column":42}},"145":{"start":{"line":373,"column":8},"end":{"line":373,"column":18}},"146":{"start":{"line":377,"column":6},"end":{"line":377,"column":52}},"147":{"start":{"line":378,"column":30},"end":{"line":378,"column":64}},"148":{"start":{"line":379,"column":6},"end":{"line":379,"column":81}},"149":{"start":{"line":382,"column":26},"end":{"line":382,"column":28}},"150":{"start":{"line":384,"column":6},"end":{"line":417,"column":7}},"151":{"start":{"line":384,"column":19},"end":{"line":384,"column":20}},"152":{"start":{"line":385,"column":24},"end":{"line":385,"column":42}},"153":{"start":{"line":386,"column":8},"end":{"line":386,"column":77}},"154":{"start":{"line":389,"column":23},"end":{"line":389,"column":49}},"155":{"start":{"line":392,"column":25},"end":{"line":392,"column":94}},"156":{"start":{"line":393,"column":27},"end":{"line":393,"column":70}},"157":{"start":{"line":396,"column":28},"end":{"line":396,"column":35}},"158":{"start":{"line":397,"column":8},"end":{"line":403,"column":9}},"159":{"start":{"line":398,"column":10},"end":{"line":402,"column":11}},"160":{"start":{"line":399,"column":12},"end":{"line":399,"column":65}},"161":{"start":{"line":401,"column":12},"end":{"line":401,"column":65}},"162":{"start":{"line":404,"column":8},"end":{"line":404,"column":36}},"163":{"start":{"line":407,"column":8},"end":{"line":407,"column":80}},"164":{"start":{"line":408,"column":8},"end":{"line":408,"column":61}},"165":{"start":{"line":411,"column":8},"end":{"line":416,"column":11}},"166":{"start":{"line":415,"column":37},"end":{"line":415,"column":54}},"167":{"start":{"line":419,"column":6},"end":{"line":419,"column":25}},"168":{"start":{"line":421,"column":6},"end":{"line":421,"column":69}},"169":{"start":{"line":422,"column":6},"end":{"line":422,"column":18}},"170":{"start":{"line":427,"column":0},"end":{"line":427,"column":31}}},"fnMap":{"0":{"name":"(anonymous_0)","decl":{"start":{"line":16,"column":2},"end":{"line":16,"column":3}},"loc":{"start":{"line":16,"column":28},"end":{"line":27,"column":3}},"line":16},"1":{"name":"(anonymous_1)","decl":{"start":{"line":35,"column":2},"end":{"line":35,"column":3}},"loc":{"start":{"line":35,"column":37},"end":{"line":71,"column":3}},"line":35},"2":{"name":"(anonymous_2)","decl":{"start":{"line":79,"column":2},"end":{"line":79,"column":3}},"loc":{"start":{"line":79,"column":30},"end":{"line":129,"column":3}},"line":79},"3":{"name":"(anonymous_3)","decl":{"start":{"line":137,"column":2},"end":{"line":137,"column":3}},"loc":{"start":{"line":137,"column":29},"end":{"line":151,"column":3}},"line":137},"4":{"name":"(anonymous_4)","decl":{"start":{"line":160,"column":2},"end":{"line":160,"column":3}},"loc":{"start":{"line":160,"column":36},"end":{"line":173,"column":3}},"line":160},"5":{"name":"(anonymous_5)","decl":{"start":{"line":162,"column":67},"end":{"line":162,"column":68}},"loc":{"start":{"line":162,"column":72},"end":{"line":162,"column":84}},"line":162},"6":{"name":"(anonymous_6)","decl":{"start":{"line":163,"column":67},"end":{"line":163,"column":68}},"loc":{"start":{"line":163,"column":72},"end":{"line":163,"column":84}},"line":163},"7":{"name":"(anonymous_7)","decl":{"start":{"line":166,"column":52},"end":{"line":166,"column":53}},"loc":{"start":{"line":166,"column":57},"end":{"line":166,"column":70}},"line":166},"8":{"name":"(anonymous_8)","decl":{"start":{"line":181,"column":2},"end":{"line":181,"column":3}},"loc":{"start":{"line":181,"column":32},"end":{"line":225,"column":3}},"line":181},"9":{"name":"(anonymous_9)","decl":{"start":{"line":183,"column":31},"end":{"line":183,"column":32}},"loc":{"start":{"line":183,"column":39},"end":{"line":183,"column":45}},"line":183},"10":{"name":"(anonymous_10)","decl":{"start":{"line":224,"column":27},"end":{"line":224,"column":28}},"loc":{"start":{"line":224,"column":38},"end":{"line":224,"column":56}},"line":224},"11":{"name":"(anonymous_11)","decl":{"start":{"line":233,"column":2},"end":{"line":233,"column":3}},"loc":{"start":{"line":233,"column":22},"end":{"line":298,"column":3}},"line":233},"12":{"name":"(anonymous_12)","decl":{"start":{"line":235,"column":15},"end":{"line":235,"column":16}},"loc":{"start":{"line":235,"column":25},"end":{"line":239,"column":5}},"line":235},"13":{"name":"(anonymous_13)","decl":{"start":{"line":248,"column":29},"end":{"line":248,"column":30}},"loc":{"start":{"line":248,"column":38},"end":{"line":252,"column":7}},"line":248},"14":{"name":"(anonymous_14)","decl":{"start":{"line":253,"column":29},"end":{"line":253,"column":30}},"loc":{"start":{"line":253,"column":37},"end":{"line":253,"column":61}},"line":253},"15":{"name":"(anonymous_15)","decl":{"start":{"line":307,"column":2},"end":{"line":307,"column":3}},"loc":{"start":{"line":307,"column":41},"end":{"line":357,"column":3}},"line":307},"16":{"name":"(anonymous_16)","decl":{"start":{"line":331,"column":53},"end":{"line":331,"column":54}},"loc":{"start":{"line":331,"column":58},"end":{"line":331,"column":65}},"line":331},"17":{"name":"(anonymous_17)","decl":{"start":{"line":345,"column":18},"end":{"line":345,"column":19}},"loc":{"start":{"line":345,"column":28},"end":{"line":345,"column":45}},"line":345},"18":{"name":"(anonymous_18)","decl":{"start":{"line":364,"column":2},"end":{"line":364,"column":3}},"loc":{"start":{"line":364,"column":30},"end":{"line":424,"column":3}},"line":364},"19":{"name":"(anonymous_19)","decl":{"start":{"line":415,"column":29},"end":{"line":415,"column":30}},"loc":{"start":{"line":415,"column":37},"end":{"line":415,"column":54}},"line":415}},"branchMap":{"0":{"loc":{"start":{"line":16,"column":14},"end":{"line":16,"column":26}},"type":"default-arg","locations":[{"start":{"line":16,"column":24},"end":{"line":16,"column":26}}],"line":16},"1":{"loc":{"start":{"line":17,"column":21},"end":{"line":17,"column":75}},"type":"binary-expr","locations":[{"start":{"line":17,"column":21},"end":{"line":17,"column":38}},{"start":{"line":17,"column":42},"end":{"line":17,"column":75}}],"line":17},"2":{"loc":{"start":{"line":18,"column":22},"end":{"line":18,"column":80}},"type":"binary-expr","locations":[{"start":{"line":18,"column":22},"end":{"line":18,"column":40}},{"start":{"line":18,"column":44},"end":{"line":18,"column":80}}],"line":18},"3":{"loc":{"start":{"line":19,"column":21},"end":{"line":19,"column":77}},"type":"binary-expr","locations":[{"start":{"line":19,"column":21},"end":{"line":19,"column":38}},{"start":{"line":19,"column":42},"end":{"line":19,"column":77}}],"line":19},"4":{"loc":{"start":{"line":20,"column":31},"end":{"line":20,"column":65}},"type":"binary-expr","locations":[{"start":{"line":20,"column":31},"end":{"line":20,"column":58}},{"start":{"line":20,"column":62},"end":{"line":20,"column":65}}],"line":20},"5":{"loc":{"start":{"line":21,"column":27},"end":{"line":21,"column":55}},"type":"binary-expr","locations":[{"start":{"line":21,"column":27},"end":{"line":21,"column":50}},{"start":{"line":21,"column":54},"end":{"line":21,"column":55}}],"line":21},"6":{"loc":{"start":{"line":46,"column":8},"end":{"line":64,"column":9}},"type":"if","locations":[{"start":{"line":46,"column":8},"end":{"line":64,"column":9}},{"start":{"line":50,"column":15},"end":{"line":64,"column":9}}],"line":46},"7":{"loc":{"start":{"line":50,"column":15},"end":{"line":64,"column":9}},"type":"if","locations":[{"start":{"line":50,"column":15},"end":{"line":64,"column":9}},{"start":{},"end":{}}],"line":50},"8":{"loc":{"start":{"line":50,"column":19},"end":{"line":50,"column":63}},"type":"binary-expr","locations":[{"start":{"line":50,"column":19},"end":{"line":50,"column":33}},{"start":{"line":50,"column":37},"end":{"line":50,"column":63}}],"line":50},"9":{"loc":{"start":{"line":83,"column":4},"end":{"line":85,"column":5}},"type":"if","locations":[{"start":{"line":83,"column":4},"end":{"line":85,"column":5}},{"start":{},"end":{}}],"line":83},"10":{"loc":{"start":{"line":90,"column":6},"end":{"line":92,"column":7}},"type":"if","locations":[{"start":{"line":90,"column":6},"end":{"line":92,"column":7}},{"start":{},"end":{}}],"line":90},"11":{"loc":{"start":{"line":100,"column":8},"end":{"line":100,"column":40}},"type":"if","locations":[{"start":{"line":100,"column":8},"end":{"line":100,"column":40}},{"start":{},"end":{}}],"line":100},"12":{"loc":{"start":{"line":107,"column":10},"end":{"line":117,"column":11}},"type":"if","locations":[{"start":{"line":107,"column":10},"end":{"line":117,"column":11}},{"start":{"line":109,"column":17},"end":{"line":117,"column":11}}],"line":107},"13":{"loc":{"start":{"line":107,"column":14},"end":{"line":107,"column":58}},"type":"binary-expr","locations":[{"start":{"line":107,"column":14},"end":{"line":107,"column":35}},{"start":{"line":107,"column":39},"end":{"line":107,"column":58}}],"line":107},"14":{"loc":{"start":{"line":109,"column":17},"end":{"line":117,"column":11}},"type":"if","locations":[{"start":{"line":109,"column":17},"end":{"line":117,"column":11}},{"start":{"line":111,"column":17},"end":{"line":117,"column":11}}],"line":109},"15":{"loc":{"start":{"line":109,"column":21},"end":{"line":109,"column":67}},"type":"binary-expr","locations":[{"start":{"line":109,"column":21},"end":{"line":109,"column":42}},{"start":{"line":109,"column":46},"end":{"line":109,"column":67}}],"line":109},"16":{"loc":{"start":{"line":111,"column":17},"end":{"line":117,"column":11}},"type":"if","locations":[{"start":{"line":111,"column":17},"end":{"line":117,"column":11}},{"start":{"line":113,"column":17},"end":{"line":117,"column":11}}],"line":111},"17":{"loc":{"start":{"line":113,"column":17},"end":{"line":117,"column":11}},"type":"if","locations":[{"start":{"line":113,"column":17},"end":{"line":117,"column":11}},{"start":{"line":115,"column":17},"end":{"line":117,"column":11}}],"line":113},"18":{"loc":{"start":{"line":115,"column":17},"end":{"line":117,"column":11}},"type":"if","locations":[{"start":{"line":115,"column":17},"end":{"line":117,"column":11}},{"start":{},"end":{}}],"line":115},"19":{"loc":{"start":{"line":139,"column":4},"end":{"line":141,"column":5}},"type":"if","locations":[{"start":{"line":139,"column":4},"end":{"line":141,"column":5}},{"start":{},"end":{}}],"line":139},"20":{"loc":{"start":{"line":145,"column":4},"end":{"line":147,"column":5}},"type":"if","locations":[{"start":{"line":145,"column":4},"end":{"line":147,"column":5}},{"start":{},"end":{}}],"line":145},"21":{"loc":{"start":{"line":172,"column":32},"end":{"line":172,"column":47}},"type":"binary-expr","locations":[{"start":{"line":172,"column":32},"end":{"line":172,"column":42}},{"start":{"line":172,"column":46},"end":{"line":172,"column":47}}],"line":172},"22":{"loc":{"start":{"line":192,"column":8},"end":{"line":192,"column":30}},"type":"if","locations":[{"start":{"line":192,"column":8},"end":{"line":192,"column":30}},{"start":{},"end":{}}],"line":192},"23":{"loc":{"start":{"line":213,"column":10},"end":{"line":218,"column":11}},"type":"if","locations":[{"start":{"line":213,"column":10},"end":{"line":218,"column":11}},{"start":{},"end":{}}],"line":213},"24":{"loc":{"start":{"line":236,"column":20},"end":{"line":236,"column":77}},"type":"cond-expr","locations":[{"start":{"line":236,"column":38},"end":{"line":236,"column":63}},{"start":{"line":236,"column":66},"end":{"line":236,"column":77}}],"line":236},"25":{"loc":{"start":{"line":237,"column":20},"end":{"line":237,"column":77}},"type":"cond-expr","locations":[{"start":{"line":237,"column":38},"end":{"line":237,"column":63}},{"start":{"line":237,"column":66},"end":{"line":237,"column":77}}],"line":237},"26":{"loc":{"start":{"line":242,"column":18},"end":{"line":242,"column":61}},"type":"binary-expr","locations":[{"start":{"line":242,"column":18},"end":{"line":242,"column":41}},{"start":{"line":242,"column":45},"end":{"line":242,"column":61}}],"line":242},"27":{"loc":{"start":{"line":274,"column":27},"end":{"line":274,"column":70}},"type":"binary-expr","locations":[{"start":{"line":274,"column":27},"end":{"line":274,"column":46}},{"start":{"line":274,"column":50},"end":{"line":274,"column":70}}],"line":274},"28":{"loc":{"start":{"line":326,"column":4},"end":{"line":328,"column":5}},"type":"if","locations":[{"start":{"line":326,"column":4},"end":{"line":328,"column":5}},{"start":{},"end":{}}],"line":326},"29":{"loc":{"start":{"line":337,"column":4},"end":{"line":339,"column":5}},"type":"if","locations":[{"start":{"line":337,"column":4},"end":{"line":339,"column":5}},{"start":{},"end":{}}],"line":337},"30":{"loc":{"start":{"line":371,"column":6},"end":{"line":374,"column":7}},"type":"if","locations":[{"start":{"line":371,"column":6},"end":{"line":374,"column":7}},{"start":{},"end":{}}],"line":371},"31":{"loc":{"start":{"line":398,"column":10},"end":{"line":402,"column":11}},"type":"if","locations":[{"start":{"line":398,"column":10},"end":{"line":402,"column":11}},{"start":{"line":400,"column":17},"end":{"line":402,"column":11}}],"line":398}},"s":{"0":0,"1":0,"2":0,"3":0,"4":0,"5":0,"6":0,"7":0,"8":0,"9":0,"10":0,"11":0,"12":0,"13":0,"14":0,"15":0,"16":0,"17":0,"18":0,"19":0,"20":0,"21":0,"22":0,"23":0,"24":0,"25":0,"26":0,"27":0,"28":0,"29":0,"30":0,"31":0,"32":0,"33":0,"34":0,"35":0,"36":0,"37":0,"38":0,"39":0,"40":0,"41":0,"42":0,"43":0,"44":0,"45":0,"46":0,"47":0,"48":0,"49":0,"50":0,"51":0,"52":0,"53":0,"54":0,"55":0,"56":0,"57":0,"58":0,"59":0,"60":0,"61":0,"62":0,"63":0,"64":0,"65":0,"66":0,"67":0,"68":0,"69":0,"70":0,"71":0,"72":0,"73":0,"74":0,"75":0,"76":0,"77":0,"78":0,"79":0,"80":0,"81":0,"82":0,"83":0,"84":0,"85":0,"86":0
[...]
{"start":{"line":33,"column":93},"end":{"line":33,"column":96}}],"line":33},"7":{"loc":{"start":{"line":34,"column":24},"end":{"line":34,"column":97}},"type":"binary-expr","locations":[{"start":{"line":34,"column":24},"end":{"line":34,"column":44}},{"start":{"line":34,"column":48},"end":{"line":34,"column":97}}],"line":34},"8":{"loc":{"start":{"line":34,"column":57},"end":{"line":34,"column":92}},"type":"binary-expr","locations":[{"start":{"line":34,"column":57},"end":{"line":34,"column":82}},{"start":{"line":34,"column":86},"end":{"line":34,"column":92}}],"line":34},"9":{"loc":{"start":{"line":35,"column":30},"end":{"line":35,"column":74}},"type":"binary-expr","locations":[{"start":{"line":35,"column":30},"end":{"line":35,"column":56}},{"start":{"line":35,"column":60},"end":{"line":35,"column":74}}],"line":35},"10":{"loc":{"start":{"line":106,"column":14},"end":{"line":106,"column":26}},"type":"default-arg","locations":[{"start":{"line":106,"column":24},"end":{"line":106,"column":26}}],"line":106},"11":{"loc":{"start":{"line":109,"column":16},"end":{"line":109,"column":48}},"type":"binary-expr","locations":[{"start":{"line":109,"column":16},"end":{"line":109,"column":32}},{"start":{"line":109,"column":36},"end":{"line":109,"column":48}}],"line":109},"12":{"loc":{"start":{"line":110,"column":14},"end":{"line":110,"column":56}},"type":"binary-expr","locations":[{"start":{"line":110,"column":14},"end":{"line":110,"column":38}},{"start":{"line":110,"column":42},"end":{"line":110,"column":56}}],"line":110},"13":{"loc":{"start":{"line":124,"column":6},"end":{"line":126,"column":7}},"type":"if","locations":[{"start":{"line":124,"column":6},"end":{"line":126,"column":7}},{"start":{},"end":{}}],"line":124},"14":{"loc":{"start":{"line":132,"column":6},"end":{"line":134,"column":7}},"type":"if","locations":[{"start":{"line":132,"column":6},"end":{"line":134,"column":7}},{"start":{},"end":{}}],"line":132},"15":{"loc":{"start":{"line":152,"column":6},"end":{"line":154,"column":7}},"type":"if","locations":[{"start":{"line":152,"column":6},"end":{"line":154,"column":7}},{"start":{},"end":{}}],"line":152},"16":{"loc":{"start":{"line":173,"column":6},"end":{"line":175,"column":7}},"type":"if","locations":[{"start":{"line":173,"column":6},"end":{"line":175,"column":7}},{"start":{},"end":{}}],"line":173},"17":{"loc":{"start":{"line":237,"column":6},"end":{"line":272,"column":7}},"type":"if","locations":[{"start":{"line":237,"column":6},"end":{"line":272,"column":7}},{"start":{},"end":{}}],"line":237},"18":{"loc":{"start":{"line":250,"column":8},"end":{"line":252,"column":9}},"type":"if","locations":[{"start":{"line":250,"column":8},"end":{"line":252,"column":9}},{"start":{},"end":{}}],"line":250},"19":{"loc":{"start":{"line":254,"column":8},"end":{"line":256,"column":9}},"type":"if","locations":[{"start":{"line":254,"column":8},"end":{"line":256,"column":9}},{"start":{},"end":{}}],"line":254},"20":{"loc":{"start":{"line":258,"column":8},"end":{"line":260,"column":9}},"type":"if","locations":[{"start":{"line":258,"column":8},"end":{"line":260,"column":9}},{"start":{},"end":{}}],"line":258},"21":{"loc":{"start":{"line":393,"column":6},"end":{"line":395,"column":7}},"type":"if","locations":[{"start":{"line":393,"column":6},"end":{"line":395,"column":7}},{"start":{},"end":{}}],"line":393},"22":{"loc":{"start":{"line":402,"column":6},"end":{"line":404,"column":7}},"type":"if","locations":[{"start":{"line":402,"column":6},"end":{"line":404,"column":7}},{"start":{},"end":{}}],"line":402},"23":{"loc":{"start":{"line":496,"column":6},"end":{"line":498,"column":7}},"type":"if","locations":[{"start":{"line":496,"column":6},"end":{"line":498,"column":7}},{"start":{},"end":{}}],"line":496},"24":{"loc":{"start":{"line":501,"column":6},"end":{"line":503,"column":7}},"type":"if","locations":[{"start":{"line":501,"column":6},"end":{"line":503,"column":7}},{"start":{},"end":{}}],"line":501},"25":{"loc":{"start":{"line":534,"column":66},"end":{"line":534,"column":101}},"type":"binary-expr","locations":[{"start":{"line":534,"column":66},"end":{"line":534,"column":96}},{"start":{"line":534,"column":100},"end":{"line":534,"column":101}}],"line":534}},"s":{"0":0,"1":0,"2":0,"3":0,"4":0,"5":0,"6":0,"7":0,"8":0,"9":0,"10":0,"11":0,"12":0,"13":0,"14":0,"15":0,"16":0,"17":0,"18":0,"19":0,"20":0,"21":0,"22":0,"23":0,"24":0,"25":0,"26":0,"27":0,"28":0,"29":0,"30":0,"31":0,"32":0,"33":0,"34":0,"35":0,"36":0,"37":0,"38":0,"39":0,"40":0,"41":0,"42":0,"43":0,"44":0,"45":0,"46":0,"47":0,"48":0,"49":0,"50":0,"51":0,"52":0,"53":0,"54":0,"55":0,"56":0,"57":0,"58":0,"59":0,"60":0,"61":0,"62":0,"63":0,"64":0,"65":0,"66":0,"67":0,"68":0,"69":0,"70":0,"71":0,"72":0,"73":0,"74":0,"75":0,"76":0,"77":0,"78":0,"79":0,"80":0,"81":0,"82":0,"83":0,"84":0,"85":0,"86":0,"87":0,"88":0,"89":0,"90":0,"91":0,"92":0,"93":0,"94":0,"95":0,"96":0,"97":0,"98":0,"99":0,"100":0,"101":0,"102":0,"103":0,"104":0,"105":0,"106":0,"107":0,"108":0,"109":0,"110":0,"111":0,"112":0,"113":0,"114":0,"115":0,"116":0,"117":0,"118":0,"119":0,"120":0,"121":0,"122":0,"123":0,"124":0,"125":0,"126":0,"127":0,"128":0,"129":0,"130":0,"131":0,"132":0,"133":0,"134":0,"135":0,"136":0,"137":0,"138":0,"139":0,"140":0,"141":0,"142":0,"143":0,"144":0,"145":0,"146":0,"147":0,"148":0,"149":0,"150":0,"151":0,"152":0,"153":0,"154":0,"155":0,"156":0,"157":0,"158":0,"159":0,"160":0,"161":0,"162":0,"163":0,"164":0,"165":0,"166":0,"167":0,"168":0,"169":0,"170":0,"171":0,"172":0,"173":0,"174":0,"175":0,"176":0,"177":0,"178":0},"f":{"0":0,"1":0,"2":0,"3":0,"4":0,"5":0,"6":0,"7":0,"8":0,"9":0,"10":0,"11":0,"12":0},"b":{"0":[0],"1":[0,0],"2":[0,0],"3":[0,0],"4":[0,0],"5":[0,0],"6":[0,0],"7":[0,0],"8":[0,0],"9":[0,0],"10":[0],"11":[0,0],"12":[0,0],"13":[0,0],"14":[0,0],"15":[0,0],"16":[0,0],"17":[0,0],"18":[0,0],"19":[0,0],"20":[0,0],"21":[0,0],"22":[0,0],"23":[0,0],"24":[0,0],"25":[0,0]}}
,"C:\\Users\\Chris\\cFish.io\\ucfish-scraper\\src\\urlDiscovery.js": {"path":"C:\\Users\\Chris\\cFish.io\\ucfish-scraper\\src\\urlDiscovery.js","statementMap":{"0":{"start":{"line":11,"column":21},"end":{"line":11,"column":42}},"1":{"start":{"line":12,"column":11},"end":{"line":12,"column":30}},"2":{"start":{"line":13,"column":13},"end":{"line":13,"column":28}},"3":{"start":{"line":14,"column":12},"end":{"line":14,"column":26}},"4":{"start":{"line":15,"column":15},"end":{"line":15,"column":32}},"5":{"start":{"line":18,"column":0},"end":{"line":18,"column":64}},"6":{"start":{"line":22,"column":4},"end":{"line":22,"column":41}},"7":{"start":{"line":23,"column":4},"end":{"line":23,"column":42}},"8":{"start":{"line":24,"column":4},"end":{"line":24,"column":76}},"9":{"start":{"line":25,"column":4},"end":{"line":25,"column":90}},"10":{"start":{"line":26,"column":4},"end":{"line":26,"column":68}},"11":{"start":{"line":27,"column":4},"end":{"line":27,"column":161}},"12":{"start":{"line":28,"column":4},"end":{"line":28,"column":52}},"13":{"start":{"line":29,"column":4},"end":{"line":29,"column":74}},"14":{"start":{"line":32,"column":4},"end":{"line":32,"column":36}},"15":{"start":{"line":33,"column":4},"end":{"line":33,"column":32}},"16":{"start":{"line":34,"column":4},"end":{"line":34,"column":35}},"17":{"start":{"line":37,"column":4},"end":{"line":37,"column":37}},"18":{"start":{"line":38,"column":4},"end":{"line":38,"column":34}},"19":{"start":{"line":45,"column":4},"end":{"line":47,"column":7}},"20":{"start":{"line":48,"column":4},"end":{"line":51,"column":7}},"21":{"start":{"line":58,"column":4},"end":{"line":60,"column":5}},"22":{"start":{"line":59,"column":6},"end":{"line":59,"column":33}},"23":{"start":{"line":70,"column":4},"end":{"line":77,"column":5}},"24":{"start":{"line":71,"column":24},"end":{"line":71,"column":42}},"25":{"start":{"line":72,"column":28},"end":{"line":72,"column":49}},"26":{"start":{"line":74,"column":6},"end":{"line":74,"column":59}},"27":{"start":{"line":76,"column":6},"end":{"line":76,"column":19}},"28":{"start":{"line":87,"column":4},"end":{"line":113,"column":5}},"29":{"start":{"line":88,"column":24},"end":{"line":88,"column":42}},"30":{"start":{"line":91,"column":27},"end":{"line":91,"column":45}},"31":{"start":{"line":92,"column":6},"end":{"line":94,"column":7}},"32":{"start":{"line":93,"column":8},"end":{"line":93,"column":53}},"33":{"start":{"line":97,"column":27},"end":{"line":97,"column":64}},"34":{"start":{"line":98,"column":30},"end":{"line":98,"column":51}},"35":{"start":{"line":101,"column":6},"end":{"line":105,"column":7}},"36":{"start":{"line":102,"column":8},"end":{"line":104,"column":9}},"37":{"start":{"line":103,"column":10},"end":{"line":103,"column":45}},"38":{"start":{"line":108,"column":6},"end":{"line":108,"column":42}},"39":{"start":{"line":109,"column":6},"end":{"line":109,"column":52}},"40":{"start":{"line":110,"column":6},"end":{"line":110,"column":34}},"41":{"start":{"line":112,"column":6},"end":{"line":112,"column":23}},"42":{"start":{"line":124,"column":4},"end":{"line":124,"column":71}},"43":{"start":{"line":126,"column":17},"end":{"line":126,"column":45}},"44":{"start":{"line":127,"column":28},"end":{"line":127,"column":37}},"45":{"start":{"line":129,"column":4},"end":{"line":156,"column":5}},"46":{"start":{"line":131,"column":6},"end":{"line":131,"column":63}},"47":{"start":{"line":134,"column":6},"end":{"line":134,"column":61}},"48":{"start":{"line":137,"column":20},"end":{"line":140,"column":8}},"49":{"start":{"line":138,"column":29},"end":{"line":138,"column":65}},"50":{"start":{"line":139,"column":8},"end":{"line":139,"column":63}},"51":{"start":{"line":139,"column":52},"end":{"line":139,"column":61}},"52":{"start":{"line":143,"column":6},"end":{"line":148,"column":7}},"53":{"start":{"line":144,"column":8},"end":{"line":147,"column":9}},"54":{"start":{"line":145,"column":32},"end":{"line":145,"column":55}},"55":{"start":{"line":146,"column":10},"end":{"line":146,"column":45}},"56":{"start":{"line":150,"column":6},"end":{"line":150,"column":41}},"57":{"start":{"line":152,"column":6},"end":{"line":152,"column":79}},"58":{"start":{"line":153,"column":6},"end":{"line":153,"column":16}},"59":{"start":{"line":155,"column":6},"end":{"line":155,"column":25}},"60":{"start":{"line":165,"column":4},"end":{"line":167,"column":5}},"61":{"start":{"line":166,"column":6},"end":{"line":166,"column":31}},"62":{"start":{"line":170,"column":30},"end":{"line":170,"column":61}},"63":{"start":{"line":171,"column":4},"end":{"line":171,"column":43}},"64":{"start":{"line":172,"column":4},"end":{"line":177,"column":7}},"65":{"start":{"line":180,"column":4},"end":{"line":219,"column":5}},"66":{"start":{"line":180,"column":28},"end":{"line":180,"column":29}},"67":{"start":{"line":181,"column":31},"end":{"line":183,"column":7}},"68":{"start":{"line":182,"column":8},"end":{"line":182,"column":59}},"69":{"start":{"line":185,"column":6},"end":{"line":185,"column":89}},"70":{"start":{"line":187,"column":6},"end":{"line":218,"column":7}},"71":{"start":{"line":189,"column":8},"end":{"line":191,"column":9}},"72":{"start":{"line":190,"column":10},"end":{"line":190,"column":19}},"73":{"start":{"line":194,"column":22},"end":{"line":194,"column":78}},"74":{"start":{"line":195,"column":8},"end":{"line":195,"column":43}},"75":{"start":{"line":196,"column":8},"end":{"line":196,"column":43}},"76":{"start":{"line":199,"column":8},"end":{"line":199,"column":77}},"77":{"start":{"line":199,"column":37},"end":{"line":199,"column":75}},"78":{"start":{"line":202,"column":8},"end":{"line":214,"column":9}},"79":{"start":{"line":203,"column":10},"end":{"line":213,"column":11}},"80":{"start":{"line":204,"column":12},"end":{"line":212,"column":13}},"81":{"start":{"line":205,"column":14},"end":{"line":205,"column":40}},"82":{"start":{"line":206,"column":14},"end":{"line":211,"column":17}},"83":{"start":{"line":217,"column":8},"end":{"line":217,"column":40}},"84":{"start":{"line":221,"column":4},"end":{"line":221,"column":31}},"85":{"start":{"line":228,"column":22},"end":{"line":228,"column":62}},"86":{"start":{"line":229,"column":4},"end":{"line":235,"column":22}},"87":{"start":{"line":242,"column":4},"end":{"line":256,"column":5}},"88":{"start":{"line":243,"column":6},"end":{"line":253,"column":7}},"89":{"start":{"line":244,"column":21},"end":{"line":244,"column":53}},"90":{"start":{"line":247,"column":8},"end":{"line":247,"column":36}},"91":{"start":{"line":248,"column":8},"end":{"line":250,"column":9}},"92":{"start":{"line":249,"column":10},"end":{"line":249,"column":48}},"93":{"start":{"line":252,"column":8},"end":{"line":252,"column":85}},"94":{"start":{"line":255,"column":6},"end":{"line":255,"column":69}},"95":{"start":{"line":260,"column":0},"end":{"line":260,"column":30}}},"fnMap":{"0":{"name":"(anonymous_0)","decl":{"start":{"line":21,"column":2},"end":{"line":21,"column":3}},"loc":{"start":{"line":21,"column":28},"end":{"line":39,"column":3}},"line":21},"1":{"name":"(anonymous_1)","decl":{"start":{"line":44,"column":2},"end":{"line":44,"column":3}},"loc":{"start":{"line":44,"column":22},"end":{"line":52,"column":3}},"line":44},"2":{"name":"(anonymous_2)","decl":{"start":{"line":57,"column":2},"end":{"line":57,"column":3}},"loc":{"start":{"line":57,"column":16},"end":{"line":61,"column":3}},"line":57},"3":{"name":"(anonymous_3)","decl":{"start":{"line":69,"column":2},"end":{"line":69,"column":3}},"loc":{"start":{"line":69,"column":27},"end":{"line":78,"column":3}},"line":69},"4":{"name":"(anonymous_4)","decl":{"start":{"line":86,"column":2},"end":{"line":86,"column":3}},"loc":{"start":{"line":86,"column":26},"end":{"line":114,"column":3}},"line":86},"5":{"name":"(anonymous_5)","decl":{"start":{"line":123,"column":2},"end":{"line":123,"column":3}},"loc":{"start":{"line":123,"column":46},"end":{"line":157,"column":3}},"line":123},"6":{"name":"(anonymous_6)","decl":{"start":{"line":137,"column":40},"end":{"line":137,"column":41}},"loc":{"start":{"line":137,"column":46},"end":{"line":140,"column":7}},"line":137},"7":{"name":"(anonymous_7)","decl":{"start":{"line":139,"column":44},"end":{"line":139,"column":45}},"loc":{"start":{"line":139,"column":52},"end":{"line":139,"column":61}},"line":139},"8":{"name":"(anonymous_8)","decl":{"start":{"line":164,"column":2},"end":{"line":164,"column":3}},"loc":{"start":{"line":164,"column":23},"end":{"line":222,"column":3}},"line":164},"9":{"name":"(anonymous_9)","decl":{"start":{"line":181,"column":59},"end":{"line":181,"column":60}},"loc":{"start":{"line":182,"column":8},"end":{"line":182,"column":59}},"line":182},"10":{"name":"(anonymous_10)","decl":{"start":{"line":199,"column":26},"end":{"line":199,"column":27}},"loc":{"start":{"line":199,"column":37},"end":{"line":199,"column":75}},"line":199},"11":{"name":"(anonymous_11)","decl":{"start":{"line":227,"column":2},"end":{"line":227,"column":3}},"loc":{"start":{"line":227,"column":29},"end":{"line":236,"column":3}},"line":227},"12":{"name":"(anonymous_12)","decl":{"start":{"line":241,"column":2},"end":{"line":241,"column":3}},"loc":{"start":{"line":241,"column":29},"end":{"line":257,"column":3}},"line":241}},"branchMap":{"0":{"loc":{"start":{"line":21,"column":14},"end":{"line":21,"column":26}},"type":"default-arg","locations":[{"start":{"line":21,"column":24},"end":{"line":21,"column":26}}],"line":21},"1":{"loc":{"start":{"line":22,"column":19},"end":{"line":22,"column":40}},"type":"binary-expr","locations":[{"start":{"line":22,"column":19},"end":{"line":22,"column":34}},{"start":{"line":22,"column":38},"end":{"line":22,"column":40}}],"line":22},"2":{"loc":{"start":{"line":23,"column":20},"end":{"line":23,"column":41}},"type":"binary-expr","locations":[{"start":{"line":23,"column":20},"end":{"line":23,"column":36}},{"start":{"line":23,"column":40},"end":{"line":23,"column":41}}],"line":23},"3":{"loc":{"start":{"line":24,"column":21},"end":{"line":24,"column":75}},"type":"binary-expr","locations":[{"start":{"line":24,"column":21},"end":{"line":24,"column":38}},{"start":{"line":24,"column":42},"end":{"line":24,"column":75}}],"line":24},"4":{"loc":{"start":{"line":25,"column":20},"end":{"line":25,"column":89}},"type":"binary-expr","locations":[{"start":{"line":25,"column":20},"end":{"line":25,"column":36}},{"start":{"line":25,"column":40},"end":{"line":25,"column":89}}],"line":25},"5":{"loc":{"start":{"line":26,"column":18},"end":{"line":26,"column":67}},"type":"binary-expr","locations":[{"start":{"line":26,"column":18},"end":{"line":26,"column":32}},{"start":{"line":26,"column":36},"end":{"line":26,"column":67}}],"line":26},"6":{"loc":{"start":{"line":27,"column":21},"end":{"line":27,"column":160}},"type":"binary-expr","locations":[{"start":{"line":27,"column":21},"end":{"line":27,"column":43}},{"start":{"line":27,"column":47},"end":{"line":27,"column":160}}],"line":27},"7":{"loc":{"start":{"line":29,"column":33},"end":{"line":29,"column":68}},"type":"binary-expr","locations":[{"start":{"line":29,"column":33},"end":{"line":29,"column":58}},{"start":{"line":29,"column":62},"end":{"line":29,"column":68}}],"line":29},"8":{"loc":{"start":{"line":58,"column":4},"end":{"line":60,"column":5}},"type":"if","locations":[{"start":{"line":58,"column":4},"end":{"line":60,"column":5}},{"start":{},"end":{}}],"line":58},"9":{"loc":{"start":{"line":92,"column":6},"end":{"line":94,"column":7}},"type":"if","locations":[{"start":{"line":92,"column":6},"end":{"line":94,"column":7}},{"start":{},"end":{}}],"line":92},"10":{"loc":{"start":{"line":92,"column":10},"end":{"line":92,"column":67}},"type":"binary-expr","locations":[{"start":{"line":92,"column":10},"end":{"line":92,"column":38}},{"start":{"line":92,"column":42},"end":{"line":92,"column":67}}],"line":92},"11":{"loc":{"start":{"line":102,"column":8},"end":{"line":104,"column":9}},"type":"if","locations":[{"start":{"line":102,"column":8},"end":{"line":104,"column":9}},{"start":{},"end":{}}],"line":102},"12":{"loc":{"start":{"line":144,"column":8},"end":{"line":147,"column":9}},"type":"if","locations":[{"start":{"line":144,"column":8},"end":{"line":147,"column":9}},{"start":{},"end":{}}],"line":144},"13":{"loc":{"start":{"line":165,"column":4},"end":{"line":167,"column":5}},"type":"if","locations":[{"start":{"line":165,"column":4},"end":{"line":167,"column":5}},{"start":{},"end":{}}],"line":165},"14":{"loc":{"start":{"line":189,"column":8},"end":{"line":191,"column":9}},"type":"if","locations":[{"start":{"line":189,"column":8},"end":{"line":191,"column":9}},{"start":{},"end":{}}],"line":189},"15":{"loc":{"start":{"line":202,"column":8},"end":{"line":214,"column":9}},"type":"if","locations":[{"start":{"line":202,"column":8},"end":{"line":214,"column":9}},{"start":{},"end":{}}],"line":202},"16":{"loc":{"start":{"line":204,"column":12},"end":{"line":212,"column":13}},"type":"if","locations":[{"start":{"line":204,"column":12},"end":{"line":212,"column":13}},{"start":{},"end":{}}],"line":204},"17":{"loc":{"start":{"line":243,"column":6},"end":{"line":253,"column":7}},"type":"if","locations":[{"start":{"line":243,"column":6},"end":{"line":253,"column":7}},{"start":{},"end":{}}],"line":243}},"s":{"0":0,"1":0,"2":0,"3":0,"4":0,"5":0,"6":0,"7":0,"8":0,"9":0,"10":0,"11":0,"12":0,"13":0,"14":0,"15":0,"16":0,"17":0,"18":0,"19":0,"20":0,"21":0,"22":0,"23":0,"24":0,"25":0,"26":0,"27":0,"28":0,"29":0,"30":0,"31":0,"32":0,"33":0,"34":0,"35":0,"36":0,"37":0,"38":0,"39":0,"40":0,"41":0,"42":0,"43":0,"44":0,"45":0,"46":0,"47":0,"48":0,"49":0,"50":0,"51":0,"52":0,"53":0,"54":0,"55":0,"56":0,"57":0,"58":0,"59":0,"60":0,"61":0,"62":0,"63":0,"64":0,"65":0,"66":0,"67":0,"68":0,"69":0,"70":0,"71":0,"72":0,"73":0,"74":0,"75":0,"76":0,"77":0,"78":0,"79":0,"80":0,"81":0,"82":0,"83":0,"84":0,"85":0,"86":0,"87":0,"88":0,"89":0,"90":0,"91":0,"92":0,"93":0,"94":0,"95":0},"f":{"0":0,"1":0,"2":0,"3":0,"4":0,"5":0,"6":0,"7":0,"8":0,"9":0,"10":0,"11":0,"12":0},"b":{"0":[0],"1":[0,0],"2":[0,0],"3":[0,0],"4":[0,0],"5":[0,0],"6":[0,0],"7":[0,0],"8":[0,0],"9":[0,0],"10":[0,0],"11":[0,0],"12":[0,0],"13":[0,0],"14":[0,0],"15":[0,0],"16":[0,0],"17":[0,0]}}
}
