TN:
SF:src\cli.js
FN:45,(anonymous_0)
FN:100,(anonymous_1)
FN:139,(anonymous_2)
FN:175,(anonymous_3)
FN:211,(anonymous_4)
FN:267,getAllMarkdownFiles
FN:270,walk
FN:295,generateSummary
FNF:8
FNH:0
FNDA:0,(anonymous_0)
FNDA:0,(anonymous_1)
FNDA:0,(anonymous_2)
FNDA:0,(anonymous_3)
FNDA:0,(anonymous_4)
FNDA:0,getAllMarkdownFiles
FNDA:0,walk
FNDA:0,generateSummary
DA:13,0
DA:14,0
DA:15,0
DA:16,0
DA:17,0
DA:18,0
DA:19,0
DA:22,0
DA:25,0
DA:28,0
DA:34,0
DA:46,0
DA:47,0
DA:48,0
DA:49,0
DA:50,0
DA:51,0
DA:52,0
DA:53,0
DA:54,0
DA:55,0
DA:56,0
DA:57,0
DA:60,0
DA:72,0
DA:77,0
DA:78,0
DA:79,0
DA:80,0
DA:81,0
DA:82,0
DA:83,0
DA:84,0
DA:85,0
DA:86,0
DA:89,0
DA:90,0
DA:95,0
DA:101,0
DA:102,0
DA:103,0
DA:104,0
DA:105,0
DA:106,0
DA:109,0
DA:115,0
DA:117,0
DA:118,0
DA:119,0
DA:120,0
DA:121,0
DA:122,0
DA:123,0
DA:124,0
DA:125,0
DA:128,0
DA:129,0
DA:134,0
DA:140,0
DA:141,0
DA:142,0
DA:143,0
DA:144,0
DA:145,0
DA:148,0
DA:149,0
DA:152,0
DA:155,0
DA:157,0
DA:158,0
DA:159,0
DA:160,0
DA:163,0
DA:164,0
DA:169,0
DA:176,0
DA:177,0
DA:178,0
DA:179,0
DA:180,0
DA:181,0
DA:182,0
DA:185,0
DA:192,0
DA:194,0
DA:195,0
DA:196,0
DA:197,0
DA:198,0
DA:201,0
DA:202,0
DA:207,0
DA:212,0
DA:213,0
DA:214,0
DA:215,0
DA:218,0
DA:219,0
DA:220,0
DA:221,0
DA:225,0
DA:226,0
DA:227,0
DA:228,0
DA:229,0
DA:230,0
DA:231,0
DA:234,0
DA:240,0
DA:244,0
DA:245,0
DA:246,0
DA:247,0
DA:248,0
DA:249,0
DA:250,0
DA:251,0
DA:252,0
DA:253,0
DA:256,0
DA:257,0
DA:268,0
DA:271,0
DA:273,0
DA:274,0
DA:276,0
DA:277,0
DA:278,0
DA:279,0
DA:284,0
DA:285,0
DA:296,0
DA:297,0
DA:298,0
DA:301,0
DA:304,0
DA:306,0
DA:307,0
DA:308,0
DA:310,0
DA:311,0
DA:314,0
DA:321,0
DA:323,0
DA:324,0
DA:325,0
DA:326,0
DA:329,0
DA:332,0
DA:333,0
DA:334,0
DA:336,0
DA:339,0
DA:340,0
DA:342,0
DA:343,0
DA:345,0
DA:346,0
DA:347,0
DA:349,0
DA:351,0
DA:355,0
DA:358,0
DA:362,0
DA:365,0
DA:366,0
LF:166
LH:0
BRDA:38,0,0,0
BRDA:38,0,1,0
BRDA:40,1,0,0
BRDA:40,1,1,0
BRDA:41,2,0,0
BRDA:41,2,1,0
BRDA:219,3,0,0
BRDA:219,3,1,0
BRDA:276,4,0,0
BRDA:276,4,1,0
BRDA:278,5,0,0
BRDA:278,5,1,0
BRDA:278,6,0,0
BRDA:278,6,1,0
BRDA:310,7,0,0
BRDA:310,7,1,0
BRDA:324,8,0,0
BRDA:324,8,1,0
BRDA:333,9,0,0
BRDA:333,9,1,0
BRDA:346,10,0,0
BRDA:346,10,1,0
BRDA:347,11,0,0
BRDA:347,11,1,0
BRDA:365,12,0,0
BRDA:365,12,1,0
BRF:26
BRH:0
end_of_record
TN:
SF:src\contentExtractor.js
FN:26,(anonymous_0)
FN:64,(anonymous_1)
FN:85,(anonymous_2)
FN:126,(anonymous_3)
FN:146,(anonymous_4)
FN:159,(anonymous_5)
FN:172,(anonymous_6)
FN:232,(anonymous_7)
FN:242,(anonymous_8)
FN:243,(anonymous_9)
FN:272,(anonymous_10)
FN:273,(anonymous_11)
FN:279,(anonymous_12)
FN:299,(anonymous_13)
FN:376,(anonymous_14)
FN:413,(anonymous_15)
FN:495,(anonymous_16)
FN:520,(anonymous_17)
FN:548,(anonymous_18)
FNF:19
FNH:0
FNDA:0,(anonymous_0)
FNDA:0,(anonymous_1)
FNDA:0,(anonymous_2)
FNDA:0,(anonymous_3)
FNDA:0,(anonymous_4)
FNDA:0,(anonymous_5)
FNDA:0,(anonymous_6)
FNDA:0,(anonymous_7)
FNDA:0,(anonymous_8)
FNDA:0,(anonymous_9)
FNDA:0,(anonymous_10)
FNDA:0,(anonymous_11)
FNDA:0,(anonymous_12)
FNDA:0,(anonymous_13)
FNDA:0,(anonymous_14)
FNDA:0,(anonymous_15)
FNDA:0,(anonymous_16)
FNDA:0,(anonymous_17)
FNDA:0,(anonymous_18)
DA:11,0
DA:12,0
DA:13,0
DA:14,0
DA:15,0
DA:16,0
DA:17,0
DA:18,0
DA:19,0
DA:20,0
DA:23,0
DA:27,0
DA:28,0
DA:29,0
DA:30,0
DA:31,0
DA:32,0
DA:33,0
DA:34,0
DA:35,0
DA:36,0
DA:37,0
DA:40,0
DA:52,0
DA:53,0
DA:56,0
DA:57,0
DA:58,0
DA:65,0
DA:66,0
DA:67,0
DA:68,0
DA:69,0
DA:71,0
DA:74,0
DA:75,0
DA:86,0
DA:88,0
DA:89,0
DA:90,0
DA:93,0
DA:94,0
DA:95,0
DA:98,0
DA:99,0
DA:103,0
DA:104,0
DA:105,0
DA:106,0
DA:107,0
DA:112,0
DA:114,0
DA:115,0
DA:127,0
DA:128,0
DA:131,0
DA:132,0
DA:133,0
DA:140,0
DA:147,0
DA:150,0
DA:160,0
DA:161,0
DA:173,0
DA:176,0
DA:177,0
DA:180,0
DA:181,0
DA:182,0
DA:184,0
DA:185,0
DA:187,0
DA:188,0
DA:191,0
DA:193,0
DA:196,0
DA:199,0
DA:200,0
DA:201,0
DA:204,0
DA:205,0
DA:206,0
DA:207,0
DA:210,0
DA:211,0
DA:216,0
DA:219,0
DA:223,0
DA:233,0
DA:235,0
DA:237,0
DA:238,0
DA:239,0
DA:242,0
DA:243,0
DA:244,0
DA:245,0
DA:246,0
DA:248,0
DA:253,0
DA:254,0
DA:255,0
DA:256,0
DA:257,0
DA:258,0
DA:259,0
DA:260,0
DA:261,0
DA:262,0
DA:263,0
DA:264,0
DA:265,0
DA:266,0
DA:267,0
DA:272,0
DA:273,0
DA:274,0
DA:275,0
DA:277,0
DA:279,0
DA:282,0
DA:283,0
DA:287,0
DA:290,0
DA:300,0
DA:301,0
DA:304,0
DA:306,0
DA:307,0
DA:309,0
DA:311,0
DA:314,0
DA:317,0
DA:320,0
DA:323,0
DA:326,0
DA:329,0
DA:330,0
DA:331,0
DA:333,0
DA:335,0
DA:350,0
DA:351,0
DA:352,0
DA:355,0
DA:356,0
DA:358,0
DA:360,0
DA:363,0
DA:365,0
DA:368,0
DA:377,0
DA:379,0
DA:388,0
DA:389,0
DA:390,0
DA:391,0
DA:392,0
DA:393,0
DA:395,0
DA:402,0
DA:414,0
DA:415,0
DA:418,0
DA:419,0
DA:420,0
DA:423,0
DA:424,0
DA:435,0
DA:436,0
DA:441,0
DA:442,0
DA:443,0
DA:445,0
DA:448,0
DA:452,0
DA:453,0
DA:456,0
DA:457,0
DA:458,0
DA:459,0
DA:461,0
DA:466,0
DA:467,0
DA:468,0
DA:470,0
DA:471,0
DA:472,0
DA:474,0
DA:480,0
DA:481,0
DA:482,0
DA:483,0
DA:484,0
DA:485,0
DA:487,0
DA:493,0
DA:494,0
DA:495,0
DA:496,0
DA:497,0
DA:498,0
DA:501,0
DA:502,0
DA:507,0
DA:508,0
DA:509,0
DA:510,0
DA:511,0
DA:512,0
DA:518,0
DA:519,0
DA:520,0
DA:521,0
DA:523,0
DA:524,0
DA:529,0
DA:530,0
DA:531,0
DA:532,0
DA:536,0
DA:549,0
DA:550,0
DA:554,0
DA:555,0
DA:556,0
DA:559,0
DA:560,0
DA:561,0
DA:564,0
DA:565,0
DA:567,0
DA:568,0
DA:570,0
DA:573,0
DA:580,0
LF:236
LH:0
BRDA:26,0,0,0
BRDA:27,1,0,0
BRDA:27,1,1,0
BRDA:28,2,0,0
BRDA:28,2,1,0
BRDA:29,3,0,0
BRDA:29,3,1,0
BRDA:30,4,0,0
BRDA:30,4,1,0
BRDA:52,5,0,0
BRDA:52,5,1,0
BRDA:66,6,0,0
BRDA:66,6,1,0
BRDA:89,7,0,0
BRDA:89,7,1,0
BRDA:98,8,0,0
BRDA:98,8,1,0
BRDA:98,9,0,0
BRDA:98,9,1,0
BRDA:103,10,0,0
BRDA:103,10,1,0
BRDA:105,11,0,0
BRDA:105,11,1,0
BRDA:127,12,0,0
BRDA:127,12,1,0
BRDA:127,13,0,0
BRDA:127,13,1,0
BRDA:132,14,0,0
BRDA:132,14,1,0
BRDA:160,15,0,0
BRDA:160,15,1,0
BRDA:188,16,0,0
BRDA:188,16,1,0
BRDA:191,17,0,0
BRDA:191,17,1,0
BRDA:191,18,0,0
BRDA:191,18,1,0
BRDA:193,19,0,0
BRDA:193,19,1,0
BRDA:199,20,0,0
BRDA:199,20,1,0
BRDA:205,21,0,0
BRDA:205,21,1,0
BRDA:254,22,0,0
BRDA:254,22,1,0
BRDA:256,23,0,0
BRDA:256,23,1,0
BRDA:258,24,0,0
BRDA:258,24,1,0
BRDA:260,25,0,0
BRDA:260,25,1,0
BRDA:262,26,0,0
BRDA:262,26,1,0
BRDA:264,27,0,0
BRDA:264,27,1,0
BRDA:266,28,0,0
BRDA:266,28,1,0
BRDA:282,29,0,0
BRDA:282,29,1,0
BRDA:300,30,0,0
BRDA:300,30,1,0
BRDA:333,31,0,0
BRDA:333,31,1,0
BRDA:350,32,0,0
BRDA:350,32,1,0
BRDA:391,33,0,0
BRDA:391,33,1,0
BRDA:414,34,0,0
BRDA:414,34,1,0
BRDA:423,35,0,0
BRDA:423,35,1,0
BRDA:423,36,0,0
BRDA:423,36,1,0
BRDA:435,37,0,0
BRDA:435,37,1,0
BRDA:435,38,0,0
BRDA:435,38,1,0
BRDA:441,39,0,0
BRDA:441,39,1,0
BRDA:443,40,0,0
BRDA:443,40,1,0
BRDA:456,41,0,0
BRDA:456,41,1,0
BRDA:456,42,0,0
BRDA:456,42,1,0
BRDA:458,43,0,0
BRDA:458,43,1,0
BRDA:466,44,0,0
BRDA:466,44,1,0
BRDA:466,45,0,0
BRDA:466,45,1,0
BRDA:468,46,0,0
BRDA:468,46,1,0
BRDA:470,47,0,0
BRDA:470,47,1,0
BRDA:471,48,0,0
BRDA:471,48,1,0
BRDA:480,49,0,0
BRDA:480,49,1,0
BRDA:480,50,0,0
BRDA:480,50,1,0
BRDA:482,51,0,0
BRDA:482,51,1,0
BRDA:484,52,0,0
BRDA:484,52,1,0
BRDA:493,53,0,0
BRDA:493,53,1,0
BRDA:493,54,0,0
BRDA:493,54,1,0
BRDA:497,55,0,0
BRDA:497,55,1,0
BRDA:497,56,0,0
BRDA:497,56,1,0
BRDA:501,57,0,0
BRDA:501,57,1,0
BRDA:507,58,0,0
BRDA:507,58,1,0
BRDA:509,59,0,0
BRDA:509,59,1,0
BRDA:511,60,0,0
BRDA:511,60,1,0
BRDA:518,61,0,0
BRDA:518,61,1,0
BRDA:523,62,0,0
BRDA:523,62,1,0
BRDA:529,63,0,0
BRDA:529,63,1,0
BRDA:531,64,0,0
BRDA:531,64,1,0
BRDA:549,65,0,0
BRDA:549,65,1,0
BRDA:549,66,0,0
BRDA:549,66,1,0
BRDA:567,67,0,0
BRDA:567,67,1,0
BRF:135
BRH:0
end_of_record
TN:
SF:src\contentMerger.js
FN:16,(anonymous_0)
FN:35,(anonymous_1)
FN:79,(anonymous_2)
FN:137,(anonymous_3)
FN:160,(anonymous_4)
FN:162,(anonymous_5)
FN:163,(anonymous_6)
FN:166,(anonymous_7)
FN:181,(anonymous_8)
FN:183,(anonymous_9)
FN:224,(anonymous_10)
FN:233,(anonymous_11)
FN:235,(anonymous_12)
FN:248,(anonymous_13)
FN:253,(anonymous_14)
FN:307,(anonymous_15)
FN:331,(anonymous_16)
FN:345,(anonymous_17)
FN:364,(anonymous_18)
FN:415,(anonymous_19)
FNF:20
FNH:0
FNDA:0,(anonymous_0)
FNDA:0,(anonymous_1)
FNDA:0,(anonymous_2)
FNDA:0,(anonymous_3)
FNDA:0,(anonymous_4)
FNDA:0,(anonymous_5)
FNDA:0,(anonymous_6)
FNDA:0,(anonymous_7)
FNDA:0,(anonymous_8)
FNDA:0,(anonymous_9)
FNDA:0,(anonymous_10)
FNDA:0,(anonymous_11)
FNDA:0,(anonymous_12)
FNDA:0,(anonymous_13)
FNDA:0,(anonymous_14)
FNDA:0,(anonymous_15)
FNDA:0,(anonymous_16)
FNDA:0,(anonymous_17)
FNDA:0,(anonymous_18)
FNDA:0,(anonymous_19)
DA:11,0
DA:12,0
DA:13,0
DA:17,0
DA:18,0
DA:19,0
DA:20,0
DA:21,0
DA:24,0
DA:25,0
DA:26,0
DA:36,0
DA:38,0
DA:40,0
DA:43,0
DA:44,0
DA:46,0
DA:48,0
DA:49,0
DA:50,0
DA:52,0
DA:55,0
DA:58,0
DA:67,0
DA:70,0
DA:80,0
DA:83,0
DA:84,0
DA:87,0
DA:89,0
DA:90,0
DA:91,0
DA:95,0
DA:98,0
DA:99,0
DA:100,0
DA:102,0
DA:103,0
DA:106,0
DA:107,0
DA:108,0
DA:109,0
DA:110,0
DA:111,0
DA:112,0
DA:113,0
DA:114,0
DA:115,0
DA:116,0
DA:122,0
DA:125,0
DA:128,0
DA:139,0
DA:140,0
DA:144,0
DA:145,0
DA:146,0
DA:150,0
DA:162,0
DA:163,0
DA:166,0
DA:169,0
DA:172,0
DA:183,0
DA:186,0
DA:187,0
DA:188,0
DA:191,0
DA:192,0
DA:194,0
DA:196,0
DA:197,0
DA:199,0
DA:200,0
DA:201,0
DA:202,0
DA:203,0
DA:204,0
DA:205,0
DA:210,0
DA:213,0
DA:214,0
DA:215,0
DA:216,0
DA:217,0
DA:224,0
DA:235,0
DA:236,0
DA:237,0
DA:238,0
DA:242,0
DA:245,0
DA:248,0
DA:253,0
DA:257,0
DA:260,0
DA:263,0
DA:266,0
DA:267,0
DA:269,0
DA:271,0
DA:274,0
DA:275,0
DA:278,0
DA:281,0
DA:282,0
DA:284,0
DA:288,0
DA:291,0
DA:293,0
DA:309,0
DA:312,0
DA:313,0
DA:316,0
DA:317,0
DA:326,0
DA:327,0
DA:331,0
DA:334,0
DA:337,0
DA:338,0
DA:342,0
DA:345,0
DA:347,0
DA:348,0
DA:349,0
DA:351,0
DA:356,0
DA:365,0
DA:367,0
DA:368,0
DA:369,0
DA:371,0
DA:372,0
DA:373,0
DA:377,0
DA:378,0
DA:379,0
DA:382,0
DA:384,0
DA:385,0
DA:386,0
DA:389,0
DA:392,0
DA:393,0
DA:396,0
DA:397,0
DA:398,0
DA:399,0
DA:401,0
DA:404,0
DA:407,0
DA:408,0
DA:411,0
DA:415,0
DA:419,0
DA:421,0
DA:422,0
DA:427,0
LF:159
LH:0
BRDA:16,0,0,0
BRDA:17,1,0,0
BRDA:17,1,1,0
BRDA:18,2,0,0
BRDA:18,2,1,0
BRDA:19,3,0,0
BRDA:19,3,1,0
BRDA:20,4,0,0
BRDA:20,4,1,0
BRDA:21,5,0,0
BRDA:21,5,1,0
BRDA:46,6,0,0
BRDA:46,6,1,0
BRDA:50,7,0,0
BRDA:50,7,1,0
BRDA:50,8,0,0
BRDA:50,8,1,0
BRDA:83,9,0,0
BRDA:83,9,1,0
BRDA:90,10,0,0
BRDA:90,10,1,0
BRDA:100,11,0,0
BRDA:100,11,1,0
BRDA:107,12,0,0
BRDA:107,12,1,0
BRDA:107,13,0,0
BRDA:107,13,1,0
BRDA:109,14,0,0
BRDA:109,14,1,0
BRDA:109,15,0,0
BRDA:109,15,1,0
BRDA:111,16,0,0
BRDA:111,16,1,0
BRDA:113,17,0,0
BRDA:113,17,1,0
BRDA:115,18,0,0
BRDA:115,18,1,0
BRDA:139,19,0,0
BRDA:139,19,1,0
BRDA:145,20,0,0
BRDA:145,20,1,0
BRDA:172,21,0,0
BRDA:172,21,1,0
BRDA:192,22,0,0
BRDA:192,22,1,0
BRDA:213,23,0,0
BRDA:213,23,1,0
BRDA:236,24,0,0
BRDA:236,24,1,0
BRDA:237,25,0,0
BRDA:237,25,1,0
BRDA:242,26,0,0
BRDA:242,26,1,0
BRDA:274,27,0,0
BRDA:274,27,1,0
BRDA:326,28,0,0
BRDA:326,28,1,0
BRDA:337,29,0,0
BRDA:337,29,1,0
BRDA:371,30,0,0
BRDA:371,30,1,0
BRDA:398,31,0,0
BRDA:398,31,1,0
BRF:63
BRH:0
end_of_record
TN:
SF:src\contentProcessor.js
FN:16,(anonymous_0)
FN:29,(anonymous_1)
FN:48,(anonymous_2)
FN:68,(anonymous_3)
FN:82,(anonymous_4)
FN:103,(anonymous_5)
FN:115,(anonymous_6)
FN:135,(anonymous_7)
FN:144,(anonymous_8)
FN:185,(anonymous_9)
FN:192,(anonymous_10)
FN:227,(anonymous_11)
FN:289,(anonymous_12)
FNF:13
FNH:0
FNDA:0,(anonymous_0)
FNDA:0,(anonymous_1)
FNDA:0,(anonymous_2)
FNDA:0,(anonymous_3)
FNDA:0,(anonymous_4)
FNDA:0,(anonymous_5)
FNDA:0,(anonymous_6)
FNDA:0,(anonymous_7)
FNDA:0,(anonymous_8)
FNDA:0,(anonymous_9)
FNDA:0,(anonymous_10)
FNDA:0,(anonymous_11)
FNDA:0,(anonymous_12)
DA:11,0
DA:12,0
DA:13,0
DA:17,0
DA:18,0
DA:19,0
DA:30,0
DA:33,0
DA:34,0
DA:35,0
DA:36,0
DA:37,0
DA:39,0
DA:49,0
DA:52,0
DA:55,0
DA:58,0
DA:61,0
DA:62,0
DA:65,0
DA:68,0
DA:70,0
DA:73,0
DA:84,0
DA:85,0
DA:88,0
DA:89,0
DA:98,0
DA:99,0
DA:103,0
DA:106,0
DA:107,0
DA:111,0
DA:112,0
DA:115,0
DA:117,0
DA:118,0
DA:119,0
DA:120,0
DA:125,0
DA:137,0
DA:138,0
DA:141,0
DA:144,0
DA:145,0
DA:147,0
DA:148,0
DA:152,0
DA:153,0
DA:157,0
DA:160,0
DA:161,0
DA:163,0
DA:168,0
DA:171,0
DA:175,0
DA:186,0
DA:189,0
DA:190,0
DA:192,0
DA:193,0
DA:194,0
DA:196,0
DA:197,0
DA:201,0
DA:204,0
DA:213,0
DA:214,0
DA:215,0
DA:218,0
DA:229,0
DA:230,0
DA:233,0
DA:234,0
DA:235,0
DA:238,0
DA:239,0
DA:243,0
DA:247,0
DA:255,0
DA:256,0
DA:260,0
DA:262,0
DA:264,0
DA:265,0
DA:269,0
DA:271,0
DA:272,0
DA:275,0
DA:279,0
DA:290,0
DA:292,0
DA:295,0
DA:301,0
DA:303,0
DA:305,0
DA:307,0
DA:308,0
DA:313,0
LF:99
LH:0
BRDA:16,0,0,0
BRDA:17,1,0,0
BRDA:17,1,1,0
BRDA:18,2,0,0
BRDA:18,2,1,0
BRDA:19,3,0,0
BRDA:19,3,1,0
BRDA:29,4,0,0
BRDA:98,5,0,0
BRDA:98,5,1,0
BRDA:106,6,0,0
BRDA:106,6,1,0
BRDA:135,7,0,0
BRDA:137,8,0,0
BRDA:137,8,1,0
BRDA:137,9,0,0
BRDA:137,9,1,0
BRDA:141,10,0,0
BRDA:141,10,1,0
BRDA:147,11,0,0
BRDA:147,11,1,0
BRDA:152,12,0,0
BRDA:152,12,1,0
BRDA:152,13,0,0
BRDA:152,13,1,0
BRDA:160,14,0,0
BRDA:160,14,1,0
BRDA:164,15,0,0
BRDA:164,15,1,0
BRDA:193,16,0,0
BRDA:193,16,1,0
BRDA:238,17,0,0
BRDA:238,17,1,0
BRDA:238,18,0,0
BRDA:238,18,1,0
BRDA:255,19,0,0
BRDA:255,19,1,0
BRDA:271,20,0,0
BRDA:271,20,1,0
BRDA:289,21,0,0
BRF:40
BRH:0
end_of_record
TN:
SF:src\contentVerifier.js
FN:19,(anonymous_0)
FN:73,(anonymous_1)
FN:201,(anonymous_2)
FN:232,(anonymous_3)
FN:270,(anonymous_4)
FN:318,(anonymous_5)
FN:463,(anonymous_6)
FN:487,(anonymous_7)
FN:518,(anonymous_8)
FN:584,(anonymous_9)
FN:601,(anonymous_10)
FN:609,(anonymous_11)
FN:613,(anonymous_12)
FN:622,(anonymous_13)
FN:650,(anonymous_14)
FN:664,(anonymous_15)
FN:698,(anonymous_16)
FN:713,(anonymous_17)
FN:747,(anonymous_18)
FN:770,(anonymous_19)
FN:778,(anonymous_20)
FN:785,(anonymous_21)
FN:788,(anonymous_22)
FN:795,(anonymous_23)
FN:823,(anonymous_24)
FN:866,(anonymous_25)
FN:908,(anonymous_26)
FN:931,(anonymous_27)
FN:975,(anonymous_28)
FN:976,(anonymous_29)
FN:986,(anonymous_30)
FN:1008,(anonymous_31)
FN:1025,(anonymous_32)
FN:1048,(anonymous_33)
FN:1092,(anonymous_34)
FN:1112,(anonymous_35)
FN:1113,(anonymous_36)
FN:1114,(anonymous_37)
FN:1115,(anonymous_38)
FNF:39
FNH:0
FNDA:0,(anonymous_0)
FNDA:0,(anonymous_1)
FNDA:0,(anonymous_2)
FNDA:0,(anonymous_3)
FNDA:0,(anonymous_4)
FNDA:0,(anonymous_5)
FNDA:0,(anonymous_6)
FNDA:0,(anonymous_7)
FNDA:0,(anonymous_8)
FNDA:0,(anonymous_9)
FNDA:0,(anonymous_10)
FNDA:0,(anonymous_11)
FNDA:0,(anonymous_12)
FNDA:0,(anonymous_13)
FNDA:0,(anonymous_14)
FNDA:0,(anonymous_15)
FNDA:0,(anonymous_16)
FNDA:0,(anonymous_17)
FNDA:0,(anonymous_18)
FNDA:0,(anonymous_19)
FNDA:0,(anonymous_20)
FNDA:0,(anonymous_21)
FNDA:0,(anonymous_22)
FNDA:0,(anonymous_23)
FNDA:0,(anonymous_24)
FNDA:0,(anonymous_25)
FNDA:0,(anonymous_26)
FNDA:0,(anonymous_27)
FNDA:0,(anonymous_28)
FNDA:0,(anonymous_29)
FNDA:0,(anonymous_30)
FNDA:0,(anonymous_31)
FNDA:0,(anonymous_32)
FNDA:0,(anonymous_33)
FNDA:0,(anonymous_34)
FNDA:0,(anonymous_35)
FNDA:0,(anonymous_36)
FNDA:0,(anonymous_37)
FNDA:0,(anonymous_38)
DA:11,0
DA:12,0
DA:13,0
DA:14,0
DA:15,0
DA:16,0
DA:20,0
DA:21,0
DA:22,0
DA:24,0
DA:25,0
DA:26,0
DA:27,0
DA:28,0
DA:29,0
DA:30,0
DA:34,0
DA:35,0
DA:36,0
DA:39,0
DA:40,0
DA:41,0
DA:42,0
DA:43,0
DA:44,0
DA:45,0
DA:46,0
DA:52,0
DA:53,0
DA:54,0
DA:57,0
DA:58,0
DA:62,0
DA:74,0
DA:88,0
DA:90,0
DA:91,0
DA:94,0
DA:95,0
DA:97,0
DA:100,0
DA:101,0
DA:102,0
DA:103,0
DA:107,0
DA:108,0
DA:109,0
DA:110,0
DA:111,0
DA:112,0
DA:115,0
DA:116,0
DA:117,0
DA:118,0
DA:120,0
DA:121,0
DA:124,0
DA:125,0
DA:128,0
DA:129,0
DA:132,0
DA:133,0
DA:136,0
DA:137,0
DA:141,0
DA:150,0
DA:151,0
DA:152,0
DA:157,0
DA:158,0
DA:159,0
DA:160,0
DA:161,0
DA:164,0
DA:165,0
DA:166,0
DA:169,0
DA:170,0
DA:177,0
DA:178,0
DA:179,0
DA:180,0
DA:182,0
DA:186,0
DA:187,0
DA:190,0
DA:202,0
DA:204,0
DA:205,0
DA:208,0
DA:211,0
DA:212,0
DA:214,0
DA:216,0
DA:217,0
DA:233,0
DA:234,0
DA:235,0
DA:236,0
DA:238,0
DA:239,0
DA:240,0
DA:242,0
DA:243,0
DA:244,0
DA:248,0
DA:259,0
DA:260,0
DA:262,0
DA:271,0
DA:273,0
DA:274,0
DA:276,0
DA:277,0
DA:278,0
DA:279,0
DA:280,0
DA:283,0
DA:284,0
DA:287,0
DA:288,0
DA:289,0
DA:291,0
DA:295,0
DA:304,0
DA:305,0
DA:307,0
DA:308,0
DA:319,0
DA:320,0
DA:328,0
DA:329,0
DA:330,0
DA:331,0
DA:334,0
DA:335,0
DA:336,0
DA:337,0
DA:338,0
DA:339,0
DA:342,0
DA:343,0
DA:344,0
DA:345,0
DA:346,0
DA:347,0
DA:350,0
DA:351,0
DA:352,0
DA:353,0
DA:354,0
DA:355,0
DA:356,0
DA:357,0
DA:358,0
DA:361,0
DA:362,0
DA:363,0
DA:364,0
DA:365,0
DA:366,0
DA:367,0
DA:368,0
DA:369,0
DA:372,0
DA:373,0
DA:374,0
DA:375,0
DA:376,0
DA:377,0
DA:380,0
DA:381,0
DA:382,0
DA:383,0
DA:384,0
DA:385,0
DA:386,0
DA:389,0
DA:390,0
DA:391,0
DA:392,0
DA:393,0
DA:394,0
DA:395,0
DA:398,0
DA:399,0
DA:400,0
DA:401,0
DA:402,0
DA:403,0
DA:404,0
DA:407,0
DA:408,0
DA:409,0
DA:410,0
DA:411,0
DA:412,0
DA:415,0
DA:416,0
DA:417,0
DA:418,0
DA:419,0
DA:420,0
DA:421,0
DA:425,0
DA:426,0
DA:427,0
DA:428,0
DA:429,0
DA:430,0
DA:431,0
DA:434,0
DA:435,0
DA:436,0
DA:437,0
DA:438,0
DA:439,0
DA:440,0
DA:444,0
DA:448,0
DA:450,0
DA:464,0
DA:470,0
DA:471,0
DA:472,0
DA:473,0
DA:474,0
DA:475,0
DA:476,0
DA:478,0
DA:481,0
DA:488,0
DA:495,0
DA:497,0
DA:498,0
DA:499,0
DA:503,0
DA:505,0
DA:506,0
DA:507,0
DA:508,0
DA:509,0
DA:512,0
DA:519,0
DA:529,0
DA:530,0
DA:533,0
DA:536,0
DA:539,0
DA:542,0
DA:545,0
DA:548,0
DA:549,0
DA:551,0
DA:555,0
DA:556,0
DA:557,0
DA:558,0
DA:562,0
DA:565,0
DA:566,0
DA:567,0
DA:568,0
DA:569,0
DA:572,0
DA:574,0
DA:575,0
DA:578,0
DA:585,0
DA:595,0
DA:597,0
DA:598,0
DA:601,0
DA:603,0
DA:604,0
DA:605,0
DA:609,0
DA:610,0
DA:613,0
DA:614,0
DA:617,0
DA:618,0
DA:619,0
DA:622,0
DA:623,0
DA:624,0
DA:627,0
DA:628,0
DA:629,0
DA:630,0
DA:631,0
DA:632,0
DA:633,0
DA:634,0
DA:636,0
DA:637,0
DA:640,0
DA:641,0
DA:644,0
DA:651,0
DA:658,0
DA:660,0
DA:661,0
DA:664,0
DA:666,0
DA:667,0
DA:668,0
DA:669,0
DA:673,0
DA:674,0
DA:675,0
DA:678,0
DA:679,0
DA:680,0
DA:681,0
DA:682,0
DA:683,0
DA:684,0
DA:685,0
DA:688,0
DA:689,0
DA:692,0
DA:699,0
DA:707,0
DA:709,0
DA:710,0
DA:713,0
DA:715,0
DA:716,0
DA:719,0
DA:722,0
DA:725,0
DA:726,0
DA:727,0
DA:728,0
DA:729,0
DA:730,0
DA:731,0
DA:733,0
DA:734,0
DA:737,0
DA:738,0
DA:741,0
DA:748,0
DA:756,0
DA:758,0
DA:759,0
DA:762,0
DA:764,0
DA:765,0
DA:766,0
DA:770,0
DA:772,0
DA:773,0
DA:777,0
DA:778,0
DA:779,0
DA:780,0
DA:784,0
DA:785,0
DA:788,0
DA:795,0
DA:798,0
DA:801,0
DA:802,0
DA:803,0
DA:804,0
DA:805,0
DA:806,0
DA:807,0
DA:809,0
DA:810,0
DA:813,0
DA:814,0
DA:817,0
DA:824,0
DA:832,0
DA:833,0
DA:836,0
DA:839,0
DA:842,0
DA:846,0
DA:847,0
DA:848,0
DA:849,0
DA:850,0
DA:851,0
DA:852,0
DA:853,0
DA:856,0
DA:857,0
DA:860,0
DA:867,0
DA:874,0
DA:876,0
DA:877,0
DA:878,0
DA:881,0
DA:882,0
DA:883,0
DA:888,0
DA:889,0
DA:890,0
DA:891,0
DA:892,0
DA:893,0
DA:894,0
DA:895,0
DA:898,0
DA:899,0
DA:902,0
DA:909,0
DA:916,0
DA:917,0
DA:920,0
DA:921,0
DA:923,0
DA:925,0
DA:926,0
DA:930,0
DA:931,0
DA:932,0
DA:935,0
DA:936,0
DA:940,0
DA:943,0
DA:945,0
DA:946,0
DA:951,0
DA:953,0
DA:954,0
DA:955,0
DA:956,0
DA:957,0
DA:958,0
DA:959,0
DA:961,0
DA:962,0
DA:965,0
DA:966,0
DA:969,0
DA:976,0
DA:978,0
DA:979,0
DA:983,0
DA:986,0
DA:987,0
DA:988,0
DA:989,0
DA:991,0
DA:995,0
DA:996,0
DA:999,0
DA:1000,0
DA:1002,0
DA:1009,0
DA:1017,0
DA:1018,0
DA:1021,0
DA:1022,0
DA:1025,0
DA:1026,0
DA:1029,0
DA:1030,0
DA:1032,0
DA:1033,0
DA:1034,0
DA:1036,0
DA:1037,0
DA:1042,0
DA:1045,0
DA:1046,0
DA:1048,0
DA:1049,0
DA:1050,0
DA:1052,0
DA:1053,0
DA:1058,0
DA:1059,0
DA:1062,0
DA:1063,0
DA:1066,0
DA:1067,0
DA:1071,0
DA:1072,0
DA:1073,0
DA:1074,0
DA:1075,0
DA:1076,0
DA:1077,0
DA:1078,0
DA:1079,0
DA:1082,0
DA:1083,0
DA:1086,0
DA:1093,0
DA:1100,0
DA:1101,0
DA:1102,0
DA:1105,0
DA:1107,0
DA:1108,0
DA:1111,0
DA:1112,0
DA:1113,0
DA:1114,0
DA:1115,0
DA:1118,0
DA:1119,0
DA:1120,0
DA:1124,0
DA:1126,0
DA:1127,0
DA:1128,0
DA:1133,0
DA:1136,0
DA:1137,0
DA:1138,0
DA:1139,0
DA:1140,0
DA:1141,0
DA:1142,0
DA:1143,0
DA:1146,0
DA:1147,0
DA:1150,0
DA:1154,0
LF:527
LH:0
BRDA:19,0,0,0
BRDA:20,1,0,0
BRDA:20,1,1,0
BRDA:21,2,0,0
BRDA:21,2,1,0
BRDA:24,3,0,0
BRDA:24,3,1,0
BRDA:25,4,0,0
BRDA:25,4,1,0
BRDA:26,5,0,0
BRDA:26,5,1,0
BRDA:27,6,0,0
BRDA:27,6,1,0
BRDA:28,7,0,0
BRDA:28,7,1,0
BRDA:29,8,0,0
BRDA:29,8,1,0
BRDA:30,9,0,0
BRDA:30,9,1,0
BRDA:34,10,0,0
BRDA:34,10,1,0
BRDA:35,11,0,0
BRDA:35,11,1,0
BRDA:36,12,0,0
BRDA:36,12,1,0
BRDA:44,13,0,0
BRDA:44,13,1,0
BRDA:45,14,0,0
BRDA:45,14,1,0
BRDA:46,15,0,0
BRDA:46,15,1,0
BRDA:57,16,0,0
BRDA:57,16,1,0
BRDA:73,17,0,0
BRDA:75,18,0,0
BRDA:75,18,1,0
BRDA:97,19,0,0
BRDA:97,19,1,0
BRDA:100,20,0,0
BRDA:100,20,1,0
BRDA:102,21,0,0
BRDA:102,21,1,0
BRDA:115,22,0,0
BRDA:115,22,1,0
BRDA:116,23,0,0
BRDA:116,23,1,0
BRDA:117,24,0,0
BRDA:117,24,1,0
BRDA:118,25,0,0
BRDA:118,25,1,0
BRDA:118,26,0,0
BRDA:118,26,1,0
BRDA:119,27,0,0
BRDA:119,27,1,0
BRDA:120,28,0,0
BRDA:120,28,1,0
BRDA:121,29,0,0
BRDA:121,29,1,0
BRDA:124,30,0,0
BRDA:124,30,1,0
BRDA:124,31,0,0
BRDA:124,31,1,0
BRDA:128,32,0,0
BRDA:128,32,1,0
BRDA:128,33,0,0
BRDA:128,33,1,0
BRDA:132,34,0,0
BRDA:132,34,1,0
BRDA:132,35,0,0
BRDA:132,35,1,0
BRDA:136,36,0,0
BRDA:136,36,1,0
BRDA:136,37,0,0
BRDA:136,37,1,0
BRDA:151,38,0,0
BRDA:151,38,1,0
BRDA:157,39,0,0
BRDA:157,39,1,0
BRDA:160,40,0,0
BRDA:160,40,1,0
BRDA:160,41,0,0
BRDA:160,41,1,0
BRDA:164,42,0,0
BRDA:164,42,1,0
BRDA:166,43,0,0
BRDA:166,43,1,0
BRDA:169,44,0,0
BRDA:169,44,1,0
BRDA:177,45,0,0
BRDA:177,45,1,0
BRDA:179,46,0,0
BRDA:179,46,1,0
BRDA:201,47,0,0
BRDA:242,48,0,0
BRDA:242,48,1,0
BRDA:243,49,0,0
BRDA:243,49,1,0
BRDA:244,50,0,0
BRDA:244,50,1,0
BRDA:254,51,0,0
BRDA:254,51,1,0
BRDA:277,52,0,0
BRDA:277,52,1,0
BRDA:283,53,0,0
BRDA:283,53,1,0
BRDA:287,54,0,0
BRDA:287,54,1,0
BRDA:319,55,0,0
BRDA:319,55,1,0
BRDA:319,56,0,0
BRDA:319,56,1,0
BRDA:339,57,0,0
BRDA:339,57,1,0
BRDA:347,58,0,0
BRDA:347,58,1,0
BRDA:358,59,0,0
BRDA:358,59,1,0
BRDA:369,60,0,0
BRDA:369,60,1,0
BRDA:377,61,0,0
BRDA:377,61,1,0
BRDA:386,62,0,0
BRDA:386,62,1,0
BRDA:395,63,0,0
BRDA:395,63,1,0
BRDA:404,64,0,0
BRDA:404,64,1,0
BRDA:412,65,0,0
BRDA:412,65,1,0
BRDA:415,66,0,0
BRDA:415,66,1,0
BRDA:421,67,0,0
BRDA:421,67,1,0
BRDA:431,68,0,0
BRDA:431,68,1,0
BRDA:434,69,0,0
BRDA:434,69,1,0
BRDA:440,70,0,0
BRDA:440,70,1,0
BRDA:444,71,0,0
BRDA:444,71,1,0
BRDA:448,72,0,0
BRDA:448,72,1,0
BRDA:453,73,0,0
BRDA:453,73,1,0
BRDA:454,74,0,0
BRDA:454,74,1,0
BRDA:470,75,0,0
BRDA:470,75,1,0
BRDA:473,76,0,0
BRDA:473,76,1,0
BRDA:475,77,0,0
BRDA:475,77,1,0
BRDA:498,78,0,0
BRDA:498,78,1,0
BRDA:505,79,0,0
BRDA:505,79,1,0
BRDA:508,80,0,0
BRDA:508,80,1,0
BRDA:548,81,0,0
BRDA:548,81,1,0
BRDA:555,82,0,0
BRDA:555,82,1,0
BRDA:557,83,0,0
BRDA:557,83,1,0
BRDA:566,84,0,0
BRDA:566,84,1,0
BRDA:568,85,0,0
BRDA:568,85,1,0
BRDA:568,86,0,0
BRDA:568,86,1,0
BRDA:598,87,0,0
BRDA:598,87,1,0
BRDA:603,88,0,0
BRDA:603,88,1,0
BRDA:627,89,0,0
BRDA:627,89,1,0
BRDA:629,90,0,0
BRDA:629,90,1,0
BRDA:632,91,0,0
BRDA:632,91,1,0
BRDA:661,92,0,0
BRDA:661,92,1,0
BRDA:666,93,0,0
BRDA:666,93,1,0
BRDA:678,94,0,0
BRDA:678,94,1,0
BRDA:681,95,0,0
BRDA:681,95,1,0
BRDA:684,96,0,0
BRDA:684,96,1,0
BRDA:710,97,0,0
BRDA:710,97,1,0
BRDA:716,98,0,0
BRDA:716,98,1,0
BRDA:725,99,0,0
BRDA:725,99,1,0
BRDA:727,100,0,0
BRDA:727,100,1,0
BRDA:729,101,0,0
BRDA:729,101,1,0
BRDA:759,102,0,0
BRDA:759,102,1,0
BRDA:764,103,0,0
BRDA:764,103,1,0
BRDA:773,104,0,0
BRDA:773,104,1,0
BRDA:780,105,0,0
BRDA:780,105,1,0
BRDA:801,106,0,0
BRDA:801,106,1,0
BRDA:803,107,0,0
BRDA:803,107,1,0
BRDA:805,108,0,0
BRDA:805,108,1,0
BRDA:842,109,0,0
BRDA:842,109,1,0
BRDA:846,110,0,0
BRDA:846,110,1,0
BRDA:849,111,0,0
BRDA:849,111,1,0
BRDA:852,112,0,0
BRDA:852,112,1,0
BRDA:877,113,0,0
BRDA:877,113,1,0
BRDA:882,114,0,0
BRDA:882,114,1,0
BRDA:888,115,0,0
BRDA:888,115,1,0
BRDA:891,116,0,0
BRDA:891,116,1,0
BRDA:894,117,0,0
BRDA:894,117,1,0
BRDA:923,118,0,0
BRDA:923,118,1,0
BRDA:935,119,0,0
BRDA:935,119,1,0
BRDA:945,120,0,0
BRDA:945,120,1,0
BRDA:945,121,0,0
BRDA:945,121,1,0
BRDA:953,122,0,0
BRDA:953,122,1,0
BRDA:955,123,0,0
BRDA:955,123,1,0
BRDA:957,124,0,0
BRDA:957,124,1,0
BRDA:978,125,0,0
BRDA:978,125,1,0
BRDA:983,126,0,0
BRDA:983,126,1,0
BRDA:1002,127,0,0
BRDA:1002,127,1,0
BRDA:1033,128,0,0
BRDA:1033,128,1,0
BRDA:1052,129,0,0
BRDA:1052,129,1,0
BRDA:1052,130,0,0
BRDA:1052,130,1,0
BRDA:1058,131,0,0
BRDA:1058,131,1,0
BRDA:1062,132,0,0
BRDA:1062,132,1,0
BRDA:1066,133,0,0
BRDA:1066,133,1,0
BRDA:1071,134,0,0
BRDA:1071,134,1,0
BRDA:1074,135,0,0
BRDA:1074,135,1,0
BRDA:1077,136,0,0
BRDA:1077,136,1,0
BRDA:1100,137,0,0
BRDA:1100,137,1,0
BRDA:1108,138,0,0
BRDA:1108,138,1,0
BRDA:1118,139,0,0
BRDA:1118,139,1,0
BRDA:1127,140,0,0
BRDA:1127,140,1,0
BRDA:1136,141,0,0
BRDA:1136,141,1,0
BRDA:1139,142,0,0
BRDA:1139,142,1,0
BRDA:1142,143,0,0
BRDA:1142,143,1,0
BRF:285
BRH:0
end_of_record
TN:
SF:src\index.js
FN:53,(anonymous_0)
FN:61,(anonymous_1)
FN:72,(anonymous_2)
FN:83,(anonymous_3)
FNF:4
FNH:0
FNDA:0,(anonymous_0)
FNDA:0,(anonymous_1)
FNDA:0,(anonymous_2)
FNDA:0,(anonymous_3)
DA:10,0
DA:11,0
DA:12,0
DA:13,0
DA:14,0
DA:15,0
DA:16,0
DA:17,0
DA:18,0
DA:19,0
DA:20,0
DA:25,0
DA:53,0
DA:62,0
DA:63,0
DA:73,0
DA:74,0
DA:84,0
DA:85,0
LF:19
LH:0
BRF:0
BRH:0
end_of_record
TN:
SF:src\markdownConverter.js
FN:19,(anonymous_0)
FN:35,(anonymous_1)
FN:56,(anonymous_2)
FN:60,(anonymous_3)
FN:68,(anonymous_4)
FN:77,(anonymous_5)
FN:84,(anonymous_6)
FN:109,(anonymous_7)
FN:135,(anonymous_8)
FN:162,(anonymous_9)
FN:187,(anonymous_10)
FN:221,(anonymous_11)
FN:251,(anonymous_12)
FN:258,(anonymous_13)
FN:280,(anonymous_14)
FN:303,(anonymous_15)
FN:314,(anonymous_16)
FN:328,(anonymous_17)
FNF:18
FNH:8
FNDA:11,(anonymous_0)
FNDA:12,(anonymous_1)
FNDA:12,(anonymous_2)
FNDA:0,(anonymous_3)
FNDA:0,(anonymous_4)
FNDA:0,(anonymous_5)
FNDA:0,(anonymous_6)
FNDA:4,(anonymous_7)
FNDA:3,(anonymous_8)
FNDA:3,(anonymous_9)
FNDA:3,(anonymous_10)
FNDA:1,(anonymous_11)
FNDA:0,(anonymous_12)
FNDA:0,(anonymous_13)
FNDA:0,(anonymous_14)
FNDA:0,(anonymous_15)
FNDA:0,(anonymous_16)
FNDA:0,(anonymous_17)
DA:11,1
DA:12,1
DA:13,1
DA:14,1
DA:15,1
DA:16,1
DA:20,11
DA:21,11
DA:22,11
DA:23,11
DA:26,11
DA:29,11
DA:37,12
DA:48,12
DA:49,12
DA:58,12
DA:61,0
DA:66,12
DA:69,0
DA:70,0
DA:71,0
DA:76,12
DA:78,0
DA:85,0
DA:86,0
DA:87,0
DA:90,0
DA:92,0
DA:97,12
DA:100,12
DA:110,4
DA:111,2
DA:115,2
DA:118,2
DA:121,2
DA:124,2
DA:126,2
DA:136,3
DA:137,0
DA:140,3
DA:141,3
DA:144,3
DA:149,3
DA:151,0
DA:152,0
DA:163,3
DA:164,0
DA:167,3
DA:168,3
DA:169,3
DA:174,3
DA:176,0
DA:177,0
DA:188,3
DA:189,0
DA:193,3
DA:196,3
DA:199,3
DA:200,3
DA:203,3
DA:206,3
DA:209,3
DA:211,3
DA:222,1
DA:223,0
DA:227,1
DA:228,1
DA:236,1
DA:238,1
DA:252,0
DA:253,0
DA:256,0
DA:258,0
DA:259,0
DA:260,0
DA:261,0
DA:264,0
DA:265,0
DA:270,0
DA:281,0
DA:282,0
DA:285,0
DA:288,0
DA:289,0
DA:290,0
DA:293,0
DA:304,0
DA:305,0
DA:308,0
DA:314,0
DA:319,0
DA:329,0
DA:330,0
DA:333,0
DA:335,0
DA:336,0
DA:337,0
DA:341,0
DA:344,0
DA:345,0
DA:349,0
DA:350,0
DA:354,0
DA:358,0
DA:361,0
DA:363,0
DA:369,0
DA:377,1
LF:108
LH:52
BRDA:19,0,0,1
BRDA:20,1,0,11
BRDA:20,1,1,11
BRDA:22,2,0,11
BRDA:22,2,1,1
BRDA:23,3,0,11
BRDA:23,3,1,1
BRDA:48,4,0,12
BRDA:48,4,1,0
BRDA:79,5,0,0
BRDA:79,5,1,0
BRDA:79,5,2,0
BRDA:85,6,0,0
BRDA:85,6,1,0
BRDA:87,7,0,0
BRDA:87,7,1,0
BRDA:110,8,0,2
BRDA:110,8,1,2
BRDA:136,9,0,0
BRDA:136,9,1,3
BRDA:149,10,0,0
BRDA:149,10,1,3
BRDA:163,11,0,0
BRDA:163,11,1,3
BRDA:174,12,0,0
BRDA:174,12,1,3
BRDA:188,13,0,0
BRDA:188,13,1,3
BRDA:222,14,0,0
BRDA:222,14,1,1
BRDA:230,15,0,1
BRDA:230,15,1,0
BRDA:231,16,0,1
BRDA:231,16,1,0
BRDA:252,17,0,0
BRDA:252,17,1,0
BRDA:252,18,0,0
BRDA:252,18,1,0
BRDA:260,19,0,0
BRDA:260,19,1,0
BRDA:260,20,0,0
BRDA:260,20,1,0
BRDA:264,21,0,0
BRDA:264,21,1,0
BRDA:264,22,0,0
BRDA:264,22,1,0
BRDA:281,23,0,0
BRDA:281,23,1,0
BRDA:281,24,0,0
BRDA:281,24,1,0
BRDA:290,25,0,0
BRDA:290,25,1,0
BRDA:304,26,0,0
BRDA:304,26,1,0
BRDA:310,27,0,0
BRDA:310,27,1,0
BRDA:311,28,0,0
BRDA:311,28,1,0
BRDA:312,29,0,0
BRDA:312,29,1,0
BRDA:313,30,0,0
BRDA:313,30,1,0
BRDA:314,31,0,0
BRDA:314,31,1,0
BRDA:329,32,0,0
BRDA:329,32,1,0
BRDA:329,33,0,0
BRDA:329,33,1,0
BRDA:336,34,0,0
BRDA:336,34,1,0
BRDA:344,35,0,0
BRDA:344,35,1,0
BRDA:349,36,0,0
BRDA:349,36,1,0
BRDA:354,37,0,0
BRDA:354,37,1,0
BRF:76
BRH:18
end_of_record
TN:
SF:src\metadataExtractor.js
FN:20,(anonymous_0)
FN:34,(anonymous_1)
FN:47,(anonymous_2)
FN:59,(anonymous_3)
FN:125,(anonymous_4)
FN:129,(anonymous_5)
FN:130,(anonymous_6)
FN:155,(anonymous_7)
FN:159,(anonymous_8)
FN:160,(anonymous_9)
FN:185,(anonymous_10)
FN:189,(anonymous_11)
FN:190,(anonymous_12)
FN:196,(anonymous_13)
FN:213,(anonymous_14)
FN:218,(anonymous_15)
FN:219,extractItemProps
FN:255,(anonymous_17)
FN:272,(anonymous_18)
FN:276,(anonymous_19)
FN:277,(anonymous_20)
FN:307,(anonymous_21)
FN:311,(anonymous_22)
FN:312,(anonymous_23)
FN:346,(anonymous_24)
FN:362,(anonymous_25)
FN:363,(anonymous_26)
FN:366,(anonymous_27)
FN:367,(anonymous_28)
FN:452,(anonymous_29)
FN:454,(anonymous_30)
FN:461,(anonymous_31)
FN:462,(anonymous_32)
FN:477,(anonymous_33)
FNF:34
FNH:0
FNDA:0,(anonymous_0)
FNDA:0,(anonymous_1)
FNDA:0,(anonymous_2)
FNDA:0,(anonymous_3)
FNDA:0,(anonymous_4)
FNDA:0,(anonymous_5)
FNDA:0,(anonymous_6)
FNDA:0,(anonymous_7)
FNDA:0,(anonymous_8)
FNDA:0,(anonymous_9)
FNDA:0,(anonymous_10)
FNDA:0,(anonymous_11)
FNDA:0,(anonymous_12)
FNDA:0,(anonymous_13)
FNDA:0,(anonymous_14)
FNDA:0,(anonymous_15)
FNDA:0,extractItemProps
FNDA:0,(anonymous_17)
FNDA:0,(anonymous_18)
FNDA:0,(anonymous_19)
FNDA:0,(anonymous_20)
FNDA:0,(anonymous_21)
FNDA:0,(anonymous_22)
FNDA:0,(anonymous_23)
FNDA:0,(anonymous_24)
FNDA:0,(anonymous_25)
FNDA:0,(anonymous_26)
FNDA:0,(anonymous_27)
FNDA:0,(anonymous_28)
FNDA:0,(anonymous_29)
FNDA:0,(anonymous_30)
FNDA:0,(anonymous_31)
FNDA:0,(anonymous_32)
FNDA:0,(anonymous_33)
DA:11,0
DA:12,0
DA:13,0
DA:14,0
DA:17,0
DA:21,0
DA:22,0
DA:23,0
DA:24,0
DA:27,0
DA:28,0
DA:35,0
DA:38,0
DA:48,0
DA:49,0
DA:60,0
DA:61,0
DA:64,0
DA:66,0
DA:67,0
DA:78,0
DA:80,0
DA:83,0
DA:86,0
DA:89,0
DA:92,0
DA:95,0
DA:98,0
DA:101,0
DA:104,0
DA:109,0
DA:111,0
DA:113,0
DA:116,0
DA:126,0
DA:128,0
DA:129,0
DA:130,0
DA:136,0
DA:137,0
DA:138,0
DA:139,0
DA:143,0
DA:146,0
DA:156,0
DA:158,0
DA:159,0
DA:160,0
DA:166,0
DA:167,0
DA:168,0
DA:169,0
DA:173,0
DA:176,0
DA:186,0
DA:188,0
DA:189,0
DA:190,0
DA:191,0
DA:192,0
DA:194,0
DA:196,0
DA:199,0
DA:201,0
DA:204,0
DA:214,0
DA:216,0
DA:218,0
DA:220,0
DA:226,0
DA:227,0
DA:228,0
DA:232,0
DA:233,0
DA:234,0
DA:235,0
DA:236,0
DA:237,0
DA:238,0
DA:239,0
DA:241,0
DA:245,0
DA:246,0
DA:249,0
DA:252,0
DA:255,0
DA:258,0
DA:260,0
DA:263,0
DA:273,0
DA:275,0
DA:276,0
DA:277,0
DA:278,0
DA:279,0
DA:280,0
DA:282,0
DA:286,0
DA:288,0
DA:289,0
DA:290,0
DA:291,0
DA:295,0
DA:298,0
DA:308,0
DA:310,0
DA:311,0
DA:312,0
DA:319,0
DA:320,0
DA:322,0
DA:323,0
DA:326,0
DA:333,0
DA:336,0
DA:347,0
DA:357,0
DA:359,0
DA:362,0
DA:363,0
DA:366,0
DA:367,0
DA:369,0
DA:371,0
DA:378,0
DA:379,0
DA:380,0
DA:381,0
DA:382,0
DA:383,0
DA:385,0
DA:387,0
DA:388,0
DA:397,0
DA:406,0
DA:407,0
DA:408,0
DA:409,0
DA:410,0
DA:411,0
DA:412,0
DA:413,0
DA:415,0
DA:417,0
DA:418,0
DA:426,0
DA:433,0
DA:434,0
DA:435,0
DA:436,0
DA:437,0
DA:438,0
DA:440,0
DA:442,0
DA:443,0
DA:451,0
DA:452,0
DA:453,0
DA:454,0
DA:461,0
DA:462,0
DA:464,0
DA:467,0
DA:478,0
DA:480,0
DA:481,0
DA:484,0
DA:485,0
DA:487,0
DA:489,0
DA:490,0
DA:495,0
LF:172
LH:0
BRDA:20,0,0,0
BRDA:21,1,0,0
BRDA:21,1,1,0
BRDA:22,2,0,0
BRDA:22,2,1,0
BRDA:23,3,0,0
BRDA:23,3,1,0
BRDA:48,4,0,0
BRDA:48,4,1,0
BRDA:60,5,0,0
BRDA:60,5,1,0
BRDA:137,6,0,0
BRDA:137,6,1,0
BRDA:137,7,0,0
BRDA:137,7,1,0
BRDA:167,8,0,0
BRDA:167,8,1,0
BRDA:167,9,0,0
BRDA:167,9,1,0
BRDA:221,10,0,0
BRDA:221,10,1,0
BRDA:232,11,0,0
BRDA:232,11,1,0
BRDA:234,12,0,0
BRDA:234,12,1,0
BRDA:236,13,0,0
BRDA:236,13,1,0
BRDA:238,14,0,0
BRDA:238,14,1,0
BRDA:239,15,0,0
BRDA:239,15,1,0
BRDA:245,16,0,0
BRDA:245,16,1,0
BRDA:288,17,0,0
BRDA:288,17,1,0
BRDA:288,18,0,0
BRDA:288,18,1,0
BRDA:290,19,0,0
BRDA:290,19,1,0
BRDA:290,20,0,0
BRDA:290,20,1,0
BRDA:290,20,2,0
BRDA:320,21,0,0
BRDA:320,21,1,0
BRDA:320,22,0,0
BRDA:320,22,1,0
BRDA:322,23,0,0
BRDA:322,23,1,0
BRDA:369,24,0,0
BRDA:369,24,1,0
BRDA:381,25,0,0
BRDA:381,25,1,0
BRDA:382,26,0,0
BRDA:382,26,1,0
BRDA:388,27,0,0
BRDA:388,27,1,0
BRDA:409,28,0,0
BRDA:409,28,1,0
BRDA:410,29,0,0
BRDA:410,29,1,0
BRDA:412,30,0,0
BRDA:412,30,1,0
BRDA:418,31,0,0
BRDA:418,31,1,0
BRDA:436,32,0,0
BRDA:436,32,1,0
BRDA:437,33,0,0
BRDA:437,33,1,0
BRDA:443,34,0,0
BRDA:443,34,1,0
BRDA:453,35,0,0
BRDA:453,35,1,0
BRF:72
BRH:0
end_of_record
TN:
SF:src\metadataStore.js
FN:16,(anonymous_0)
FN:45,(anonymous_1)
FN:77,(anonymous_2)
FN:79,(anonymous_3)
FN:102,(anonymous_4)
FN:115,(anonymous_5)
FN:136,(anonymous_6)
FN:179,(anonymous_7)
FN:208,(anonymous_8)
FN:232,(anonymous_9)
FN:238,(anonymous_10)
FN:261,(anonymous_11)
FN:286,(anonymous_12)
FN:292,(anonymous_13)
FN:313,(anonymous_14)
FN:323,(anonymous_15)
FN:367,(anonymous_16)
FN:377,(anonymous_17)
FN:387,(anonymous_18)
FN:399,(anonymous_19)
FN:404,(anonymous_20)
FN:412,(anonymous_21)
FN:413,(anonymous_22)
FNF:23
FNH:0
FNDA:0,(anonymous_0)
FNDA:0,(anonymous_1)
FNDA:0,(anonymous_2)
FNDA:0,(anonymous_3)
FNDA:0,(anonymous_4)
FNDA:0,(anonymous_5)
FNDA:0,(anonymous_6)
FNDA:0,(anonymous_7)
FNDA:0,(anonymous_8)
FNDA:0,(anonymous_9)
FNDA:0,(anonymous_10)
FNDA:0,(anonymous_11)
FNDA:0,(anonymous_12)
FNDA:0,(anonymous_13)
FNDA:0,(anonymous_14)
FNDA:0,(anonymous_15)
FNDA:0,(anonymous_16)
FNDA:0,(anonymous_17)
FNDA:0,(anonymous_18)
FNDA:0,(anonymous_19)
FNDA:0,(anonymous_20)
FNDA:0,(anonymous_21)
FNDA:0,(anonymous_22)
DA:11,0
DA:12,0
DA:13,0
DA:17,0
DA:18,0
DA:19,0
DA:20,0
DA:21,0
DA:22,0
DA:25,0
DA:26,0
DA:27,0
DA:33,0
DA:34,0
DA:46,0
DA:48,0
DA:51,0
DA:60,0
DA:63,0
DA:65,0
DA:67,0
DA:79,0
DA:81,0
DA:83,0
DA:96,0
DA:97,0
DA:98,0
DA:101,0
DA:102,0
DA:105,0
DA:106,0
DA:115,0
DA:116,0
DA:119,0
DA:120,0
DA:137,0
DA:139,0
DA:140,0
DA:144,0
DA:147,0
DA:148,0
DA:149,0
DA:153,0
DA:154,0
DA:156,0
DA:157,0
DA:158,0
DA:163,0
DA:164,0
DA:165,0
DA:167,0
DA:169,0
DA:170,0
DA:180,0
DA:182,0
DA:183,0
DA:187,0
DA:190,0
DA:193,0
DA:195,0
DA:197,0
DA:209,0
DA:211,0
DA:212,0
DA:215,0
DA:220,0
DA:222,0
DA:223,0
DA:233,0
DA:234,0
DA:238,0
DA:246,0
DA:247,0
DA:249,0
DA:251,0
DA:252,0
DA:262,0
DA:263,0
DA:271,0
DA:272,0
DA:274,0
DA:276,0
DA:277,0
DA:287,0
DA:288,0
DA:292,0
DA:298,0
DA:299,0
DA:301,0
DA:303,0
DA:304,0
DA:314,0
DA:316,0
DA:317,0
DA:318,0
DA:322,0
DA:323,0
DA:325,0
DA:328,0
DA:329,0
DA:330,0
DA:331,0
DA:333,0
DA:334,0
DA:336,0
DA:337,0
DA:341,0
DA:345,0
DA:348,0
DA:349,0
DA:350,0
DA:351,0
DA:353,0
DA:357,0
DA:368,0
DA:369,0
DA:378,0
DA:388,0
DA:389,0
DA:400,0
DA:401,0
DA:404,0
DA:406,0
DA:407,0
DA:411,0
DA:412,0
DA:413,0
DA:416,0
DA:417,0
DA:418,0
DA:419,0
DA:429,0
DA:434,0
DA:438,0
LF:134
LH:0
BRDA:16,0,0,0
BRDA:17,1,0,0
BRDA:17,1,1,0
BRDA:18,2,0,0
BRDA:18,2,1,0
BRDA:19,3,0,0
BRDA:19,3,1,0
BRDA:20,4,0,0
BRDA:20,4,1,0
BRDA:21,5,0,0
BRDA:21,5,1,0
BRDA:22,6,0,0
BRDA:22,6,1,0
BRDA:77,7,0,0
BRDA:81,8,0,0
BRDA:81,8,1,0
BRDA:85,9,0,0
BRDA:85,9,1,0
BRDA:96,10,0,0
BRDA:96,10,1,0
BRDA:96,11,0,0
BRDA:96,11,1,0
BRDA:101,12,0,0
BRDA:101,12,1,0
BRDA:105,13,0,0
BRDA:105,13,1,0
BRDA:116,14,0,0
BRDA:116,14,1,0
BRDA:119,15,0,0
BRDA:119,15,1,0
BRDA:139,16,0,0
BRDA:139,16,1,0
BRDA:139,17,0,0
BRDA:139,17,1,0
BRDA:148,18,0,0
BRDA:148,18,1,0
BRDA:148,19,0,0
BRDA:148,19,1,0
BRDA:157,20,0,0
BRDA:157,20,1,0
BRDA:240,21,0,0
BRDA:240,21,1,0
BRDA:316,22,0,0
BRDA:316,22,1,0
BRDA:333,23,0,0
BRDA:333,23,1,0
BRDA:336,24,0,0
BRDA:336,24,1,0
BRDA:348,25,0,0
BRDA:348,25,1,0
BRDA:369,26,0,0
BRDA:369,26,1,0
BRDA:389,27,0,0
BRDA:389,27,1,0
BRDA:399,28,0,0
BRDA:406,29,0,0
BRDA:406,29,1,0
BRDA:412,30,0,0
BRDA:412,30,1,0
BRDA:413,31,0,0
BRDA:413,31,1,0
BRDA:418,32,0,0
BRDA:418,32,1,0
BRDA:421,33,0,0
BRDA:421,33,1,0
BRDA:429,34,0,0
BRDA:429,34,1,0
BRF:67
BRH:0
end_of_record
TN:
SF:src\outputManager.js
FN:17,(anonymous_0)
FN:42,(anonymous_1)
FN:59,(anonymous_2)
FN:76,(anonymous_3)
FN:119,(anonymous_4)
FN:171,(anonymous_5)
FN:218,(anonymous_6)
FN:258,(anonymous_7)
FN:267,(anonymous_8)
FN:331,(anonymous_9)
FN:342,(anonymous_10)
FN:366,(anonymous_11)
FNF:12
FNH:0
FNDA:0,(anonymous_0)
FNDA:0,(anonymous_1)
FNDA:0,(anonymous_2)
FNDA:0,(anonymous_3)
FNDA:0,(anonymous_4)
FNDA:0,(anonymous_5)
FNDA:0,(anonymous_6)
FNDA:0,(anonymous_7)
FNDA:0,(anonymous_8)
FNDA:0,(anonymous_9)
FNDA:0,(anonymous_10)
FNDA:0,(anonymous_11)
DA:11,0
DA:12,0
DA:13,0
DA:14,0
DA:18,0
DA:19,0
DA:20,0
DA:21,0
DA:22,0
DA:23,0
DA:26,0
DA:27,0
DA:28,0
DA:29,0
DA:32,0
DA:43,0
DA:44,0
DA:45,0
DA:48,0
DA:49,0
DA:59,0
DA:62,0
DA:65,0
DA:68,0
DA:69,0
DA:73,0
DA:75,0
DA:76,0
DA:77,0
DA:78,0
DA:82,0
DA:83,0
DA:86,0
DA:88,0
DA:96,0
DA:99,0
DA:100,0
DA:120,0
DA:122,0
DA:128,0
DA:130,0
DA:131,0
DA:136,0
DA:140,0
DA:143,0
DA:152,0
DA:154,0
DA:160,0
DA:161,0
DA:172,0
DA:175,0
DA:178,0
DA:181,0
DA:182,0
DA:186,0
DA:187,0
DA:191,0
DA:192,0
DA:196,0
DA:197,0
DA:202,0
DA:206,0
DA:208,0
DA:219,0
DA:221,0
DA:227,0
DA:234,0
DA:237,0
DA:244,0
DA:246,0
DA:248,0
DA:249,0
DA:259,0
DA:260,0
DA:261,0
DA:262,0
DA:266,0
DA:269,0
DA:270,0
DA:273,0
DA:277,0
DA:278,0
DA:279,0
DA:282,0
DA:285,0
DA:287,0
DA:288,0
DA:289,0
DA:290,0
DA:292,0
DA:296,0
DA:297,0
DA:300,0
DA:303,0
DA:304,0
DA:306,0
DA:307,0
DA:308,0
DA:309,0
DA:312,0
DA:316,0
DA:317,0
DA:319,0
DA:321,0
DA:322,0
DA:332,0
DA:333,0
DA:334,0
DA:335,0
DA:339,0
DA:342,0
DA:351,0
DA:352,0
DA:354,0
DA:356,0
DA:357,0
DA:367,0
DA:368,0
DA:369,0
DA:370,0
DA:373,0
DA:376,0
DA:382,0
DA:383,0
DA:395,0
DA:396,0
DA:398,0
DA:400,0
DA:401,0
DA:406,0
LF:130
LH:0
BRDA:17,0,0,0
BRDA:18,1,0,0
BRDA:18,1,1,0
BRDA:19,2,0,0
BRDA:19,2,1,0
BRDA:20,3,0,0
BRDA:20,3,1,0
BRDA:21,4,0,0
BRDA:21,4,1,0
BRDA:22,5,0,0
BRDA:22,5,1,0
BRDA:23,6,0,0
BRDA:23,6,1,0
BRDA:42,7,0,0
BRDA:48,8,0,0
BRDA:48,8,1,0
BRDA:48,9,0,0
BRDA:48,9,1,0
BRDA:52,10,0,0
BRDA:52,10,1,0
BRDA:53,11,0,0
BRDA:53,11,1,0
BRDA:54,12,0,0
BRDA:54,12,1,0
BRDA:62,13,0,0
BRDA:62,13,1,0
BRDA:68,14,0,0
BRDA:68,14,1,0
BRDA:68,15,0,0
BRDA:68,15,1,0
BRDA:75,16,0,0
BRDA:75,16,1,0
BRDA:75,17,0,0
BRDA:75,17,1,0
BRDA:82,18,0,0
BRDA:82,18,1,0
BRDA:103,19,0,0
BRDA:103,19,1,0
BRDA:104,20,0,0
BRDA:104,20,1,0
BRDA:105,21,0,0
BRDA:105,21,1,0
BRDA:119,22,0,0
BRDA:119,23,0,0
BRDA:123,24,0,0
BRDA:123,24,1,0
BRDA:130,25,0,0
BRDA:130,25,1,0
BRDA:130,26,0,0
BRDA:130,26,1,0
BRDA:132,27,0,0
BRDA:132,27,1,0
BRDA:147,28,0,0
BRDA:147,28,1,0
BRDA:148,29,0,0
BRDA:148,29,1,0
BRDA:171,30,0,0
BRDA:175,31,0,0
BRDA:175,31,1,0
BRDA:178,32,0,0
BRDA:178,32,1,0
BRDA:181,33,0,0
BRDA:181,33,1,0
BRDA:186,34,0,0
BRDA:186,34,1,0
BRDA:191,35,0,0
BRDA:191,35,1,0
BRDA:197,36,0,0
BRDA:197,36,1,0
BRDA:198,37,0,0
BRDA:198,37,1,0
BRDA:198,37,2,0
BRDA:218,38,0,0
BRDA:260,39,0,0
BRDA:260,39,1,0
BRDA:269,40,0,0
BRDA:269,40,1,0
BRDA:269,41,0,0
BRDA:269,41,1,0
BRDA:288,42,0,0
BRDA:288,42,1,0
BRDA:289,43,0,0
BRDA:289,43,1,0
BRDA:308,44,0,0
BRDA:308,44,1,0
BRDA:333,45,0,0
BRDA:333,45,1,0
BRDA:368,46,0,0
BRDA:368,46,1,0
BRF:89
BRH:0
end_of_record
TN:
SF:src\progressMonitor.js
FN:15,(anonymous_0)
FN:47,(anonymous_1)
FN:57,(anonymous_2)
FN:65,(anonymous_3)
FN:87,(anonymous_4)
FN:95,(anonymous_5)
FN:103,(anonymous_6)
FN:113,(anonymous_7)
FN:124,(anonymous_8)
FN:145,(anonymous_9)
FN:169,(anonymous_10)
FN:175,(anonymous_11)
FN:182,(anonymous_12)
FN:207,(anonymous_13)
FN:233,(anonymous_14)
FN:267,(anonymous_15)
FN:310,(anonymous_16)
FNF:17
FNH:0
FNDA:0,(anonymous_0)
FNDA:0,(anonymous_1)
FNDA:0,(anonymous_2)
FNDA:0,(anonymous_3)
FNDA:0,(anonymous_4)
FNDA:0,(anonymous_5)
FNDA:0,(anonymous_6)
FNDA:0,(anonymous_7)
FNDA:0,(anonymous_8)
FNDA:0,(anonymous_9)
FNDA:0,(anonymous_10)
FNDA:0,(anonymous_11)
FNDA:0,(anonymous_12)
FNDA:0,(anonymous_13)
FNDA:0,(anonymous_14)
FNDA:0,(anonymous_15)
FNDA:0,(anonymous_16)
DA:11,0
DA:12,0
DA:16,0
DA:17,0
DA:18,0
DA:19,0
DA:22,0
DA:38,0
DA:41,0
DA:49,0
DA:50,0
DA:51,0
DA:54,0
DA:57,0
DA:59,0
DA:67,0
DA:68,0
DA:71,0
DA:74,0
DA:75,0
DA:76,0
DA:79,0
DA:88,0
DA:89,0
DA:96,0
DA:97,0
DA:104,0
DA:105,0
DA:114,0
DA:115,0
DA:125,0
DA:132,0
DA:133,0
DA:136,0
DA:146,0
DA:149,0
DA:150,0
DA:154,0
DA:155,0
DA:156,0
DA:160,0
DA:163,0
DA:170,0
DA:171,0
DA:172,0
DA:175,0
DA:176,0
DA:183,0
DA:184,0
DA:185,0
DA:188,0
DA:189,0
DA:190,0
DA:191,0
DA:195,0
DA:198,0
DA:208,0
DA:209,0
DA:212,0
DA:214,0
DA:215,0
DA:216,0
DA:221,0
DA:224,0
DA:227,0
DA:234,0
DA:236,0
DA:239,0
DA:240,0
DA:242,0
DA:246,0
DA:247,0
DA:248,0
DA:252,0
DA:258,0
DA:269,0
DA:270,0
DA:271,0
DA:272,0
DA:273,0
DA:275,0
DA:299,0
DA:300,0
DA:302,0
DA:311,0
DA:319,0
LF:86
LH:0
BRDA:15,0,0,0
BRDA:16,1,0,0
BRDA:16,1,1,0
BRDA:17,2,0,0
BRDA:17,2,1,0
BRDA:18,3,0,0
BRDA:18,3,1,0
BRDA:19,4,0,0
BRDA:19,4,1,0
BRDA:74,5,0,0
BRDA:74,5,1,0
BRDA:132,6,0,0
BRDA:132,6,1,0
BRDA:149,7,0,0
BRDA:149,7,1,0
BRDA:155,8,0,0
BRDA:155,8,1,0
BRDA:170,9,0,0
BRDA:170,9,1,0
BRDA:183,10,0,0
BRDA:183,10,1,0
BRDA:183,11,0,0
BRDA:183,11,1,0
BRDA:189,12,0,0
BRDA:189,12,1,0
BRDA:208,13,0,0
BRDA:208,13,1,0
BRDA:212,14,0,0
BRDA:212,14,1,0
BRDA:215,15,0,0
BRDA:215,15,1,0
BRDA:242,16,0,0
BRDA:242,16,1,0
BRDA:246,17,0,0
BRDA:246,17,1,0
BRDA:254,18,0,0
BRDA:254,18,1,0
BRDA:273,19,0,0
BRDA:273,19,1,0
BRDA:278,20,0,0
BRDA:278,20,1,0
BRDA:279,21,0,0
BRDA:279,21,1,0
BRDA:285,22,0,0
BRDA:285,22,1,0
BRDA:313,23,0,0
BRDA:313,23,1,0
BRDA:314,24,0,0
BRDA:314,24,1,0
BRF:49
BRH:0
end_of_record
TN:
SF:src\requestManager.js
FN:20,(anonymous_0)
FN:71,(anonymous_1)
FN:82,(anonymous_2)
FN:105,(anonymous_3)
FN:149,(anonymous_4)
FN:166,(anonymous_5)
FN:174,(anonymous_6)
FN:184,(anonymous_7)
FN:197,(anonymous_8)
FN:208,(anonymous_9)
FN:228,(anonymous_10)
FN:235,(anonymous_11)
FN:242,(anonymous_12)
FN:249,(anonymous_13)
FNF:14
FNH:0
FNDA:0,(anonymous_0)
FNDA:0,(anonymous_1)
FNDA:0,(anonymous_2)
FNDA:0,(anonymous_3)
FNDA:0,(anonymous_4)
FNDA:0,(anonymous_5)
FNDA:0,(anonymous_6)
FNDA:0,(anonymous_7)
FNDA:0,(anonymous_8)
FNDA:0,(anonymous_9)
FNDA:0,(anonymous_10)
FNDA:0,(anonymous_11)
FNDA:0,(anonymous_12)
FNDA:0,(anonymous_13)
DA:10,0
DA:11,0
DA:12,0
DA:13,0
DA:14,0
DA:17,0
DA:21,0
DA:30,0
DA:31,0
DA:35,0
DA:36,0
DA:37,0
DA:38,0
DA:39,0
DA:42,0
DA:43,0
DA:46,0
DA:58,0
DA:59,0
DA:62,0
DA:63,0
DA:72,0
DA:73,0
DA:84,0
DA:87,0
DA:90,0
DA:92,0
DA:93,0
DA:96,0
DA:106,0
DA:107,0
DA:109,0
DA:110,0
DA:112,0
DA:113,0
DA:114,0
DA:118,0
DA:121,0
DA:123,0
DA:125,0
DA:126,0
DA:129,0
DA:137,0
DA:140,0
DA:141,0
DA:145,0
DA:146,0
DA:149,0
DA:154,0
DA:157,0
DA:168,0
DA:169,0
DA:170,0
DA:174,0
DA:185,0
DA:198,0
DA:209,0
DA:210,0
DA:213,0
DA:215,0
DA:221,0
DA:229,0
DA:236,0
DA:243,0
DA:250,0
DA:254,0
LF:66
LH:0
BRDA:20,0,0,0
BRDA:30,1,0,0
BRDA:30,1,1,0
BRDA:35,2,0,0
BRDA:35,2,1,0
BRDA:35,3,0,0
BRDA:35,3,1,0
BRDA:36,4,0,0
BRDA:36,4,1,0
BRDA:37,5,0,0
BRDA:37,5,1,0
BRDA:38,6,0,0
BRDA:38,6,1,0
BRDA:39,7,0,0
BRDA:39,7,1,0
BRDA:42,8,0,0
BRDA:42,8,1,0
BRDA:42,9,0,0
BRDA:42,9,1,0
BRDA:62,10,0,0
BRDA:62,10,1,0
BRDA:90,11,0,0
BRDA:90,11,1,0
BRDA:112,12,0,0
BRDA:112,12,1,0
BRDA:113,13,0,0
BRDA:113,13,1,0
BRDA:140,14,0,0
BRDA:140,14,1,0
BRDA:168,15,0,0
BRDA:168,15,1,0
BRDA:169,16,0,0
BRDA:169,16,1,0
BRDA:184,17,0,0
BRF:34
BRH:0
end_of_record
TN:
SF:src\scraper.js
FN:29,(anonymous_0)
FN:106,(anonymous_1)
FN:125,(anonymous_2)
FN:192,(anonymous_3)
FN:214,(anonymous_4)
FN:232,(anonymous_5)
FN:288,(anonymous_6)
FN:321,(anonymous_7)
FN:354,(anonymous_8)
FN:366,(anonymous_9)
FN:390,(anonymous_10)
FN:482,(anonymous_11)
FN:517,(anonymous_12)
FNF:13
FNH:0
FNDA:0,(anonymous_0)
FNDA:0,(anonymous_1)
FNDA:0,(anonymous_2)
FNDA:0,(anonymous_3)
FNDA:0,(anonymous_4)
FNDA:0,(anonymous_5)
FNDA:0,(anonymous_6)
FNDA:0,(anonymous_7)
FNDA:0,(anonymous_8)
FNDA:0,(anonymous_9)
FNDA:0,(anonymous_10)
FNDA:0,(anonymous_11)
FNDA:0,(anonymous_12)
DA:11,0
DA:12,0
DA:13,0
DA:14,0
DA:15,0
DA:16,0
DA:17,0
DA:18,0
DA:19,0
DA:20,0
DA:21,0
DA:22,0
DA:23,0
DA:26,0
DA:30,0
DA:31,0
DA:32,0
DA:33,0
DA:34,0
DA:35,0
DA:36,0
DA:37,0
DA:38,0
DA:41,0
DA:47,0
DA:51,0
DA:55,0
DA:60,0
DA:64,0
DA:68,0
DA:72,0
DA:76,0
DA:81,0
DA:86,0
DA:97,0
DA:108,0
DA:114,0
DA:116,0
DA:117,0
DA:118,0
DA:121,0
DA:124,0
DA:125,0
DA:129,0
DA:132,0
DA:133,0
DA:136,0
DA:137,0
DA:140,0
DA:143,0
DA:146,0
DA:149,0
DA:152,0
DA:153,0
DA:157,0
DA:158,0
DA:161,0
DA:163,0
DA:166,0
DA:167,0
DA:170,0
DA:173,0
DA:174,0
DA:177,0
DA:180,0
DA:183,0
DA:193,0
DA:195,0
DA:196,0
DA:197,0
DA:200,0
DA:202,0
DA:204,0
DA:205,0
DA:215,0
DA:217,0
DA:218,0
DA:219,0
DA:221,0
DA:223,0
DA:233,0
DA:235,0
DA:237,0
DA:238,0
DA:241,0
DA:244,0
DA:250,0
DA:251,0
DA:254,0
DA:255,0
DA:258,0
DA:259,0
DA:263,0
DA:264,0
DA:267,0
DA:269,0
DA:271,0
DA:274,0
DA:275,0
DA:277,0
DA:278,0
DA:279,0
DA:289,0
DA:291,0
DA:294,0
DA:306,0
DA:307,0
DA:309,0
DA:311,0
DA:322,0
DA:323,0
DA:326,0
DA:329,0
DA:332,0
DA:335,0
DA:337,0
DA:340,0
DA:342,0
DA:344,0
DA:345,0
DA:355,0
DA:356,0
DA:357,0
DA:360,0
DA:362,0
DA:363,0
DA:366,0
DA:368,0
DA:371,0
DA:374,0
DA:377,0
DA:379,0
DA:380,0
DA:391,0
DA:393,0
DA:394,0
DA:397,0
DA:400,0
DA:402,0
DA:403,0
DA:407,0
DA:410,0
DA:419,0
DA:422,0
DA:428,0
DA:438,0
DA:441,0
DA:448,0
DA:451,0
DA:453,0
DA:455,0
DA:457,0
DA:460,0
DA:467,0
DA:469,0
DA:483,0
DA:484,0
DA:487,0
DA:490,0
DA:493,0
DA:496,0
DA:497,0
DA:501,0
DA:502,0
DA:505,0
DA:507,0
DA:508,0
DA:519,0
DA:520,0
DA:523,0
DA:540,0
DA:541,0
DA:543,0
DA:544,0
DA:546,0
DA:550,0
LF:176
LH:0
BRDA:29,0,0,0
BRDA:30,1,0,0
BRDA:30,1,1,0
BRDA:31,2,0,0
BRDA:31,2,1,0
BRDA:31,3,0,0
BRDA:31,3,1,0
BRDA:32,4,0,0
BRDA:32,4,1,0
BRDA:33,5,0,0
BRDA:33,5,1,0
BRDA:33,6,0,0
BRDA:33,6,1,0
BRDA:34,7,0,0
BRDA:34,7,1,0
BRDA:34,8,0,0
BRDA:34,8,1,0
BRDA:35,9,0,0
BRDA:35,9,1,0
BRDA:106,10,0,0
BRDA:109,11,0,0
BRDA:109,11,1,0
BRDA:110,12,0,0
BRDA:110,12,1,0
BRDA:124,13,0,0
BRDA:124,13,1,0
BRDA:132,14,0,0
BRDA:132,14,1,0
BRDA:152,15,0,0
BRDA:152,15,1,0
BRDA:173,16,0,0
BRDA:173,16,1,0
BRDA:237,17,0,0
BRDA:237,17,1,0
BRDA:250,18,0,0
BRDA:250,18,1,0
BRDA:254,19,0,0
BRDA:254,19,1,0
BRDA:258,20,0,0
BRDA:258,20,1,0
BRDA:393,21,0,0
BRDA:393,21,1,0
BRDA:402,22,0,0
BRDA:402,22,1,0
BRDA:496,23,0,0
BRDA:496,23,1,0
BRDA:501,24,0,0
BRDA:501,24,1,0
BRDA:534,25,0,0
BRDA:534,25,1,0
BRF:50
BRH:0
end_of_record
TN:
SF:src\urlDiscovery.js
FN:21,(anonymous_0)
FN:44,(anonymous_1)
FN:57,(anonymous_2)
FN:69,(anonymous_3)
FN:86,(anonymous_4)
FN:123,(anonymous_5)
FN:137,(anonymous_6)
FN:139,(anonymous_7)
FN:164,(anonymous_8)
FN:181,(anonymous_9)
FN:199,(anonymous_10)
FN:227,(anonymous_11)
FN:241,(anonymous_12)
FNF:13
FNH:0
FNDA:0,(anonymous_0)
FNDA:0,(anonymous_1)
FNDA:0,(anonymous_2)
FNDA:0,(anonymous_3)
FNDA:0,(anonymous_4)
FNDA:0,(anonymous_5)
FNDA:0,(anonymous_6)
FNDA:0,(anonymous_7)
FNDA:0,(anonymous_8)
FNDA:0,(anonymous_9)
FNDA:0,(anonymous_10)
FNDA:0,(anonymous_11)
FNDA:0,(anonymous_12)
DA:11,0
DA:12,0
DA:13,0
DA:14,0
DA:15,0
DA:18,0
DA:22,0
DA:23,0
DA:24,0
DA:25,0
DA:26,0
DA:27,0
DA:28,0
DA:29,0
DA:32,0
DA:33,0
DA:34,0
DA:37,0
DA:38,0
DA:45,0
DA:48,0
DA:58,0
DA:59,0
DA:70,0
DA:71,0
DA:72,0
DA:74,0
DA:76,0
DA:87,0
DA:88,0
DA:91,0
DA:92,0
DA:93,0
DA:97,0
DA:98,0
DA:101,0
DA:102,0
DA:103,0
DA:108,0
DA:109,0
DA:110,0
DA:112,0
DA:124,0
DA:126,0
DA:127,0
DA:129,0
DA:131,0
DA:134,0
DA:137,0
DA:138,0
DA:139,0
DA:143,0
DA:144,0
DA:145,0
DA:146,0
DA:150,0
DA:152,0
DA:153,0
DA:155,0
DA:165,0
DA:166,0
DA:170,0
DA:171,0
DA:172,0
DA:180,0
DA:181,0
DA:182,0
DA:185,0
DA:187,0
DA:189,0
DA:190,0
DA:194,0
DA:195,0
DA:196,0
DA:199,0
DA:202,0
DA:203,0
DA:204,0
DA:205,0
DA:206,0
DA:217,0
DA:221,0
DA:228,0
DA:229,0
DA:242,0
DA:243,0
DA:244,0
DA:247,0
DA:248,0
DA:249,0
DA:252,0
DA:255,0
DA:260,0
LF:93
LH:0
BRDA:21,0,0,0
BRDA:22,1,0,0
BRDA:22,1,1,0
BRDA:23,2,0,0
BRDA:23,2,1,0
BRDA:24,3,0,0
BRDA:24,3,1,0
BRDA:25,4,0,0
BRDA:25,4,1,0
BRDA:26,5,0,0
BRDA:26,5,1,0
BRDA:27,6,0,0
BRDA:27,6,1,0
BRDA:29,7,0,0
BRDA:29,7,1,0
BRDA:58,8,0,0
BRDA:58,8,1,0
BRDA:92,9,0,0
BRDA:92,9,1,0
BRDA:92,10,0,0
BRDA:92,10,1,0
BRDA:102,11,0,0
BRDA:102,11,1,0
BRDA:144,12,0,0
BRDA:144,12,1,0
BRDA:165,13,0,0
BRDA:165,13,1,0
BRDA:189,14,0,0
BRDA:189,14,1,0
BRDA:202,15,0,0
BRDA:202,15,1,0
BRDA:204,16,0,0
BRDA:204,16,1,0
BRDA:243,17,0,0
BRDA:243,17,1,0
BRF:35
BRH:0
end_of_record
